11-Aug-2018 10:03:09.967 INFO [main] org.apache.catalina.core.ApplicationContext.log 2 Spring WebApplicationInitializers detected on classpath
11-Aug-2018 10:03:16.234 INFO [main] org.apache.catalina.core.ApplicationContext.log Initializing Spring embedded WebApplicationContext
11-Aug-2018 10:05:29.068 INFO [main] org.apache.catalina.core.ApplicationContext.log ContextListener: contextInitialized()
11-Aug-2018 10:05:29.068 INFO [main] org.apache.catalina.core.ApplicationContext.log SessionListener: contextInitialized()
11-Aug-2018 10:05:29.071 INFO [main] org.apache.catalina.core.ApplicationContext.log ContextListener: attributeAdded('StockTicker', 'async.Stockticker@3debeb5e')
11-Aug-2018 10:10:48.821 INFO [main] org.apache.catalina.core.ApplicationContext.log SessionListener: contextDestroyed()
11-Aug-2018 10:10:48.822 INFO [main] org.apache.catalina.core.ApplicationContext.log ContextListener: contextDestroyed()
11-Aug-2018 10:10:56.344 INFO [main] org.apache.catalina.core.ApplicationContext.log 2 Spring WebApplicationInitializers detected on classpath
11-Aug-2018 10:11:01.144 INFO [main] org.apache.catalina.core.ApplicationContext.log Initializing Spring embedded WebApplicationContext
11-Aug-2018 10:13:11.256 INFO [main] org.apache.catalina.core.ApplicationContext.log ContextListener: contextInitialized()
11-Aug-2018 10:13:11.256 INFO [main] org.apache.catalina.core.ApplicationContext.log SessionListener: contextInitialized()
11-Aug-2018 10:13:11.258 INFO [main] org.apache.catalina.core.ApplicationContext.log ContextListener: attributeAdded('StockTicker', 'async.Stockticker@532782f5')
11-Aug-2018 10:18:42.233 INFO [main] org.apache.catalina.core.ApplicationContext.log SessionListener: contextDestroyed()
11-Aug-2018 10:18:42.233 INFO [main] org.apache.catalina.core.ApplicationContext.log ContextListener: contextDestroyed()
11-Aug-2018 10:23:18.478 INFO [main] org.apache.catalina.core.ApplicationContext.log 2 Spring WebApplicationInitializers detected on classpath
11-Aug-2018 10:23:23.263 INFO [main] org.apache.catalina.core.ApplicationContext.log Initializing Spring embedded WebApplicationContext
11-Aug-2018 10:25:34.992 INFO [main] org.apache.catalina.core.ApplicationContext.log ContextListener: contextInitialized()
11-Aug-2018 10:25:34.994 INFO [main] org.apache.catalina.core.ApplicationContext.log SessionListener: contextInitialized()
11-Aug-2018 10:25:34.997 INFO [main] org.apache.catalina.core.ApplicationContext.log ContextListener: attributeAdded('StockTicker', 'async.Stockticker@5e5f5ddf')
11-Aug-2018 15:08:25.135 INFO [main] org.apache.catalina.core.ApplicationContext.log 2 Spring WebApplicationInitializers detected on classpath
11-Aug-2018 15:08:57.306 INFO [main] org.apache.catalina.core.ApplicationContext.log Initializing Spring embedded WebApplicationContext
11-Aug-2018 15:11:34.341 INFO [main] org.apache.catalina.core.ApplicationContext.log ContextListener: contextInitialized()
11-Aug-2018 15:11:34.342 INFO [main] org.apache.catalina.core.ApplicationContext.log SessionListener: contextInitialized()
11-Aug-2018 15:11:34.384 INFO [main] org.apache.catalina.core.ApplicationContext.log ContextListener: attributeAdded('StockTicker', 'async.Stockticker@4f6f7a86')
11-Aug-2018 15:11:36.339 INFO [main] org.apache.catalina.core.ApplicationContext.log SessionListener: contextDestroyed()
11-Aug-2018 15:11:36.339 INFO [main] org.apache.catalina.core.ApplicationContext.log ContextListener: contextDestroyed()
11-Aug-2018 15:18:52.571 INFO [main] org.apache.catalina.core.ApplicationContext.log 2 Spring WebApplicationInitializers detected on classpath
11-Aug-2018 15:19:29.499 INFO [main] org.apache.catalina.core.ApplicationContext.log Initializing Spring embedded WebApplicationContext
11-Aug-2018 15:22:25.810 INFO [main] org.apache.catalina.core.ApplicationContext.log ContextListener: contextInitialized()
11-Aug-2018 15:22:25.811 INFO [main] org.apache.catalina.core.ApplicationContext.log SessionListener: contextInitialized()
11-Aug-2018 15:22:25.812 INFO [main] org.apache.catalina.core.ApplicationContext.log ContextListener: attributeAdded('StockTicker', 'async.Stockticker@295e989')
11-Aug-2018 15:22:32.285 INFO [main] org.apache.catalina.core.ApplicationContext.log SessionListener: contextDestroyed()
11-Aug-2018 15:22:32.285 INFO [main] org.apache.catalina.core.ApplicationContext.log ContextListener: contextDestroyed()
