10-Aug-2018 11:07:00.342 INFO [main] org.apache.catalina.core.ApplicationContext.log 2 Spring WebApplicationInitializers detected on classpath
10-Aug-2018 11:07:07.121 INFO [main] org.apache.catalina.core.ApplicationContext.log Initializing Spring embedded WebApplicationContext
10-Aug-2018 11:09:19.943 INFO [main] org.apache.catalina.core.ApplicationContext.log ContextListener: contextInitialized()
10-Aug-2018 11:09:19.944 INFO [main] org.apache.catalina.core.ApplicationContext.log SessionListener: contextInitialized()
10-Aug-2018 11:09:19.947 INFO [main] org.apache.catalina.core.ApplicationContext.log ContextListener: attributeAdded('StockTicker', 'async.Stockticker@5037f491')
10-Aug-2018 14:29:47.751 INFO [main] org.apache.catalina.core.ApplicationContext.log 2 Spring WebApplicationInitializers detected on classpath
10-Aug-2018 14:29:54.517 INFO [main] org.apache.catalina.core.ApplicationContext.log Initializing Spring embedded WebApplicationContext
10-Aug-2018 14:32:05.524 INFO [main] org.apache.catalina.core.ApplicationContext.log ContextListener: contextInitialized()
10-Aug-2018 14:32:05.525 INFO [main] org.apache.catalina.core.ApplicationContext.log SessionListener: contextInitialized()
10-Aug-2018 14:32:05.529 INFO [main] org.apache.catalina.core.ApplicationContext.log ContextListener: attributeAdded('StockTicker', 'async.Stockticker@ab90b8c')
10-Aug-2018 16:43:05.682 INFO [main] org.apache.catalina.core.ApplicationContext.log SessionListener: contextDestroyed()
10-Aug-2018 16:43:05.682 INFO [main] org.apache.catalina.core.ApplicationContext.log ContextListener: contextDestroyed()
10-Aug-2018 16:43:17.124 INFO [main] org.apache.catalina.core.ApplicationContext.log 2 Spring WebApplicationInitializers detected on classpath
10-Aug-2018 16:43:23.227 INFO [main] org.apache.catalina.core.ApplicationContext.log Initializing Spring embedded WebApplicationContext
10-Aug-2018 16:45:35.865 INFO [main] org.apache.catalina.core.ApplicationContext.log ContextListener: contextInitialized()
10-Aug-2018 16:45:35.868 INFO [main] org.apache.catalina.core.ApplicationContext.log SessionListener: contextInitialized()
10-Aug-2018 16:45:35.870 INFO [main] org.apache.catalina.core.ApplicationContext.log ContextListener: attributeAdded('StockTicker', 'async.Stockticker@7def08fc')
10-Aug-2018 16:48:57.253 INFO [main] org.apache.catalina.core.ApplicationContext.log SessionListener: contextDestroyed()
10-Aug-2018 16:48:57.253 INFO [main] org.apache.catalina.core.ApplicationContext.log ContextListener: contextDestroyed()
10-Aug-2018 16:49:03.963 INFO [main] org.apache.catalina.core.ApplicationContext.log 2 Spring WebApplicationInitializers detected on classpath
10-Aug-2018 16:49:08.554 INFO [main] org.apache.catalina.core.ApplicationContext.log Initializing Spring embedded WebApplicationContext
10-Aug-2018 16:51:19.475 INFO [main] org.apache.catalina.core.ApplicationContext.log ContextListener: contextInitialized()
10-Aug-2018 16:51:19.476 INFO [main] org.apache.catalina.core.ApplicationContext.log SessionListener: contextInitialized()
10-Aug-2018 16:51:19.479 INFO [main] org.apache.catalina.core.ApplicationContext.log ContextListener: attributeAdded('StockTicker', 'async.Stockticker@14501070')
10-Aug-2018 18:01:46.884 INFO [Thread-8] org.apache.catalina.core.ApplicationContext.log SessionListener: contextDestroyed()
10-Aug-2018 18:10:01.440 INFO [main] org.apache.catalina.core.ApplicationContext.log 2 Spring WebApplicationInitializers detected on classpath
10-Aug-2018 18:10:14.229 INFO [main] org.apache.catalina.core.ApplicationContext.log Initializing Spring embedded WebApplicationContext
10-Aug-2018 18:12:26.627 INFO [main] org.apache.catalina.core.ApplicationContext.log ContextListener: contextInitialized()
10-Aug-2018 18:12:26.627 INFO [main] org.apache.catalina.core.ApplicationContext.log SessionListener: contextInitialized()
10-Aug-2018 18:12:26.633 INFO [main] org.apache.catalina.core.ApplicationContext.log ContextListener: attributeAdded('StockTicker', 'async.Stockticker@3debeb5e')
10-Aug-2018 18:14:40.202 INFO [main] org.apache.catalina.core.ApplicationContext.log SessionListener: contextDestroyed()
10-Aug-2018 18:14:40.202 INFO [main] org.apache.catalina.core.ApplicationContext.log ContextListener: contextDestroyed()
10-Aug-2018 18:14:47.031 INFO [main] org.apache.catalina.core.ApplicationContext.log 2 Spring WebApplicationInitializers detected on classpath
10-Aug-2018 18:14:51.864 INFO [main] org.apache.catalina.core.ApplicationContext.log Initializing Spring embedded WebApplicationContext
10-Aug-2018 18:17:02.071 INFO [main] org.apache.catalina.core.ApplicationContext.log ContextListener: contextInitialized()
10-Aug-2018 18:17:02.072 INFO [main] org.apache.catalina.core.ApplicationContext.log SessionListener: contextInitialized()
10-Aug-2018 18:17:02.074 INFO [main] org.apache.catalina.core.ApplicationContext.log ContextListener: attributeAdded('StockTicker', 'async.Stockticker@3fc92211')
10-Aug-2018 18:24:10.745 INFO [Thread-8] org.apache.catalina.core.ApplicationContext.log SessionListener: contextDestroyed()
10-Aug-2018 18:24:10.746 INFO [Thread-8] org.apache.catalina.core.ApplicationContext.log ContextListener: contextDestroyed()
