13-Aug-2018 15:52:01.891 INFO [main] org.apache.catalina.core.ApplicationContext.log 2 Spring WebApplicationInitializers detected on classpath
13-Aug-2018 15:52:07.198 INFO [main] org.apache.catalina.core.ApplicationContext.log Initializing Spring embedded WebApplicationContext
13-Aug-2018 15:54:19.004 INFO [main] org.apache.catalina.core.ApplicationContext.log ContextListener: contextInitialized()
13-Aug-2018 15:54:19.005 INFO [main] org.apache.catalina.core.ApplicationContext.log SessionListener: contextInitialized()
13-Aug-2018 15:54:19.007 INFO [main] org.apache.catalina.core.ApplicationContext.log ContextListener: attributeAdded('StockTicker', 'async.Stockticker@4a2c69a6')
13-Aug-2018 15:58:22.411 INFO [main] org.apache.catalina.core.ApplicationContext.log SessionListener: contextDestroyed()
13-Aug-2018 15:58:22.412 INFO [main] org.apache.catalina.core.ApplicationContext.log ContextListener: contextDestroyed()
13-Aug-2018 16:28:48.983 INFO [main] org.apache.catalina.core.ApplicationContext.log 2 Spring WebApplicationInitializers detected on classpath
13-Aug-2018 16:28:54.117 INFO [main] org.apache.catalina.core.ApplicationContext.log Initializing Spring embedded WebApplicationContext
13-Aug-2018 16:31:05.003 INFO [main] org.apache.catalina.core.ApplicationContext.log ContextListener: contextInitialized()
13-Aug-2018 16:31:05.004 INFO [main] org.apache.catalina.core.ApplicationContext.log SessionListener: contextInitialized()
13-Aug-2018 16:31:05.005 INFO [main] org.apache.catalina.core.ApplicationContext.log ContextListener: attributeAdded('StockTicker', 'async.Stockticker@36c8e1c6')
13-Aug-2018 16:31:54.726 INFO [main] org.apache.catalina.core.ApplicationContext.log SessionListener: contextDestroyed()
13-Aug-2018 16:31:54.726 INFO [main] org.apache.catalina.core.ApplicationContext.log ContextListener: contextDestroyed()
13-Aug-2018 16:53:05.282 INFO [main] org.apache.catalina.core.ApplicationContext.log 2 Spring WebApplicationInitializers detected on classpath
13-Aug-2018 16:53:09.919 INFO [main] org.apache.catalina.core.ApplicationContext.log Initializing Spring embedded WebApplicationContext
13-Aug-2018 16:55:19.968 INFO [main] org.apache.catalina.core.ApplicationContext.log ContextListener: contextInitialized()
13-Aug-2018 16:55:19.969 INFO [main] org.apache.catalina.core.ApplicationContext.log SessionListener: contextInitialized()
13-Aug-2018 16:55:19.971 INFO [main] org.apache.catalina.core.ApplicationContext.log ContextListener: attributeAdded('StockTicker', 'async.Stockticker@7d440378')
13-Aug-2018 17:05:30.129 INFO [main] org.apache.catalina.core.ApplicationContext.log SessionListener: contextDestroyed()
13-Aug-2018 17:05:30.129 INFO [main] org.apache.catalina.core.ApplicationContext.log ContextListener: contextDestroyed()
13-Aug-2018 17:05:40.087 INFO [main] org.apache.catalina.core.ApplicationContext.log 2 Spring WebApplicationInitializers detected on classpath
13-Aug-2018 17:05:44.919 INFO [main] org.apache.catalina.core.ApplicationContext.log Initializing Spring embedded WebApplicationContext
13-Aug-2018 17:07:54.238 INFO [main] org.apache.catalina.core.ApplicationContext.log ContextListener: contextInitialized()
13-Aug-2018 17:07:54.239 INFO [main] org.apache.catalina.core.ApplicationContext.log SessionListener: contextInitialized()
13-Aug-2018 17:07:54.241 INFO [main] org.apache.catalina.core.ApplicationContext.log ContextListener: attributeAdded('StockTicker', 'async.Stockticker@56f8ab05')
13-Aug-2018 17:14:57.939 INFO [main] org.apache.catalina.core.ApplicationContext.log SessionListener: contextDestroyed()
13-Aug-2018 17:14:57.939 INFO [main] org.apache.catalina.core.ApplicationContext.log ContextListener: contextDestroyed()
13-Aug-2018 17:15:04.907 INFO [main] org.apache.catalina.core.ApplicationContext.log 2 Spring WebApplicationInitializers detected on classpath
13-Aug-2018 17:15:09.065 INFO [main] org.apache.catalina.core.ApplicationContext.log Initializing Spring embedded WebApplicationContext
13-Aug-2018 17:17:17.323 INFO [main] org.apache.catalina.core.ApplicationContext.log ContextListener: contextInitialized()
13-Aug-2018 17:17:17.324 INFO [main] org.apache.catalina.core.ApplicationContext.log SessionListener: contextInitialized()
13-Aug-2018 17:17:17.326 INFO [main] org.apache.catalina.core.ApplicationContext.log ContextListener: attributeAdded('StockTicker', 'async.Stockticker@3c84c32f')
13-Aug-2018 17:38:51.930 INFO [main] org.apache.catalina.core.ApplicationContext.log SessionListener: contextDestroyed()
13-Aug-2018 17:38:51.930 INFO [main] org.apache.catalina.core.ApplicationContext.log ContextListener: contextDestroyed()
13-Aug-2018 17:39:48.539 INFO [main] org.apache.catalina.core.ApplicationContext.log 2 Spring WebApplicationInitializers detected on classpath
13-Aug-2018 17:39:53.545 INFO [main] org.apache.catalina.core.ApplicationContext.log Initializing Spring embedded WebApplicationContext
13-Aug-2018 17:42:04.440 INFO [main] org.apache.catalina.core.ApplicationContext.log ContextListener: contextInitialized()
13-Aug-2018 17:42:04.441 INFO [main] org.apache.catalina.core.ApplicationContext.log SessionListener: contextInitialized()
13-Aug-2018 17:42:04.443 INFO [main] org.apache.catalina.core.ApplicationContext.log ContextListener: attributeAdded('StockTicker', 'async.Stockticker@7d440378')
13-Aug-2018 18:15:24.196 INFO [Thread-8] org.apache.catalina.core.ApplicationContext.log SessionListener: contextDestroyed()
13-Aug-2018 18:15:24.197 INFO [Thread-8] org.apache.catalina.core.ApplicationContext.log ContextListener: contextDestroyed()
