This file contains any messages produced by compilers while
running configure, to aid debugging if configure makes a mistake.

It was created by expat configure 1.95.7, which was
generated by GNU Autoconf 2.69.  Invocation command line was

  $ /home/sekharvaana/Desktop/TomacatLoadbalance/httpd-2.2.34/srclib/apr-util/xml/expat/configure --disable-option-checking --disable-option-checking --enable-rewrite=shared --enable-proxy=shared --cache-file=/dev/null --srcdir=/home/sekharvaana/Desktop/TomacatLoadbalance/httpd-2.2.34/srclib/apr-util --with-apr=../apr --prefix=/usr/local/apache --exec-prefix=/usr/local/apache --libdir=${prefix}/lib --includedir=/usr/local/apache/include --bindir=${prefix}/bin --cache-file=/dev/null --srcdir=/home/sekharvaana/Desktop/TomacatLoadbalance/httpd-2.2.34/srclib/apr-util/xml/expat --prefix=/usr/local/apache --exec-prefix=/usr/local/apache --libdir=/usr/local/apache/lib --includedir=/usr/local/apache/include --bindir=/usr/local/apache/bin

## --------- ##
## Platform. ##
## --------- ##

hostname = administrator-Aspire-E5-571
uname -m = x86_64
uname -r = 3.19.0-80-generic
uname -s = Linux
uname -v = #88~14.04.1-Ubuntu SMP Fri Jan 13 14:54:07 UTC 2017

/usr/bin/uname -p = unknown
/bin/uname -X     = unknown

/bin/arch              = unknown
/usr/bin/arch -k       = unknown
/usr/convex/getsysinfo = unknown
/usr/bin/hostinfo      = unknown
/bin/machine           = unknown
/usr/bin/oslevel       = unknown
/bin/universe          = unknown

PATH: /usr/local/sbin
PATH: /usr/local/bin
PATH: /usr/sbin
PATH: /usr/bin
PATH: /sbin
PATH: /bin
PATH: /home/software/maven/bin
PATH: /home/sekharvaana/.rvm/bin
PATH: /home/sekharvaana/.rvm/bin
PATH: /home/sekharvaana/.rvm/bin


## ----------- ##
## Core tests. ##
## ----------- ##

configure:3914: checking build system type
configure:3928: result: x86_64-unknown-linux-gnu
configure:3948: checking host system type
configure:3961: result: x86_64-unknown-linux-gnu
configure:3981: checking target system type
configure:3994: result: x86_64-unknown-linux-gnu
configure:4378: checking how to print strings
configure:4405: result: printf
configure:4474: checking for gcc
configure:4490: found /usr/bin/gcc
configure:4501: result: gcc
configure:4730: checking for C compiler version
configure:4739: gcc --version >&5
gcc (Ubuntu 4.8.5-2ubuntu1~14.04.1) 4.8.5
Copyright (C) 2015 Free Software Foundation, Inc.
This is free software; see the source for copying conditions.  There is NO
warranty; not even for MERCHANTABILITY or FITNESS FOR A PARTICULAR PURPOSE.

configure:4750: $? = 0
configure:4739: gcc -v >&5
Using built-in specs.
COLLECT_GCC=gcc
COLLECT_LTO_WRAPPER=/usr/lib/gcc/x86_64-linux-gnu/4.8/lto-wrapper
Target: x86_64-linux-gnu
Configured with: ../src/configure -v --with-pkgversion='Ubuntu 4.8.5-2ubuntu1~14.04.1' --with-bugurl=file:///usr/share/doc/gcc-4.8/README.Bugs --enable-languages=c,c++,java,go,d,fortran,objc,obj-c++ --prefix=/usr --program-suffix=-4.8 --enable-shared --enable-linker-build-id --libexecdir=/usr/lib --without-included-gettext --enable-threads=posix --with-gxx-include-dir=/usr/include/c++/4.8 --libdir=/usr/lib --enable-nls --with-sysroot=/ --enable-clocale=gnu --enable-libstdcxx-debug --enable-libstdcxx-time=yes --enable-gnu-unique-object --disable-libmudflap --enable-plugin --with-system-zlib --disable-browser-plugin --enable-java-awt=gtk --enable-gtk-cairo --with-java-home=/usr/lib/jvm/java-1.5.0-gcj-4.8-amd64/jre --enable-java-home --with-jvm-root-dir=/usr/lib/jvm/java-1.5.0-gcj-4.8-amd64 --with-jvm-jar-dir=/usr/lib/jvm-exports/java-1.5.0-gcj-4.8-amd64 --with-arch-directory=amd64 --with-ecj-jar=/usr/share/java/eclipse-ecj.jar --enable-objc-gc --enable-multiarch --disable-werror --with-arch-32=i686 --with-abi=m64 --with-multilib-list=m32,m64,mx32 --with-tune=generic --enable-checking=release --build=x86_64-linux-gnu --host=x86_64-linux-gnu --target=x86_64-linux-gnu
Thread model: posix
gcc version 4.8.5 (Ubuntu 4.8.5-2ubuntu1~14.04.1) 
configure:4750: $? = 0
configure:4739: gcc -V >&5
gcc: error: unrecognized command line option '-V'
gcc: fatal error: no input files
compilation terminated.
configure:4750: $? = 4
configure:4739: gcc -qversion >&5
gcc: error: unrecognized command line option '-qversion'
gcc: fatal error: no input files
compilation terminated.
configure:4750: $? = 4
configure:4770: checking whether the C compiler works
configure:4792: gcc    conftest.c  >&5
configure:4796: $? = 0
configure:4844: result: yes
configure:4847: checking for C compiler default output file name
configure:4849: result: a.out
configure:4855: checking for suffix of executables
configure:4862: gcc -o conftest    conftest.c  >&5
configure:4866: $? = 0
configure:4888: result: 
configure:4910: checking whether we are cross compiling
configure:4918: gcc -o conftest    conftest.c  >&5
configure:4922: $? = 0
configure:4929: ./conftest
configure:4933: $? = 0
configure:4948: result: no
configure:4953: checking for suffix of object files
configure:4975: gcc -c   conftest.c >&5
configure:4979: $? = 0
configure:5000: result: o
configure:5004: checking whether we are using the GNU C compiler
configure:5023: gcc -c   conftest.c >&5
configure:5023: $? = 0
configure:5032: result: yes
configure:5041: checking whether gcc accepts -g
configure:5061: gcc -c -g  conftest.c >&5
configure:5061: $? = 0
configure:5102: result: yes
configure:5119: checking for gcc option to accept ISO C89
configure:5182: gcc  -c -g -O2  conftest.c >&5
configure:5182: $? = 0
configure:5195: result: none needed
configure:5215: checking for a sed that does not truncate output
configure:5279: result: /bin/sed
configure:5297: checking for grep that handles long lines and -e
configure:5355: result: /bin/grep
configure:5360: checking for egrep
configure:5422: result: /bin/grep -E
configure:5427: checking for fgrep
configure:5489: result: /bin/grep -F
configure:5524: checking for ld used by gcc
configure:5591: result: /usr/bin/ld
configure:5598: checking if the linker (/usr/bin/ld) is GNU ld
configure:5613: result: yes
configure:5625: checking for BSD- or MS-compatible name lister (nm)
configure:5679: result: /usr/bin/nm -B
configure:5809: checking the name lister (/usr/bin/nm -B) interface
configure:5816: gcc -c -g -O2  conftest.c >&5
configure:5819: /usr/bin/nm -B "conftest.o"
configure:5822: output
0000000000000000 B some_variable
configure:5829: result: BSD nm
configure:5832: checking whether ln -s works
configure:5836: result: yes
configure:5844: checking the maximum length of command line arguments
configure:5975: result: 1572864
configure:6023: checking how to convert x86_64-unknown-linux-gnu file names to x86_64-unknown-linux-gnu format
configure:6063: result: func_convert_file_noop
configure:6070: checking how to convert x86_64-unknown-linux-gnu file names to toolchain format
configure:6090: result: func_convert_file_noop
configure:6097: checking for /usr/bin/ld option to reload object files
configure:6104: result: -r
configure:6178: checking for objdump
configure:6205: result: objdump
configure:6234: checking how to recognize dependent libraries
configure:6434: result: pass_all
configure:6519: checking for dlltool
configure:6546: result: dlltool
configure:6576: checking how to associate runtime and link libraries
configure:6603: result: printf %s\n
configure:6664: checking for ar
configure:6680: found /usr/bin/ar
configure:6691: result: ar
configure:6728: checking for archiver @FILE support
configure:6745: gcc -c -g -O2  conftest.c >&5
configure:6745: $? = 0
configure:6748: ar cru libconftest.a @conftest.lst >&5
configure:6751: $? = 0
configure:6756: ar cru libconftest.a @conftest.lst >&5
ar: conftest.o: No such file or directory
configure:6759: $? = 1
configure:6771: result: @
configure:6829: checking for strip
configure:6845: found /usr/bin/strip
configure:6856: result: strip
configure:6928: checking for ranlib
configure:6944: found /usr/bin/ranlib
configure:6955: result: ranlib
configure:7032: checking for gawk
configure:7062: result: no
configure:7032: checking for mawk
configure:7048: found /usr/bin/mawk
configure:7059: result: mawk
configure:7099: checking command to parse /usr/bin/nm -B output from gcc object
configure:7252: gcc -c -g -O2  conftest.c >&5
configure:7255: $? = 0
configure:7259: /usr/bin/nm -B conftest.o \| sed -n -e 's/^.*[ ]\([ABCDGIRSTW][ABCDGIRSTW]*\)[ ][ ]*\([_A-Za-z][_A-Za-z0-9]*\)$/\1 \2 \2/p' | sed '/ __gnu_lto/d' \> conftest.nm
configure:7262: $? = 0
configure:7328: gcc -o conftest -g -O2   conftest.c conftstm.o >&5
configure:7331: $? = 0
configure:7369: result: ok
configure:7416: checking for sysroot
configure:7446: result: no
configure:7453: checking for a working dd
configure:7491: result: /bin/dd
configure:7495: checking how to truncate binary pipes
configure:7510: result: /bin/dd bs=4096 count=1
configure:7646: gcc -c -g -O2  conftest.c >&5
configure:7649: $? = 0
configure:7839: checking for mt
configure:7855: found /bin/mt
configure:7866: result: mt
configure:7889: checking if mt is a manifest tool
configure:7895: mt '-?'
configure:7903: result: no
configure:8580: checking how to run the C preprocessor
configure:8611: gcc -E  conftest.c
configure:8611: $? = 0
configure:8625: gcc -E  conftest.c
conftest.c:9:28: fatal error: ac_nonexistent.h: No such file or directory
 #include <ac_nonexistent.h>
                            ^
compilation terminated.
configure:8625: $? = 1
configure: failed program was:
| /* confdefs.h */
| #define PACKAGE_NAME "expat"
| #define PACKAGE_TARNAME "expat"
| #define PACKAGE_VERSION "1.95.7"
| #define PACKAGE_STRING "expat 1.95.7"
| #define PACKAGE_BUGREPORT "expat-bugs@mail.libexpat.org"
| #define PACKAGE_URL ""
| /* end confdefs.h.  */
| #include <ac_nonexistent.h>
configure:8650: result: gcc -E
configure:8670: gcc -E  conftest.c
configure:8670: $? = 0
configure:8684: gcc -E  conftest.c
conftest.c:9:28: fatal error: ac_nonexistent.h: No such file or directory
 #include <ac_nonexistent.h>
                            ^
compilation terminated.
configure:8684: $? = 1
configure: failed program was:
| /* confdefs.h */
| #define PACKAGE_NAME "expat"
| #define PACKAGE_TARNAME "expat"
| #define PACKAGE_VERSION "1.95.7"
| #define PACKAGE_STRING "expat 1.95.7"
| #define PACKAGE_BUGREPORT "expat-bugs@mail.libexpat.org"
| #define PACKAGE_URL ""
| /* end confdefs.h.  */
| #include <ac_nonexistent.h>
configure:8713: checking for ANSI C header files
configure:8733: gcc -c -g -O2  conftest.c >&5
configure:8733: $? = 0
configure:8806: gcc -o conftest -g -O2   conftest.c  >&5
configure:8806: $? = 0
configure:8806: ./conftest
configure:8806: $? = 0
configure:8817: result: yes
configure:8830: checking for sys/types.h
configure:8830: gcc -c -g -O2  conftest.c >&5
configure:8830: $? = 0
configure:8830: result: yes
configure:8830: checking for sys/stat.h
configure:8830: gcc -c -g -O2  conftest.c >&5
configure:8830: $? = 0
configure:8830: result: yes
configure:8830: checking for stdlib.h
configure:8830: gcc -c -g -O2  conftest.c >&5
configure:8830: $? = 0
configure:8830: result: yes
configure:8830: checking for string.h
configure:8830: gcc -c -g -O2  conftest.c >&5
configure:8830: $? = 0
configure:8830: result: yes
configure:8830: checking for memory.h
configure:8830: gcc -c -g -O2  conftest.c >&5
configure:8830: $? = 0
configure:8830: result: yes
configure:8830: checking for strings.h
configure:8830: gcc -c -g -O2  conftest.c >&5
configure:8830: $? = 0
configure:8830: result: yes
configure:8830: checking for inttypes.h
configure:8830: gcc -c -g -O2  conftest.c >&5
configure:8830: $? = 0
configure:8830: result: yes
configure:8830: checking for stdint.h
configure:8830: gcc -c -g -O2  conftest.c >&5
configure:8830: $? = 0
configure:8830: result: yes
configure:8830: checking for unistd.h
configure:8830: gcc -c -g -O2  conftest.c >&5
configure:8830: $? = 0
configure:8830: result: yes
configure:8844: checking for dlfcn.h
configure:8844: gcc -c -g -O2  conftest.c >&5
configure:8844: $? = 0
configure:8844: result: yes
configure:9098: checking for objdir
configure:9113: result: .libs
configure:9377: checking if gcc supports -fno-rtti -fno-exceptions
configure:9395: gcc -c -g -O2  -fno-rtti -fno-exceptions conftest.c >&5
cc1: warning: command line option '-fno-rtti' is valid for C++/ObjC++ but not for C [enabled by default]
configure:9399: $? = 0
configure:9412: result: no
configure:9770: checking for gcc option to produce PIC
configure:9777: result: -fPIC -DPIC
configure:9785: checking if gcc PIC flag -fPIC -DPIC works
configure:9803: gcc -c -g -O2  -fPIC -DPIC -DPIC conftest.c >&5
configure:9807: $? = 0
configure:9820: result: yes
configure:9849: checking if gcc static flag -static works
configure:9877: result: yes
configure:9892: checking if gcc supports -c -o file.o
configure:9913: gcc -c -g -O2  -o out/conftest2.o conftest.c >&5
configure:9917: $? = 0
configure:9939: result: yes
configure:9947: checking if gcc supports -c -o file.o
configure:9994: result: yes
configure:10027: checking whether the gcc linker (/usr/bin/ld -m elf_x86_64) supports shared libraries
configure:11286: result: yes
configure:11323: checking whether -lc should be explicitly linked in
configure:11331: gcc -c -g -O2  conftest.c >&5
configure:11334: $? = 0
configure:11349: gcc -shared  -fPIC -DPIC conftest.o  -v -Wl,-soname -Wl,conftest -o conftest 2\>\&1 \| /bin/grep  -lc  \>/dev/null 2\>\&1
configure:11352: $? = 0
configure:11366: result: no
configure:11526: checking dynamic linker characteristics
configure:12107: gcc -o conftest -g -O2   -Wl,-rpath -Wl,/foo conftest.c  >&5
configure:12107: $? = 0
configure:12347: result: GNU/Linux ld.so
configure:12469: checking how to hardcode library paths into programs
configure:12494: result: immediate
configure:13042: checking whether stripping libraries is possible
configure:13047: result: yes
configure:13082: checking if libtool supports shared libraries
configure:13084: result: yes
configure:13087: checking whether to build shared libraries
configure:13112: result: yes
configure:13115: checking whether to build static libraries
configure:13119: result: yes
configure:13211: checking for gcc
configure:13238: result: gcc
configure:13467: checking for C compiler version
configure:13476: gcc --version >&5
gcc (Ubuntu 4.8.5-2ubuntu1~14.04.1) 4.8.5
Copyright (C) 2015 Free Software Foundation, Inc.
This is free software; see the source for copying conditions.  There is NO
warranty; not even for MERCHANTABILITY or FITNESS FOR A PARTICULAR PURPOSE.

configure:13487: $? = 0
configure:13476: gcc -v >&5
Using built-in specs.
COLLECT_GCC=gcc
COLLECT_LTO_WRAPPER=/usr/lib/gcc/x86_64-linux-gnu/4.8/lto-wrapper
Target: x86_64-linux-gnu
Configured with: ../src/configure -v --with-pkgversion='Ubuntu 4.8.5-2ubuntu1~14.04.1' --with-bugurl=file:///usr/share/doc/gcc-4.8/README.Bugs --enable-languages=c,c++,java,go,d,fortran,objc,obj-c++ --prefix=/usr --program-suffix=-4.8 --enable-shared --enable-linker-build-id --libexecdir=/usr/lib --without-included-gettext --enable-threads=posix --with-gxx-include-dir=/usr/include/c++/4.8 --libdir=/usr/lib --enable-nls --with-sysroot=/ --enable-clocale=gnu --enable-libstdcxx-debug --enable-libstdcxx-time=yes --enable-gnu-unique-object --disable-libmudflap --enable-plugin --with-system-zlib --disable-browser-plugin --enable-java-awt=gtk --enable-gtk-cairo --with-java-home=/usr/lib/jvm/java-1.5.0-gcj-4.8-amd64/jre --enable-java-home --with-jvm-root-dir=/usr/lib/jvm/java-1.5.0-gcj-4.8-amd64 --with-jvm-jar-dir=/usr/lib/jvm-exports/java-1.5.0-gcj-4.8-amd64 --with-arch-directory=amd64 --with-ecj-jar=/usr/share/java/eclipse-ecj.jar --enable-objc-gc --enable-multiarch --disable-werror --with-arch-32=i686 --with-abi=m64 --with-multilib-list=m32,m64,mx32 --with-tune=generic --enable-checking=release --build=x86_64-linux-gnu --host=x86_64-linux-gnu --target=x86_64-linux-gnu
Thread model: posix
gcc version 4.8.5 (Ubuntu 4.8.5-2ubuntu1~14.04.1) 
configure:13487: $? = 0
configure:13476: gcc -V >&5
gcc: error: unrecognized command line option '-V'
gcc: fatal error: no input files
compilation terminated.
configure:13487: $? = 4
configure:13476: gcc -qversion >&5
gcc: error: unrecognized command line option '-qversion'
gcc: fatal error: no input files
compilation terminated.
configure:13487: $? = 4
configure:13491: checking whether we are using the GNU C compiler
configure:13519: result: yes
configure:13528: checking whether gcc accepts -g
configure:13589: result: yes
configure:13606: checking for gcc option to accept ISO C89
configure:13682: result: none needed
configure:13716: checking for a BSD-compatible install
configure:13784: result: /usr/bin/install -c
configure:13796: checking for ANSI C header files
configure:13900: result: yes
configure:13910: checking whether byte ordering is bigendian
configure:13925: gcc -c -g -O2  conftest.c >&5
conftest.c:23:9: error: unknown type name 'not'
         not a universal capable compiler
         ^
conftest.c:23:15: error: expected '=', ',', ';', 'asm' or '__attribute__' before 'universal'
         not a universal capable compiler
               ^
conftest.c:23:15: error: unknown type name 'universal'
configure:13925: $? = 1
configure: failed program was:
| /* confdefs.h */
| #define PACKAGE_NAME "expat"
| #define PACKAGE_TARNAME "expat"
| #define PACKAGE_VERSION "1.95.7"
| #define PACKAGE_STRING "expat 1.95.7"
| #define PACKAGE_BUGREPORT "expat-bugs@mail.libexpat.org"
| #define PACKAGE_URL ""
| #define STDC_HEADERS 1
| #define HAVE_SYS_TYPES_H 1
| #define HAVE_SYS_STAT_H 1
| #define HAVE_STDLIB_H 1
| #define HAVE_STRING_H 1
| #define HAVE_MEMORY_H 1
| #define HAVE_STRINGS_H 1
| #define HAVE_INTTYPES_H 1
| #define HAVE_STDINT_H 1
| #define HAVE_UNISTD_H 1
| #define HAVE_DLFCN_H 1
| #define LT_OBJDIR ".libs/"
| #define STDC_HEADERS 1
| /* end confdefs.h.  */
| #ifndef __APPLE_CC__
| 	       not a universal capable compiler
| 	     #endif
| 	     typedef int dummy;
| 
configure:13970: gcc -c -g -O2  conftest.c >&5
configure:13970: $? = 0
configure:13988: gcc -c -g -O2  conftest.c >&5
conftest.c: In function 'main':
conftest.c:29:4: error: unknown type name 'not'
    not big endian
    ^
conftest.c:29:12: error: expected '=', ',', ';', 'asm' or '__attribute__' before 'endian'
    not big endian
            ^
configure:13988: $? = 1
configure: failed program was:
| /* confdefs.h */
| #define PACKAGE_NAME "expat"
| #define PACKAGE_TARNAME "expat"
| #define PACKAGE_VERSION "1.95.7"
| #define PACKAGE_STRING "expat 1.95.7"
| #define PACKAGE_BUGREPORT "expat-bugs@mail.libexpat.org"
| #define PACKAGE_URL ""
| #define STDC_HEADERS 1
| #define HAVE_SYS_TYPES_H 1
| #define HAVE_SYS_STAT_H 1
| #define HAVE_STDLIB_H 1
| #define HAVE_STRING_H 1
| #define HAVE_MEMORY_H 1
| #define HAVE_STRINGS_H 1
| #define HAVE_INTTYPES_H 1
| #define HAVE_STDINT_H 1
| #define HAVE_UNISTD_H 1
| #define HAVE_DLFCN_H 1
| #define LT_OBJDIR ".libs/"
| #define STDC_HEADERS 1
| /* end confdefs.h.  */
| #include <sys/types.h>
| 		#include <sys/param.h>
| 
| int
| main ()
| {
| #if BYTE_ORDER != BIG_ENDIAN
| 		 not big endian
| 		#endif
| 
|   ;
|   return 0;
| }
configure:14116: result: no
configure:14139: checking for an ANSI C-conforming const
configure:14205: gcc -c -g -O2  conftest.c >&5
configure:14205: $? = 0
configure:14212: result: yes
configure:14220: checking for size_t
configure:14220: gcc -c -g -O2  conftest.c >&5
configure:14220: $? = 0
configure:14220: gcc -c -g -O2  conftest.c >&5
conftest.c: In function 'main':
conftest.c:58:21: error: expected expression before ')' token
 if (sizeof ((size_t)))
                     ^
configure:14220: $? = 1
configure: failed program was:
| /* confdefs.h */
| #define PACKAGE_NAME "expat"
| #define PACKAGE_TARNAME "expat"
| #define PACKAGE_VERSION "1.95.7"
| #define PACKAGE_STRING "expat 1.95.7"
| #define PACKAGE_BUGREPORT "expat-bugs@mail.libexpat.org"
| #define PACKAGE_URL ""
| #define STDC_HEADERS 1
| #define HAVE_SYS_TYPES_H 1
| #define HAVE_SYS_STAT_H 1
| #define HAVE_STDLIB_H 1
| #define HAVE_STRING_H 1
| #define HAVE_MEMORY_H 1
| #define HAVE_STRINGS_H 1
| #define HAVE_INTTYPES_H 1
| #define HAVE_STDINT_H 1
| #define HAVE_UNISTD_H 1
| #define HAVE_DLFCN_H 1
| #define LT_OBJDIR ".libs/"
| #define STDC_HEADERS 1
| /* end confdefs.h.  */
| #include <stdio.h>
| #ifdef HAVE_SYS_TYPES_H
| # include <sys/types.h>
| #endif
| #ifdef HAVE_SYS_STAT_H
| # include <sys/stat.h>
| #endif
| #ifdef STDC_HEADERS
| # include <stdlib.h>
| # include <stddef.h>
| #else
| # ifdef HAVE_STDLIB_H
| #  include <stdlib.h>
| # endif
| #endif
| #ifdef HAVE_STRING_H
| # if !defined STDC_HEADERS && defined HAVE_MEMORY_H
| #  include <memory.h>
| # endif
| # include <string.h>
| #endif
| #ifdef HAVE_STRINGS_H
| # include <strings.h>
| #endif
| #ifdef HAVE_INTTYPES_H
| # include <inttypes.h>
| #endif
| #ifdef HAVE_STDINT_H
| # include <stdint.h>
| #endif
| #ifdef HAVE_UNISTD_H
| # include <unistd.h>
| #endif
| int
| main ()
| {
| if (sizeof ((size_t)))
| 	    return 0;
|   ;
|   return 0;
| }
configure:14220: result: yes
configure:14234: checking for memmove
configure:14234: gcc -o conftest -g -O2   conftest.c  >&5
conftest.c:45:6: warning: conflicting types for built-in function 'memmove' [enabled by default]
 char memmove ();
      ^
configure:14234: $? = 0
configure:14234: result: yes
configure:14234: checking for bcopy
configure:14234: gcc -o conftest -g -O2   conftest.c  >&5
conftest.c:46:6: warning: conflicting types for built-in function 'bcopy' [enabled by default]
 char bcopy ();
      ^
configure:14234: $? = 0
configure:14234: result: yes
configure:14246: checking check.h usability
configure:14246: gcc -c -g -O2  conftest.c >&5
conftest.c:57:19: fatal error: check.h: No such file or directory
 #include <check.h>
                   ^
compilation terminated.
configure:14246: $? = 1
configure: failed program was:
| /* confdefs.h */
| #define PACKAGE_NAME "expat"
| #define PACKAGE_TARNAME "expat"
| #define PACKAGE_VERSION "1.95.7"
| #define PACKAGE_STRING "expat 1.95.7"
| #define PACKAGE_BUGREPORT "expat-bugs@mail.libexpat.org"
| #define PACKAGE_URL ""
| #define STDC_HEADERS 1
| #define HAVE_SYS_TYPES_H 1
| #define HAVE_SYS_STAT_H 1
| #define HAVE_STDLIB_H 1
| #define HAVE_STRING_H 1
| #define HAVE_MEMORY_H 1
| #define HAVE_STRINGS_H 1
| #define HAVE_INTTYPES_H 1
| #define HAVE_STDINT_H 1
| #define HAVE_UNISTD_H 1
| #define HAVE_DLFCN_H 1
| #define LT_OBJDIR ".libs/"
| #define STDC_HEADERS 1
| #define HAVE_MEMMOVE 1
| #define HAVE_BCOPY 1
| /* end confdefs.h.  */
| #include <stdio.h>
| #ifdef HAVE_SYS_TYPES_H
| # include <sys/types.h>
| #endif
| #ifdef HAVE_SYS_STAT_H
| # include <sys/stat.h>
| #endif
| #ifdef STDC_HEADERS
| # include <stdlib.h>
| # include <stddef.h>
| #else
| # ifdef HAVE_STDLIB_H
| #  include <stdlib.h>
| # endif
| #endif
| #ifdef HAVE_STRING_H
| # if !defined STDC_HEADERS && defined HAVE_MEMORY_H
| #  include <memory.h>
| # endif
| # include <string.h>
| #endif
| #ifdef HAVE_STRINGS_H
| # include <strings.h>
| #endif
| #ifdef HAVE_INTTYPES_H
| # include <inttypes.h>
| #endif
| #ifdef HAVE_STDINT_H
| # include <stdint.h>
| #endif
| #ifdef HAVE_UNISTD_H
| # include <unistd.h>
| #endif
| #include <check.h>
configure:14246: result: no
configure:14246: checking check.h presence
configure:14246: gcc -E  conftest.c
conftest.c:24:19: fatal error: check.h: No such file or directory
 #include <check.h>
                   ^
compilation terminated.
configure:14246: $? = 1
configure: failed program was:
| /* confdefs.h */
| #define PACKAGE_NAME "expat"
| #define PACKAGE_TARNAME "expat"
| #define PACKAGE_VERSION "1.95.7"
| #define PACKAGE_STRING "expat 1.95.7"
| #define PACKAGE_BUGREPORT "expat-bugs@mail.libexpat.org"
| #define PACKAGE_URL ""
| #define STDC_HEADERS 1
| #define HAVE_SYS_TYPES_H 1
| #define HAVE_SYS_STAT_H 1
| #define HAVE_STDLIB_H 1
| #define HAVE_STRING_H 1
| #define HAVE_MEMORY_H 1
| #define HAVE_STRINGS_H 1
| #define HAVE_INTTYPES_H 1
| #define HAVE_STDINT_H 1
| #define HAVE_UNISTD_H 1
| #define HAVE_DLFCN_H 1
| #define LT_OBJDIR ".libs/"
| #define STDC_HEADERS 1
| #define HAVE_MEMMOVE 1
| #define HAVE_BCOPY 1
| /* end confdefs.h.  */
| #include <check.h>
configure:14246: result: no
configure:14246: checking for check.h
configure:14246: result: no
configure:14384: creating ./config.status

## ---------------------- ##
## Running config.status. ##
## ---------------------- ##

This file was extended by expat config.status 1.95.7, which was
generated by GNU Autoconf 2.69.  Invocation command line was

  CONFIG_FILES    = 
  CONFIG_HEADERS  = 
  CONFIG_LINKS    = 
  CONFIG_COMMANDS = 
  $ ./config.status 

on administrator-Aspire-E5-571

config.status:1059: creating Makefile
config.status:1059: creating expat_config.h
config.status:1248: executing libtool commands

## ---------------- ##
## Cache variables. ##
## ---------------- ##

ac_cv_build=x86_64-unknown-linux-gnu
ac_cv_c_bigendian=no
ac_cv_c_compiler_gnu=yes
ac_cv_c_const=yes
ac_cv_env_CC_set=
ac_cv_env_CC_value=
ac_cv_env_CFLAGS_set=
ac_cv_env_CFLAGS_value=
ac_cv_env_CPPFLAGS_set=
ac_cv_env_CPPFLAGS_value=
ac_cv_env_CPP_set=
ac_cv_env_CPP_value=
ac_cv_env_LDFLAGS_set=
ac_cv_env_LDFLAGS_value=
ac_cv_env_LIBS_set=
ac_cv_env_LIBS_value=
ac_cv_env_LT_SYS_LIBRARY_PATH_set=
ac_cv_env_LT_SYS_LIBRARY_PATH_value=
ac_cv_env_build_alias_set=
ac_cv_env_build_alias_value=
ac_cv_env_host_alias_set=
ac_cv_env_host_alias_value=
ac_cv_env_target_alias_set=
ac_cv_env_target_alias_value=
ac_cv_func_bcopy=yes
ac_cv_func_memmove=yes
ac_cv_header_check_h=no
ac_cv_header_dlfcn_h=yes
ac_cv_header_inttypes_h=yes
ac_cv_header_memory_h=yes
ac_cv_header_stdc=yes
ac_cv_header_stdint_h=yes
ac_cv_header_stdlib_h=yes
ac_cv_header_string_h=yes
ac_cv_header_strings_h=yes
ac_cv_header_sys_stat_h=yes
ac_cv_header_sys_types_h=yes
ac_cv_header_unistd_h=yes
ac_cv_host=x86_64-unknown-linux-gnu
ac_cv_objext=o
ac_cv_path_EGREP='/bin/grep -E'
ac_cv_path_FGREP='/bin/grep -F'
ac_cv_path_GREP=/bin/grep
ac_cv_path_SED=/bin/sed
ac_cv_path_install='/usr/bin/install -c'
ac_cv_path_lt_DD=/bin/dd
ac_cv_prog_AWK=mawk
ac_cv_prog_CPP='gcc -E'
ac_cv_prog_ac_ct_AR=ar
ac_cv_prog_ac_ct_CC=gcc
ac_cv_prog_ac_ct_DLLTOOL=dlltool
ac_cv_prog_ac_ct_MANIFEST_TOOL=mt
ac_cv_prog_ac_ct_OBJDUMP=objdump
ac_cv_prog_ac_ct_RANLIB=ranlib
ac_cv_prog_ac_ct_STRIP=strip
ac_cv_prog_cc_c89=
ac_cv_prog_cc_g=yes
ac_cv_target=x86_64-unknown-linux-gnu
ac_cv_type_size_t=yes
lt_cv_ar_at_file=@
lt_cv_archive_cmds_need_lc=no
lt_cv_deplibs_check_method=pass_all
lt_cv_file_magic_cmd='$MAGIC_CMD'
lt_cv_file_magic_test_file=
lt_cv_ld_reload_flag=-r
lt_cv_nm_interface='BSD nm'
lt_cv_objdir=.libs
lt_cv_path_LD=/usr/bin/ld
lt_cv_path_NM='/usr/bin/nm -B'
lt_cv_path_mainfest_tool=no
lt_cv_prog_compiler_c_o=yes
lt_cv_prog_compiler_pic='-fPIC -DPIC'
lt_cv_prog_compiler_pic_works=yes
lt_cv_prog_compiler_rtti_exceptions=no
lt_cv_prog_compiler_static_works=yes
lt_cv_prog_gnu_ld=yes
lt_cv_sharedlib_from_linklib_cmd='printf %s\n'
lt_cv_shlibpath_overrides_runpath=no
lt_cv_sys_global_symbol_pipe='sed -n -e '\''s/^.*[	 ]\([ABCDGIRSTW][ABCDGIRSTW]*\)[	 ][	 ]*\([_A-Za-z][_A-Za-z0-9]*\)$/\1 \2 \2/p'\'' | sed '\''/ __gnu_lto/d'\'''
lt_cv_sys_global_symbol_to_c_name_address='sed -n -e '\''s/^: \(.*\) .*$/  {"\1", (void *) 0},/p'\'' -e '\''s/^[ABCDGIRSTW][ABCDGIRSTW]* .* \(.*\)$/  {"\1", (void *) \&\1},/p'\'''
lt_cv_sys_global_symbol_to_c_name_address_lib_prefix='sed -n -e '\''s/^: \(.*\) .*$/  {"\1", (void *) 0},/p'\'' -e '\''s/^[ABCDGIRSTW][ABCDGIRSTW]* .* \(lib.*\)$/  {"\1", (void *) \&\1},/p'\'' -e '\''s/^[ABCDGIRSTW][ABCDGIRSTW]* .* \(.*\)$/  {"lib\1", (void *) \&\1},/p'\'''
lt_cv_sys_global_symbol_to_cdecl='sed -n -e '\''s/^T .* \(.*\)$/extern int \1();/p'\'' -e '\''s/^[ABCDGIRSTW][ABCDGIRSTW]* .* \(.*\)$/extern char \1;/p'\'''
lt_cv_sys_global_symbol_to_import=
lt_cv_sys_max_cmd_len=1572864
lt_cv_to_host_file_cmd=func_convert_file_noop
lt_cv_to_tool_file_cmd=func_convert_file_noop
lt_cv_truncate_bin='/bin/dd bs=4096 count=1'

## ----------------- ##
## Output variables. ##
## ----------------- ##

AR='ar'
AS='as'
AWK='mawk'
CC='gcc'
CFLAGS='-g -O2'
CPP='gcc -E'
CPPFLAGS=''
DEFS='-DHAVE_CONFIG_H'
DLLTOOL='dlltool'
DSYMUTIL=''
DUMPBIN=''
ECHO_C=''
ECHO_N='-n'
ECHO_T=''
EGREP='/bin/grep -E'
EXEEXT=''
FGREP='/bin/grep -F'
GREP='/bin/grep'
INSTALL_DATA='${INSTALL} -m 644'
INSTALL_PROGRAM='${INSTALL}'
INSTALL_SCRIPT='${INSTALL}'
LD='/usr/bin/ld -m elf_x86_64'
LDFLAGS=''
LIBAGE='5'
LIBCURRENT='5'
LIBOBJS=''
LIBREVISION='0'
LIBS=''
LIBTOOL='$(SHELL) $(top_builddir)/libtool'
LIPO=''
LN_S='ln -s'
LTLIBOBJS=''
LT_SYS_LIBRARY_PATH=''
MANIFEST_TOOL=':'
NM='/usr/bin/nm -B'
NMEDIT=''
OBJDUMP='objdump'
OBJEXT='o'
OTOOL64=''
OTOOL=''
PACKAGE_BUGREPORT='expat-bugs@mail.libexpat.org'
PACKAGE_NAME='expat'
PACKAGE_STRING='expat 1.95.7'
PACKAGE_TARNAME='expat'
PACKAGE_URL=''
PACKAGE_VERSION='1.95.7'
PATH_SEPARATOR=':'
RANLIB='ranlib'
SED='/bin/sed'
SHELL='/bin/bash'
STRIP='strip'
ac_ct_AR='ar'
ac_ct_CC='gcc'
ac_ct_DUMPBIN=''
bindir='/usr/local/apache/bin'
build='x86_64-unknown-linux-gnu'
build_alias=''
build_cpu='x86_64'
build_os='linux-gnu'
build_vendor='unknown'
datadir='${datarootdir}'
datarootdir='${prefix}/share'
docdir='${datarootdir}/doc/${PACKAGE_TARNAME}'
dvidir='${docdir}'
exec_prefix='/usr/local/apache'
host='x86_64-unknown-linux-gnu'
host_alias=''
host_cpu='x86_64'
host_os='linux-gnu'
host_vendor='unknown'
htmldir='${docdir}'
includedir='/usr/local/apache/include'
infodir='${datarootdir}/info'
libdir='/usr/local/apache/lib'
libexecdir='${exec_prefix}/libexec'
localedir='${datarootdir}/locale'
localstatedir='${prefix}/var'
mandir='${datarootdir}/man'
oldincludedir='/usr/include'
pdfdir='${docdir}'
prefix='/usr/local/apache'
program_transform_name='s,x,x,'
psdir='${docdir}'
sbindir='${exec_prefix}/sbin'
sharedstatedir='${prefix}/com'
sysconfdir='${prefix}/etc'
target='x86_64-unknown-linux-gnu'
target_alias=''
target_cpu='x86_64'
target_os='linux-gnu'
target_vendor='unknown'

## ----------- ##
## confdefs.h. ##
## ----------- ##

/* confdefs.h */
#define PACKAGE_NAME "expat"
#define PACKAGE_TARNAME "expat"
#define PACKAGE_VERSION "1.95.7"
#define PACKAGE_STRING "expat 1.95.7"
#define PACKAGE_BUGREPORT "expat-bugs@mail.libexpat.org"
#define PACKAGE_URL ""
#define STDC_HEADERS 1
#define HAVE_SYS_TYPES_H 1
#define HAVE_SYS_STAT_H 1
#define HAVE_STDLIB_H 1
#define HAVE_STRING_H 1
#define HAVE_MEMORY_H 1
#define HAVE_STRINGS_H 1
#define HAVE_INTTYPES_H 1
#define HAVE_STDINT_H 1
#define HAVE_UNISTD_H 1
#define HAVE_DLFCN_H 1
#define LT_OBJDIR ".libs/"
#define STDC_HEADERS 1
#define HAVE_MEMMOVE 1
#define HAVE_BCOPY 1
#define XML_NS 1
#define XML_DTD 1
#define XML_CONTEXT_BYTES 1024

configure: exit 0
