02-Jun-2018 11:19:02.345 INFO [main] org.apache.catalina.startup.VersionLoggerListener.log Server version:        Apache Tomcat/9.0.5
02-Jun-2018 11:19:02.446 INFO [main] org.apache.catalina.startup.VersionLoggerListener.log Server built:          Feb 6 2018 21:42:23 UTC
02-Jun-2018 11:19:02.447 INFO [main] org.apache.catalina.startup.VersionLoggerListener.log Server number:         9.0.5.0
02-Jun-2018 11:19:02.447 INFO [main] org.apache.catalina.startup.VersionLoggerListener.log OS Name:               Linux
02-Jun-2018 11:19:02.447 INFO [main] org.apache.catalina.startup.VersionLoggerListener.log OS Version:            3.19.0-80-generic
02-Jun-2018 11:19:02.447 INFO [main] org.apache.catalina.startup.VersionLoggerListener.log Architecture:          amd64
02-Jun-2018 11:19:02.447 INFO [main] org.apache.catalina.startup.VersionLoggerListener.log Java Home:             /usr/lib/jvm/java-8-oracle/jre
02-Jun-2018 11:19:02.448 INFO [main] org.apache.catalina.startup.VersionLoggerListener.log JVM Version:           1.8.0_161-b12
02-Jun-2018 11:19:02.448 INFO [main] org.apache.catalina.startup.VersionLoggerListener.log JVM Vendor:            Oracle Corporation
02-Jun-2018 11:19:02.448 INFO [main] org.apache.catalina.startup.VersionLoggerListener.log CATALINA_BASE:         /home/sekharvaana/Desktop/TomacatLoadbalance/tomcat-instance1
02-Jun-2018 11:19:02.448 INFO [main] org.apache.catalina.startup.VersionLoggerListener.log CATALINA_HOME:         /home/sekharvaana/Desktop/TomacatLoadbalance/apache-tomcat-9.0.5
02-Jun-2018 11:19:02.449 INFO [main] org.apache.catalina.startup.VersionLoggerListener.log Command line argument: -Djava.util.logging.config.file=/home/sekharvaana/Desktop/TomacatLoadbalance/tomcat-instance1/conf/logging.properties
02-Jun-2018 11:19:02.449 INFO [main] org.apache.catalina.startup.VersionLoggerListener.log Command line argument: -Djava.util.logging.manager=org.apache.juli.ClassLoaderLogManager
02-Jun-2018 11:19:02.449 INFO [main] org.apache.catalina.startup.VersionLoggerListener.log Command line argument: -Djdk.tls.ephemeralDHKeySize=2048
02-Jun-2018 11:19:02.449 INFO [main] org.apache.catalina.startup.VersionLoggerListener.log Command line argument: -Djava.protocol.handler.pkgs=org.apache.catalina.webresources
02-Jun-2018 11:19:02.450 INFO [main] org.apache.catalina.startup.VersionLoggerListener.log Command line argument: -Dignore.endorsed.dirs=
02-Jun-2018 11:19:02.450 INFO [main] org.apache.catalina.startup.VersionLoggerListener.log Command line argument: -Dcatalina.base=/home/sekharvaana/Desktop/TomacatLoadbalance/tomcat-instance1
02-Jun-2018 11:19:02.450 INFO [main] org.apache.catalina.startup.VersionLoggerListener.log Command line argument: -Dcatalina.home=/home/sekharvaana/Desktop/TomacatLoadbalance/apache-tomcat-9.0.5
02-Jun-2018 11:19:02.450 INFO [main] org.apache.catalina.startup.VersionLoggerListener.log Command line argument: -Djava.io.tmpdir=/home/sekharvaana/Desktop/TomacatLoadbalance/tomcat-instance1/temp
02-Jun-2018 11:19:02.451 INFO [main] org.apache.catalina.core.AprLifecycleListener.lifecycleEvent The APR based Apache Tomcat Native library which allows optimal performance in production environments was not found on the java.library.path: [/usr/java/packages/lib/amd64:/usr/lib64:/lib64:/lib:/usr/lib]
02-Jun-2018 11:19:03.073 INFO [main] org.apache.coyote.AbstractProtocol.init Initializing ProtocolHandler ["http-nio-8181"]
02-Jun-2018 11:19:03.145 INFO [main] org.apache.tomcat.util.net.NioSelectorPool.getSharedSelector Using a shared selector for servlet write/read
02-Jun-2018 11:19:03.169 INFO [main] org.apache.coyote.AbstractProtocol.init Initializing ProtocolHandler ["ajp-nio-8109"]
02-Jun-2018 11:19:03.181 INFO [main] org.apache.tomcat.util.net.NioSelectorPool.getSharedSelector Using a shared selector for servlet write/read
02-Jun-2018 11:19:03.182 INFO [main] org.apache.catalina.startup.Catalina.load Initialization processed in 2904 ms
02-Jun-2018 11:19:03.341 INFO [main] org.apache.catalina.core.StandardService.startInternal Starting service [Catalina]
02-Jun-2018 11:19:03.341 INFO [main] org.apache.catalina.core.StandardEngine.startInternal Starting Servlet Engine: Apache Tomcat/9.0.5
02-Jun-2018 11:19:03.370 INFO [main] org.apache.catalina.ha.tcp.SimpleTcpCluster.startInternal Cluster is about to start
02-Jun-2018 11:19:03.384 INFO [main] org.apache.catalina.tribes.transport.ReceiverBase.bind Receiver Server Socket bound to:[/127.0.1.1:4000]
02-Jun-2018 11:19:03.460 INFO [main] org.apache.catalina.tribes.membership.McastServiceImpl.setupSocket Setting cluster mcast soTimeout to [500]
02-Jun-2018 11:19:03.470 INFO [main] org.apache.catalina.tribes.membership.McastServiceImpl.waitForMembers Sleeping for [1000] milliseconds to establish cluster membership, start level:[4]
02-Jun-2018 11:19:04.474 INFO [main] org.apache.catalina.tribes.membership.McastServiceImpl.waitForMembers Done sleeping, membership established, start level:[4]
02-Jun-2018 11:19:04.477 INFO [main] org.apache.catalina.tribes.membership.McastServiceImpl.waitForMembers Sleeping for [1000] milliseconds to establish cluster membership, start level:[8]
02-Jun-2018 11:19:05.478 INFO [main] org.apache.catalina.tribes.membership.McastServiceImpl.waitForMembers Done sleeping, membership established, start level:[8]
02-Jun-2018 11:19:05.633 INFO [main] org.apache.catalina.startup.HostConfig.deployWAR Deploying web application archive [/home/sekharvaana/Desktop/TomacatLoadbalance/tomcat-instance1/webapps/session.war]
02-Jun-2018 11:19:08.424 INFO [main] org.apache.jasper.servlet.TldScanner.scanJars At least one JAR was scanned for TLDs yet contained no TLDs. Enable debug logging for this logger for a complete list of JARs that were scanned but no TLDs were found in them. Skipping unneeded JARs during scanning can improve startup time and JSP compilation time.
02-Jun-2018 11:19:08.628 INFO [main] org.apache.catalina.ha.session.DeltaManager.startInternal Register manager [localhost#/session] to cluster element [Engine] with name [Catalina]
02-Jun-2018 11:19:08.629 INFO [main] org.apache.catalina.ha.session.DeltaManager.startInternal Starting clustering manager at [localhost#/session]
02-Jun-2018 11:19:08.630 INFO [main] org.apache.catalina.ha.session.DeltaManager.getAllClusterSessions Manager [localhost#/session]: skipping state transfer. No members active in cluster group.
02-Jun-2018 11:19:08.733 INFO [main] org.apache.catalina.startup.HostConfig.deployWAR Deployment of web application archive [/home/sekharvaana/Desktop/TomacatLoadbalance/tomcat-instance1/webapps/session.war] has finished in [3,099] ms
02-Jun-2018 11:19:08.756 INFO [main] org.apache.catalina.startup.HostConfig.deployWAR Deploying web application archive [/home/sekharvaana/Desktop/TomacatLoadbalance/tomcat-instance1/webapps/SpringSecurityRoleBasedLoginExample.war]
02-Jun-2018 11:19:11.620 INFO [main] org.apache.jasper.servlet.TldScanner.scanJars At least one JAR was scanned for TLDs yet contained no TLDs. Enable debug logging for this logger for a complete list of JARs that were scanned but no TLDs were found in them. Skipping unneeded JARs during scanning can improve startup time and JSP compilation time.
02-Jun-2018 11:19:12.018 INFO [main] org.springframework.web.context.ContextLoader.initWebApplicationContext Root WebApplicationContext: initialization started
02-Jun-2018 11:19:12.061 INFO [main] org.springframework.web.context.support.AnnotationConfigWebApplicationContext.prepareRefresh Refreshing Root WebApplicationContext: startup date [Sat Jun 02 11:19:12 IST 2018]; root of context hierarchy
02-Jun-2018 11:19:12.237 INFO [main] org.springframework.web.context.support.AnnotationConfigWebApplicationContext.loadBeanDefinitions Registering annotated classes: [class com.websystique.springsecurity.configuration.HelloWorldConfiguration]
02-Jun-2018 11:19:15.223 INFO [main] org.springframework.security.web.DefaultSecurityFilterChain.<init> Creating filter chain: org.springframework.security.web.util.matcher.AnyRequestMatcher@1, [org.springframework.security.web.context.request.async.WebAsyncManagerIntegrationFilter@229749f0, org.springframework.security.web.context.SecurityContextPersistenceFilter@3c65f00e, org.springframework.security.web.header.HeaderWriterFilter@1c0cf193, org.springframework.security.web.csrf.CsrfFilter@1ce2029b, org.springframework.security.web.authentication.logout.LogoutFilter@1b3bb287, org.springframework.security.web.authentication.UsernamePasswordAuthenticationFilter@4ba1c1a2, org.springframework.security.web.savedrequest.RequestCacheAwareFilter@36ecf9f6, org.springframework.security.web.servletapi.SecurityContextHolderAwareRequestFilter@3bda1f0, org.springframework.security.web.authentication.AnonymousAuthenticationFilter@3d57fb9e, org.springframework.security.web.session.SessionManagementFilter@24258b54, org.springframework.security.web.access.ExceptionTranslationFilter@7a8b7e11, org.springframework.security.web.access.intercept.FilterSecurityInterceptor@3292eff7]
02-Jun-2018 11:19:15.696 INFO [main] org.springframework.web.servlet.mvc.method.annotation.RequestMappingHandlerAdapter.initControllerAdviceCache Looking for @ControllerAdvice: Root WebApplicationContext: startup date [Sat Jun 02 11:19:12 IST 2018]; root of context hierarchy
02-Jun-2018 11:19:15.861 INFO [main] org.springframework.web.servlet.mvc.method.annotation.RequestMappingHandlerMapping.registerHandlerMethod Mapped "{[/login],methods=[GET],params=[],headers=[],consumes=[],produces=[],custom=[]}" onto public java.lang.String com.websystique.springsecurity.controller.HelloWorldController.loginPage()
02-Jun-2018 11:19:15.862 INFO [main] org.springframework.web.servlet.mvc.method.annotation.RequestMappingHandlerMapping.registerHandlerMethod Mapped "{[/ || /home],methods=[GET],params=[],headers=[],consumes=[],produces=[],custom=[]}" onto public java.lang.String com.websystique.springsecurity.controller.HelloWorldController.homePage(org.springframework.ui.ModelMap)
02-Jun-2018 11:19:15.862 INFO [main] org.springframework.web.servlet.mvc.method.annotation.RequestMappingHandlerMapping.registerHandlerMethod Mapped "{[/admin],methods=[GET],params=[],headers=[],consumes=[],produces=[],custom=[]}" onto public java.lang.String com.websystique.springsecurity.controller.HelloWorldController.adminPage(org.springframework.ui.ModelMap)
02-Jun-2018 11:19:15.863 INFO [main] org.springframework.web.servlet.mvc.method.annotation.RequestMappingHandlerMapping.registerHandlerMethod Mapped "{[/db],methods=[GET],params=[],headers=[],consumes=[],produces=[],custom=[]}" onto public java.lang.String com.websystique.springsecurity.controller.HelloWorldController.dbaPage(org.springframework.ui.ModelMap)
02-Jun-2018 11:19:15.863 INFO [main] org.springframework.web.servlet.mvc.method.annotation.RequestMappingHandlerMapping.registerHandlerMethod Mapped "{[/Access_Denied],methods=[GET],params=[],headers=[],consumes=[],produces=[],custom=[]}" onto public java.lang.String com.websystique.springsecurity.controller.HelloWorldController.accessDeniedPage(org.springframework.ui.ModelMap)
02-Jun-2018 11:19:15.864 INFO [main] org.springframework.web.servlet.mvc.method.annotation.RequestMappingHandlerMapping.registerHandlerMethod Mapped "{[/logout],methods=[GET],params=[],headers=[],consumes=[],produces=[],custom=[]}" onto public java.lang.String com.websystique.springsecurity.controller.HelloWorldController.logoutPage(javax.servlet.http.HttpServletRequest,javax.servlet.http.HttpServletResponse)
02-Jun-2018 11:19:15.906 INFO [main] org.springframework.web.servlet.handler.SimpleUrlHandlerMapping.registerHandler Mapped URL path [/static/**] onto handler of type [class org.springframework.web.servlet.resource.ResourceHttpRequestHandler]
02-Jun-2018 11:19:16.007 INFO [main] org.springframework.web.context.ContextLoader.initWebApplicationContext Root WebApplicationContext: initialization completed in 3988 ms
02-Jun-2018 11:19:16.008 INFO [main] org.apache.catalina.ha.session.DeltaManager.startInternal Register manager [localhost#/SpringSecurityRoleBasedLoginExample] to cluster element [Engine] with name [Catalina]
02-Jun-2018 11:19:16.009 INFO [main] org.apache.catalina.ha.session.DeltaManager.startInternal Starting clustering manager at [localhost#/SpringSecurityRoleBasedLoginExample]
02-Jun-2018 11:19:16.009 INFO [main] org.apache.catalina.ha.session.DeltaManager.getAllClusterSessions Manager [localhost#/SpringSecurityRoleBasedLoginExample]: skipping state transfer. No members active in cluster group.
02-Jun-2018 11:19:16.018 INFO [main] org.springframework.web.servlet.DispatcherServlet.initServletBean FrameworkServlet 'dispatcher': initialization started
02-Jun-2018 11:19:16.037 INFO [main] org.springframework.web.context.support.AnnotationConfigWebApplicationContext.prepareRefresh Refreshing WebApplicationContext for namespace 'dispatcher-servlet': startup date [Sat Jun 02 11:19:16 IST 2018]; parent: Root WebApplicationContext
02-Jun-2018 11:19:16.105 INFO [main] org.springframework.web.servlet.DispatcherServlet.initServletBean FrameworkServlet 'dispatcher': initialization completed in 87 ms
02-Jun-2018 11:19:16.119 INFO [main] org.apache.catalina.startup.HostConfig.deployWAR Deployment of web application archive [/home/sekharvaana/Desktop/TomacatLoadbalance/tomcat-instance1/webapps/SpringSecurityRoleBasedLoginExample.war] has finished in [7,364] ms
02-Jun-2018 11:19:16.153 INFO [main] org.apache.catalina.startup.HostConfig.deployWAR Deploying web application archive [/home/sekharvaana/Desktop/TomacatLoadbalance/tomcat-instance1/webapps/vanilla.war]
02-Jun-2018 11:19:16.619 INFO [main] org.apache.catalina.ha.session.DeltaManager.startInternal Register manager [localhost#/vanilla] to cluster element [Engine] with name [Catalina]
02-Jun-2018 11:19:16.619 INFO [main] org.apache.catalina.ha.session.DeltaManager.startInternal Starting clustering manager at [localhost#/vanilla]
02-Jun-2018 11:19:16.619 INFO [main] org.apache.catalina.ha.session.DeltaManager.getAllClusterSessions Manager [localhost#/vanilla]: skipping state transfer. No members active in cluster group.
02-Jun-2018 11:19:16.621 INFO [main] org.apache.catalina.startup.HostConfig.deployWAR Deployment of web application archive [/home/sekharvaana/Desktop/TomacatLoadbalance/tomcat-instance1/webapps/vanilla.war] has finished in [469] ms
02-Jun-2018 11:19:16.648 INFO [main] org.apache.catalina.startup.HostConfig.deployWAR Deploying web application archive [/home/sekharvaana/Desktop/TomacatLoadbalance/tomcat-instance1/webapps/Zull-proxy-demo-2-Gateway-0.0.1-SNAPSHOT.war]
02-Jun-2018 11:19:32.156 INFO [main] org.apache.jasper.servlet.TldScanner.scanJars At least one JAR was scanned for TLDs yet contained no TLDs. Enable debug logging for this logger for a complete list of JARs that were scanned but no TLDs were found in them. Skipping unneeded JARs during scanning can improve startup time and JSP compilation time.
02-Jun-2018 11:19:59.556 INFO [main] org.apache.catalina.ha.session.DeltaManager.startInternal Register manager [localhost#/Zull-proxy-demo-2-Gateway-0.0.1-SNAPSHOT] to cluster element [Engine] with name [Catalina]
02-Jun-2018 11:19:59.556 INFO [main] org.apache.catalina.ha.session.DeltaManager.startInternal Starting clustering manager at [localhost#/Zull-proxy-demo-2-Gateway-0.0.1-SNAPSHOT]
02-Jun-2018 11:19:59.557 INFO [main] org.apache.catalina.ha.session.DeltaManager.getAllClusterSessions Manager [localhost#/Zull-proxy-demo-2-Gateway-0.0.1-SNAPSHOT]: skipping state transfer. No members active in cluster group.
02-Jun-2018 11:19:59.584 INFO [main] org.apache.catalina.startup.HostConfig.deployWAR Deployment of web application archive [/home/sekharvaana/Desktop/TomacatLoadbalance/tomcat-instance1/webapps/Zull-proxy-demo-2-Gateway-0.0.1-SNAPSHOT.war] has finished in [42,936] ms
02-Jun-2018 11:19:59.585 INFO [main] org.apache.catalina.startup.HostConfig.deployDirectory Deploying web application directory [/home/sekharvaana/Desktop/TomacatLoadbalance/tomcat-instance1/webapps/ROOT]
02-Jun-2018 11:20:01.046 INFO [main] org.apache.jasper.servlet.TldScanner.scanJars At least one JAR was scanned for TLDs yet contained no TLDs. Enable debug logging for this logger for a complete list of JARs that were scanned but no TLDs were found in them. Skipping unneeded JARs during scanning can improve startup time and JSP compilation time.
02-Jun-2018 11:20:01.048 INFO [main] org.apache.catalina.ha.session.DeltaManager.startInternal Register manager [localhost#] to cluster element [Engine] with name [Catalina]
02-Jun-2018 11:20:01.048 INFO [main] org.apache.catalina.ha.session.DeltaManager.startInternal Starting clustering manager at [localhost#]
02-Jun-2018 11:20:01.051 INFO [main] org.apache.catalina.ha.session.DeltaManager.getAllClusterSessions Manager [localhost#]: skipping state transfer. No members active in cluster group.
02-Jun-2018 11:20:01.055 INFO [main] org.apache.catalina.startup.HostConfig.deployDirectory Deployment of web application directory [/home/sekharvaana/Desktop/TomacatLoadbalance/tomcat-instance1/webapps/ROOT] has finished in [1,470] ms
02-Jun-2018 11:20:01.056 INFO [main] org.apache.catalina.startup.HostConfig.deployDirectory Deploying web application directory [/home/sekharvaana/Desktop/TomacatLoadbalance/tomcat-instance1/webapps/docs]
02-Jun-2018 11:20:01.133 INFO [main] org.apache.catalina.ha.session.DeltaManager.startInternal Register manager [localhost#/docs] to cluster element [Engine] with name [Catalina]
02-Jun-2018 11:20:01.142 INFO [main] org.apache.catalina.ha.session.DeltaManager.startInternal Starting clustering manager at [localhost#/docs]
02-Jun-2018 11:20:01.142 INFO [main] org.apache.catalina.ha.session.DeltaManager.getAllClusterSessions Manager [localhost#/docs]: skipping state transfer. No members active in cluster group.
02-Jun-2018 11:20:01.144 INFO [main] org.apache.catalina.startup.HostConfig.deployDirectory Deployment of web application directory [/home/sekharvaana/Desktop/TomacatLoadbalance/tomcat-instance1/webapps/docs] has finished in [87] ms
02-Jun-2018 11:20:01.144 INFO [main] org.apache.catalina.startup.HostConfig.deployDirectory Deploying web application directory [/home/sekharvaana/Desktop/TomacatLoadbalance/tomcat-instance1/webapps/manager]
02-Jun-2018 11:20:01.363 INFO [main] org.apache.catalina.startup.HostConfig.deployDirectory Deployment of web application directory [/home/sekharvaana/Desktop/TomacatLoadbalance/tomcat-instance1/webapps/manager] has finished in [219] ms
02-Jun-2018 11:20:01.364 INFO [main] org.apache.catalina.startup.HostConfig.deployDirectory Deploying web application directory [/home/sekharvaana/Desktop/TomacatLoadbalance/tomcat-instance1/webapps/host-manager]
02-Jun-2018 11:20:01.429 INFO [main] org.apache.catalina.startup.HostConfig.deployDirectory Deployment of web application directory [/home/sekharvaana/Desktop/TomacatLoadbalance/tomcat-instance1/webapps/host-manager] has finished in [66] ms
02-Jun-2018 11:20:01.430 INFO [main] org.apache.catalina.startup.HostConfig.deployDirectory Deploying web application directory [/home/sekharvaana/Desktop/TomacatLoadbalance/tomcat-instance1/webapps/vali-admin-master]
02-Jun-2018 11:20:01.456 INFO [main] org.apache.catalina.ha.session.DeltaManager.startInternal Register manager [localhost#/vali-admin-master] to cluster element [Engine] with name [Catalina]
02-Jun-2018 11:20:01.456 INFO [main] org.apache.catalina.ha.session.DeltaManager.startInternal Starting clustering manager at [localhost#/vali-admin-master]
02-Jun-2018 11:20:01.456 INFO [main] org.apache.catalina.ha.session.DeltaManager.getAllClusterSessions Manager [localhost#/vali-admin-master]: skipping state transfer. No members active in cluster group.
02-Jun-2018 11:20:01.458 INFO [main] org.apache.catalina.startup.HostConfig.deployDirectory Deployment of web application directory [/home/sekharvaana/Desktop/TomacatLoadbalance/tomcat-instance1/webapps/vali-admin-master] has finished in [29] ms
02-Jun-2018 11:20:01.462 INFO [main] org.apache.catalina.ha.session.JvmRouteBinderValve.startInternal JvmRouteBinderValve started
02-Jun-2018 11:20:01.473 INFO [main] org.apache.coyote.AbstractProtocol.start Starting ProtocolHandler ["http-nio-8181"]
02-Jun-2018 11:20:01.633 INFO [main] org.apache.coyote.AbstractProtocol.start Starting ProtocolHandler ["ajp-nio-8109"]
02-Jun-2018 11:20:01.762 INFO [main] org.apache.catalina.startup.Catalina.start Server startup in 58579 ms
02-Jun-2018 11:21:01.846 INFO [Tribes-Task-Receiver[Catalina-Channel]-1] org.apache.catalina.tribes.io.BufferPool.getBufferPool Created a buffer pool with max size:[104857600] bytes of type: [org.apache.catalina.tribes.io.BufferPool15Impl]
02-Jun-2018 11:21:02.342 INFO [pool-1-thread-1] org.apache.catalina.ha.tcp.SimpleTcpCluster.memberAdded Replication member added:[org.apache.catalina.tribes.membership.MemberImpl[tcp://{127, 0, 1, 1}:4001,{127, 0, 1, 1},4001, alive=1016, securePort=-1, UDP Port=-1, id={108 -51 18 94 -21 -9 79 97 -88 -95 -118 -16 113 -8 -6 -124 }, payload={}, command={}, domain={}, ]]
02-Jun-2018 11:21:07.023 INFO [Membership-MemberAdded.] org.apache.catalina.ha.tcp.SimpleTcpCluster.memberAdded Replication member added:[org.apache.catalina.tribes.membership.MemberImpl[tcp://{127, 0, 1, 1}:4002,{127, 0, 1, 1},4002, alive=1037, securePort=-1, UDP Port=-1, id={-60 4 34 115 -28 -33 66 -12 -69 -110 10 -94 -4 57 -43 -56 }, payload={}, command={}, domain={}, ]]
02-Jun-2018 11:25:58.136 INFO [main] org.apache.catalina.core.StandardServer.await A valid shutdown command was received via the shutdown port. Stopping the Server instance.
02-Jun-2018 11:25:58.136 INFO [main] org.apache.coyote.AbstractProtocol.pause Pausing ProtocolHandler ["http-nio-8181"]
02-Jun-2018 11:25:58.139 INFO [main] org.apache.coyote.AbstractProtocol.pause Pausing ProtocolHandler ["ajp-nio-8109"]
02-Jun-2018 11:25:58.140 INFO [main] org.apache.catalina.core.StandardService.stopInternal Stopping service [Catalina]
02-Jun-2018 11:25:58.146 INFO [main] org.apache.catalina.ha.session.JvmRouteBinderValve.stopInternal JvmRouteBinderValve stopped
02-Jun-2018 11:25:58.148 INFO [main] org.apache.catalina.ha.session.DeltaManager.stopInternal Manager [localhost#/session] expiring sessions upon shutdown
02-Jun-2018 11:25:58.214 INFO [main] org.apache.catalina.ha.session.DeltaManager.stopInternal Manager [localhost#/vanilla] expiring sessions upon shutdown
02-Jun-2018 11:25:58.219 INFO [main] org.apache.catalina.ha.session.DeltaManager.stopInternal Manager [localhost#] expiring sessions upon shutdown
02-Jun-2018 11:25:58.224 INFO [main] org.springframework.web.context.support.AnnotationConfigWebApplicationContext.doClose Closing WebApplicationContext for namespace 'dispatcher-servlet': startup date [Sat Jun 02 11:19:16 IST 2018]; parent: Root WebApplicationContext
02-Jun-2018 11:25:58.225 INFO [main] org.apache.catalina.ha.session.DeltaManager.stopInternal Manager [localhost#/SpringSecurityRoleBasedLoginExample] expiring sessions upon shutdown
02-Jun-2018 11:25:58.225 INFO [main] org.springframework.web.context.support.AnnotationConfigWebApplicationContext.doClose Closing Root WebApplicationContext: startup date [Sat Jun 02 11:19:12 IST 2018]; root of context hierarchy
02-Jun-2018 11:25:58.242 INFO [main] org.apache.catalina.ha.session.DeltaManager.stopInternal Manager [localhost#/Zull-proxy-demo-2-Gateway-0.0.1-SNAPSHOT] expiring sessions upon shutdown
02-Jun-2018 11:26:01.452 WARNING [main] org.apache.catalina.loader.WebappClassLoaderBase.clearReferencesThreads The web application [Zull-proxy-demo-2-Gateway-0.0.1-SNAPSHOT] appears to have started a thread named [RxIoScheduler-1 (Evictor)] but has failed to stop it. This is very likely to create a memory leak. Stack trace of thread:
 sun.misc.Unsafe.park(Native Method)
 java.util.concurrent.locks.LockSupport.parkNanos(LockSupport.java:215)
 java.util.concurrent.locks.AbstractQueuedSynchronizer$ConditionObject.awaitNanos(AbstractQueuedSynchronizer.java:2078)
 java.util.concurrent.ScheduledThreadPoolExecutor$DelayedWorkQueue.take(ScheduledThreadPoolExecutor.java:1093)
 java.util.concurrent.ScheduledThreadPoolExecutor$DelayedWorkQueue.take(ScheduledThreadPoolExecutor.java:809)
 java.util.concurrent.ThreadPoolExecutor.getTask(ThreadPoolExecutor.java:1074)
 java.util.concurrent.ThreadPoolExecutor.runWorker(ThreadPoolExecutor.java:1134)
 java.util.concurrent.ThreadPoolExecutor$Worker.run(ThreadPoolExecutor.java:624)
 java.lang.Thread.run(Thread.java:748)
02-Jun-2018 11:26:01.454 SEVERE [main] org.apache.catalina.loader.WebappClassLoaderBase.checkThreadLocalMapForLeaks The web application [Zull-proxy-demo-2-Gateway-0.0.1-SNAPSHOT] created a ThreadLocal with key of type [com.netflix.hystrix.Hystrix$1] (value [com.netflix.hystrix.Hystrix$1@4f4a6252]) and a value of type [com.netflix.hystrix.Hystrix.ConcurrentStack] (value [com.netflix.hystrix.Hystrix$ConcurrentStack@3e9a7c8d]) but failed to remove it when the web application was stopped. Threads are going to be renewed over time to try and avoid a probable memory leak.
02-Jun-2018 11:26:01.480 INFO [main] org.apache.catalina.ha.session.DeltaManager.stopInternal Manager [localhost#/vali-admin-master] expiring sessions upon shutdown
02-Jun-2018 11:26:01.534 INFO [main] org.apache.catalina.ha.session.DeltaManager.stopInternal Manager [localhost#/docs] expiring sessions upon shutdown
02-Jun-2018 11:26:01.652 INFO [main] org.apache.coyote.AbstractProtocol.stop Stopping ProtocolHandler ["http-nio-8181"]
02-Jun-2018 11:26:01.684 INFO [main] org.apache.coyote.AbstractProtocol.stop Stopping ProtocolHandler ["ajp-nio-8109"]
02-Jun-2018 11:26:01.690 INFO [main] org.apache.coyote.AbstractProtocol.destroy Destroying ProtocolHandler ["http-nio-8181"]
02-Jun-2018 11:26:01.699 INFO [main] org.apache.coyote.AbstractProtocol.destroy Destroying ProtocolHandler ["ajp-nio-8109"]
