13-Mar-2018 11:51:46.305 INFO [http-nio-8181-exec-3] org.apache.catalina.core.ApplicationContext.log HTMLManager: init: Associated with Deployer 'Catalina:type=Deployer,host=localhost'
13-Mar-2018 11:51:46.305 INFO [http-nio-8181-exec-3] org.apache.catalina.core.ApplicationContext.log HTMLManager: init: Global resources are available
13-Mar-2018 11:51:46.356 INFO [http-nio-8181-exec-3] org.apache.catalina.core.ApplicationContext.log HTMLManager: list: Listing contexts for virtual host 'localhost'
13-Mar-2018 11:51:54.707 INFO [http-nio-8181-exec-4] org.apache.catalina.core.ApplicationContext.log HTMLManager: sessions: Session action 'null' for web application '/'
13-Mar-2018 11:52:06.072 INFO [http-nio-8181-exec-5] org.apache.catalina.core.ApplicationContext.log HTMLManager: sessions: Session action 'null' for web application '/'
13-Mar-2018 11:52:13.455 INFO [http-nio-8181-exec-7] org.apache.catalina.core.ApplicationContext.log HTMLManager: list: Listing contexts for virtual host 'localhost'
13-Mar-2018 11:53:15.448 INFO [http-nio-8181-exec-1] org.apache.catalina.core.ApplicationContext.log HTMLManager: list: Listing contexts for virtual host 'localhost'
13-Mar-2018 11:53:35.191 INFO [http-nio-8181-exec-3] org.apache.catalina.core.ApplicationContext.log HTMLManager: sessions: Session action 'null' for web application '/'
13-Mar-2018 11:57:21.382 INFO [http-nio-8181-exec-9] org.apache.catalina.core.ApplicationContext.log HTMLManager: list: Listing contexts for virtual host 'localhost'
13-Mar-2018 11:57:24.118 INFO [http-nio-8181-exec-1] org.apache.catalina.core.ApplicationContext.log HTMLManager: list: Listing contexts for virtual host 'localhost'
13-Mar-2018 11:57:24.375 INFO [http-nio-8181-exec-4] org.apache.catalina.core.ApplicationContext.log HTMLManager: list: Listing contexts for virtual host 'localhost'
13-Mar-2018 11:57:25.222 INFO [http-nio-8181-exec-5] org.apache.catalina.core.ApplicationContext.log HTMLManager: list: Listing contexts for virtual host 'localhost'
13-Mar-2018 11:57:25.448 INFO [http-nio-8181-exec-7] org.apache.catalina.core.ApplicationContext.log HTMLManager: list: Listing contexts for virtual host 'localhost'
13-Mar-2018 11:57:25.654 INFO [http-nio-8181-exec-9] org.apache.catalina.core.ApplicationContext.log HTMLManager: list: Listing contexts for virtual host 'localhost'
13-Mar-2018 11:57:25.855 INFO [http-nio-8181-exec-1] org.apache.catalina.core.ApplicationContext.log HTMLManager: list: Listing contexts for virtual host 'localhost'
13-Mar-2018 11:57:26.064 INFO [http-nio-8181-exec-4] org.apache.catalina.core.ApplicationContext.log HTMLManager: list: Listing contexts for virtual host 'localhost'
13-Mar-2018 11:57:28.405 INFO [http-nio-8181-exec-5] org.apache.catalina.core.ApplicationContext.log HTMLManager: sessions: Session action 'null' for web application '/'
13-Mar-2018 11:57:30.006 INFO [http-nio-8181-exec-6] org.apache.catalina.core.ApplicationContext.log HTMLManager: sessions: Session action 'sessionDetail' for web application '/'
13-Mar-2018 12:03:47.612 INFO [http-nio-8181-exec-4] org.apache.catalina.core.ApplicationContext.log HTMLManager: list: Listing contexts for virtual host 'localhost'
13-Mar-2018 12:06:34.314 INFO [http-nio-8181-exec-6] org.apache.catalina.core.ApplicationContext.log HTMLManager: list: Listing contexts for virtual host 'localhost'
13-Mar-2018 12:08:19.124 INFO [http-nio-8181-exec-4] org.apache.catalina.core.ApplicationContext.log HTMLManager: list: Listing contexts for virtual host 'localhost'
13-Mar-2018 12:08:21.306 INFO [http-nio-8181-exec-3] org.apache.catalina.core.ApplicationContext.log HTMLManager: sessions: Session action 'null' for web application '/'
13-Mar-2018 13:09:29.343 INFO [http-nio-8181-exec-3] org.apache.catalina.core.ApplicationContext.log HTMLManager: init: Associated with Deployer 'Catalina:type=Deployer,host=localhost'
13-Mar-2018 13:09:29.344 INFO [http-nio-8181-exec-3] org.apache.catalina.core.ApplicationContext.log HTMLManager: init: Global resources are available
13-Mar-2018 13:09:29.349 INFO [http-nio-8181-exec-3] org.apache.catalina.core.ApplicationContext.log HTMLManager: list: Listing contexts for virtual host 'localhost'
13-Mar-2018 13:11:19.110 INFO [http-nio-8181-exec-5] org.apache.catalina.core.ApplicationContext.log HTMLManager: list: Listing contexts for virtual host 'localhost'
13-Mar-2018 13:11:20.794 INFO [http-nio-8181-exec-7] org.apache.catalina.core.ApplicationContext.log HTMLManager: sessions: Session action 'null' for web application '/'
13-Mar-2018 13:11:25.236 INFO [http-nio-8181-exec-8] org.apache.catalina.core.ApplicationContext.log HTMLManager: sessions: Session action 'sessionDetail' for web application '/'
13-Mar-2018 16:18:57.653 INFO [http-nio-8181-exec-3] org.apache.catalina.core.ApplicationContext.log HTMLManager: init: Associated with Deployer 'Catalina:type=Deployer,host=localhost'
13-Mar-2018 16:18:57.653 INFO [http-nio-8181-exec-3] org.apache.catalina.core.ApplicationContext.log HTMLManager: init: Global resources are available
13-Mar-2018 16:18:57.753 INFO [http-nio-8181-exec-3] org.apache.catalina.core.ApplicationContext.log HTMLManager: list: Listing contexts for virtual host 'localhost'
13-Mar-2018 16:19:20.702 INFO [http-nio-8181-exec-2] org.apache.catalina.core.ApplicationContext.log HTMLManager: list: Listing contexts for virtual host 'localhost'
13-Mar-2018 16:19:40.995 INFO [http-nio-8181-exec-8] org.apache.catalina.core.ApplicationContext.log HTMLManager: list: Listing contexts for virtual host 'localhost'
13-Mar-2018 16:20:09.690 INFO [http-nio-8181-exec-6] org.apache.catalina.core.ApplicationContext.log HTMLManager: list: Listing contexts for virtual host 'localhost'
13-Mar-2018 16:21:23.359 INFO [http-nio-8181-exec-2] org.apache.catalina.core.ApplicationContext.log HTMLManager: list: Listing contexts for virtual host 'localhost'
13-Mar-2018 16:22:04.196 INFO [http-nio-8181-exec-2] org.apache.catalina.core.ApplicationContext.log HTMLManager: list: Listing contexts for virtual host 'localhost'
