This file contains any messages produced by compilers while
running configure, to aid debugging if configure makes a mistake.

It was created by configure, which was
generated by GNU Autoconf 2.69.  Invocation command line was

  $ ./configure --prefix=/usr/local/apache --enable-rewrite=shared --enable-proxy=shared

## --------- ##
## Platform. ##
## --------- ##

hostname = administrator-Aspire-E5-571
uname -m = x86_64
uname -r = 3.19.0-80-generic
uname -s = Linux
uname -v = #88~14.04.1-Ubuntu SMP Fri Jan 13 14:54:07 UTC 2017

/usr/bin/uname -p = unknown
/bin/uname -X     = unknown

/bin/arch              = unknown
/usr/bin/arch -k       = unknown
/usr/convex/getsysinfo = unknown
/usr/bin/hostinfo      = unknown
/bin/machine           = unknown
/usr/bin/oslevel       = unknown
/bin/universe          = unknown

PATH: /usr/local/sbin
PATH: /usr/local/bin
PATH: /usr/sbin
PATH: /usr/bin
PATH: /sbin
PATH: /bin
PATH: /home/software/maven/bin
PATH: /home/sekharvaana/.rvm/bin
PATH: /home/sekharvaana/.rvm/bin
PATH: /home/sekharvaana/.rvm/bin


## ----------- ##
## Core tests. ##
## ----------- ##

configure:2819: checking for chosen layout
configure:2821: result: Apache
configure:3624: checking for working mkdir -p
configure:3640: result: yes
configure:3655: checking build system type
configure:3669: result: x86_64-unknown-linux-gnu
configure:3689: checking host system type
configure:3702: result: x86_64-unknown-linux-gnu
configure:3722: checking target system type
configure:3735: result: x86_64-unknown-linux-gnu
configure:3806: checking for APR
configure:3885: result: reconfig
configure:4169: checking for APR-util
configure:4248: result: reconfig
configure:4501: checking for gcc
configure:4528: result: gcc
configure:4757: checking for C compiler version
configure:4766: gcc --version >&5
gcc (Ubuntu 4.8.5-2ubuntu1~14.04.1) 4.8.5
Copyright (C) 2015 Free Software Foundation, Inc.
This is free software; see the source for copying conditions.  There is NO
warranty; not even for MERCHANTABILITY or FITNESS FOR A PARTICULAR PURPOSE.

configure:4777: $? = 0
configure:4766: gcc -v >&5
Using built-in specs.
COLLECT_GCC=gcc
COLLECT_LTO_WRAPPER=/usr/lib/gcc/x86_64-linux-gnu/4.8/lto-wrapper
Target: x86_64-linux-gnu
Configured with: ../src/configure -v --with-pkgversion='Ubuntu 4.8.5-2ubuntu1~14.04.1' --with-bugurl=file:///usr/share/doc/gcc-4.8/README.Bugs --enable-languages=c,c++,java,go,d,fortran,objc,obj-c++ --prefix=/usr --program-suffix=-4.8 --enable-shared --enable-linker-build-id --libexecdir=/usr/lib --without-included-gettext --enable-threads=posix --with-gxx-include-dir=/usr/include/c++/4.8 --libdir=/usr/lib --enable-nls --with-sysroot=/ --enable-clocale=gnu --enable-libstdcxx-debug --enable-libstdcxx-time=yes --enable-gnu-unique-object --disable-libmudflap --enable-plugin --with-system-zlib --disable-browser-plugin --enable-java-awt=gtk --enable-gtk-cairo --with-java-home=/usr/lib/jvm/java-1.5.0-gcj-4.8-amd64/jre --enable-java-home --with-jvm-root-dir=/usr/lib/jvm/java-1.5.0-gcj-4.8-amd64 --with-jvm-jar-dir=/usr/lib/jvm-exports/java-1.5.0-gcj-4.8-amd64 --with-arch-directory=amd64 --with-ecj-jar=/usr/share/java/eclipse-ecj.jar --enable-objc-gc --enable-multiarch --disable-werror --with-arch-32=i686 --with-abi=m64 --with-multilib-list=m32,m64,mx32 --with-tune=generic --enable-checking=release --build=x86_64-linux-gnu --host=x86_64-linux-gnu --target=x86_64-linux-gnu
Thread model: posix
gcc version 4.8.5 (Ubuntu 4.8.5-2ubuntu1~14.04.1) 
configure:4777: $? = 0
configure:4766: gcc -V >&5
gcc: error: unrecognized command line option '-V'
gcc: fatal error: no input files
compilation terminated.
configure:4777: $? = 4
configure:4766: gcc -qversion >&5
gcc: error: unrecognized command line option '-qversion'
gcc: fatal error: no input files
compilation terminated.
configure:4777: $? = 4
configure:4797: checking whether the C compiler works
configure:4819: gcc  -g -O2 -pthread  -DLINUX -D_REENTRANT -D_GNU_SOURCE   conftest.c  >&5
configure:4823: $? = 0
configure:4871: result: yes
configure:4874: checking for C compiler default output file name
configure:4876: result: a.out
configure:4882: checking for suffix of executables
configure:4889: gcc -o conftest  -g -O2 -pthread  -DLINUX -D_REENTRANT -D_GNU_SOURCE   conftest.c  >&5
configure:4893: $? = 0
configure:4915: result: 
configure:4937: checking whether we are cross compiling
configure:4945: gcc -o conftest  -g -O2 -pthread  -DLINUX -D_REENTRANT -D_GNU_SOURCE   conftest.c  >&5
configure:4949: $? = 0
configure:4956: ./conftest
configure:4960: $? = 0
configure:4975: result: no
configure:4980: checking for suffix of object files
configure:5002: gcc -c  -g -O2 -pthread  -DLINUX -D_REENTRANT -D_GNU_SOURCE conftest.c >&5
configure:5006: $? = 0
configure:5027: result: o
configure:5031: checking whether we are using the GNU C compiler
configure:5050: gcc -c  -g -O2 -pthread  -DLINUX -D_REENTRANT -D_GNU_SOURCE conftest.c >&5
configure:5050: $? = 0
configure:5059: result: yes
configure:5068: checking whether gcc accepts -g
configure:5088: gcc -c -g  -DLINUX -D_REENTRANT -D_GNU_SOURCE conftest.c >&5
configure:5088: $? = 0
configure:5129: result: yes
configure:5146: checking for gcc option to accept ISO C89
configure:5209: gcc  -c  -g -O2 -pthread  -DLINUX -D_REENTRANT -D_GNU_SOURCE conftest.c >&5
configure:5209: $? = 0
configure:5222: result: none needed
configure:5247: checking how to run the C preprocessor
configure:5317: result: gcc -E
configure:5337: gcc -E  -DLINUX -D_REENTRANT -D_GNU_SOURCE conftest.c
configure:5337: $? = 0
configure:5351: gcc -E  -DLINUX -D_REENTRANT -D_GNU_SOURCE conftest.c
conftest.c:9:28: fatal error: ac_nonexistent.h: No such file or directory
 #include <ac_nonexistent.h>
                            ^
compilation terminated.
configure:5351: $? = 1
configure: failed program was:
| /* confdefs.h */
| #define PACKAGE_NAME ""
| #define PACKAGE_TARNAME ""
| #define PACKAGE_VERSION ""
| #define PACKAGE_STRING ""
| #define PACKAGE_BUGREPORT ""
| #define PACKAGE_URL ""
| /* end confdefs.h.  */
| #include <ac_nonexistent.h>
configure:5498: Configuring PCRE regular expression library
configure:5982: checking for rm
configure:6000: found /bin/rm
configure:6012: result: /bin/rm
configure:6022: checking for pkg-config
configure:6040: found /usr/bin/pkg-config
configure:6052: result: /usr/bin/pkg-config
configure:6062: checking for rsync
configure:6080: found /usr/bin/rsync
configure:6092: result: /usr/bin/rsync
configure:6104: checking for gawk
configure:6134: result: no
configure:6104: checking for mawk
configure:6120: found /usr/bin/mawk
configure:6131: result: mawk
configure:6142: checking whether ln -s works
configure:6146: result: yes
configure:6196: checking for ranlib
configure:6212: found /usr/bin/ranlib
configure:6223: result: ranlib
configure:6249: checking for lynx
configure:6279: result: no
configure:6249: checking for links
configure:6279: result: no
configure:6249: checking for elinks
configure:6279: result: no
configure:6304: checking for grep that handles long lines and -e
configure:6362: result: /bin/grep
configure:6367: checking for egrep
configure:6429: result: /bin/grep -E
configure:6434: checking for ANSI C header files
configure:6454: gcc -c  -g -O2 -pthread  -DLINUX -D_REENTRANT -D_GNU_SOURCE conftest.c >&5
configure:6454: $? = 0
configure:6527: gcc -o conftest  -g -O2 -pthread  -DLINUX -D_REENTRANT -D_GNU_SOURCE   conftest.c  >&5
configure:6527: $? = 0
configure:6527: ./conftest
configure:6527: $? = 0
configure:6538: result: yes
configure:6551: checking for sys/types.h
configure:6551: gcc -c  -g -O2 -pthread  -DLINUX -D_REENTRANT -D_GNU_SOURCE conftest.c >&5
configure:6551: $? = 0
configure:6551: result: yes
configure:6551: checking for sys/stat.h
configure:6551: gcc -c  -g -O2 -pthread  -DLINUX -D_REENTRANT -D_GNU_SOURCE conftest.c >&5
configure:6551: $? = 0
configure:6551: result: yes
configure:6551: checking for stdlib.h
configure:6551: gcc -c  -g -O2 -pthread  -DLINUX -D_REENTRANT -D_GNU_SOURCE conftest.c >&5
configure:6551: $? = 0
configure:6551: result: yes
configure:6551: checking for string.h
configure:6551: gcc -c  -g -O2 -pthread  -DLINUX -D_REENTRANT -D_GNU_SOURCE conftest.c >&5
configure:6551: $? = 0
configure:6551: result: yes
configure:6551: checking for memory.h
configure:6551: gcc -c  -g -O2 -pthread  -DLINUX -D_REENTRANT -D_GNU_SOURCE conftest.c >&5
configure:6551: $? = 0
configure:6551: result: yes
configure:6551: checking for strings.h
configure:6551: gcc -c  -g -O2 -pthread  -DLINUX -D_REENTRANT -D_GNU_SOURCE conftest.c >&5
configure:6551: $? = 0
configure:6551: result: yes
configure:6551: checking for inttypes.h
configure:6551: gcc -c  -g -O2 -pthread  -DLINUX -D_REENTRANT -D_GNU_SOURCE conftest.c >&5
configure:6551: $? = 0
configure:6551: result: yes
configure:6551: checking for stdint.h
configure:6551: gcc -c  -g -O2 -pthread  -DLINUX -D_REENTRANT -D_GNU_SOURCE conftest.c >&5
configure:6551: $? = 0
configure:6551: result: yes
configure:6551: checking for unistd.h
configure:6551: gcc -c  -g -O2 -pthread  -DLINUX -D_REENTRANT -D_GNU_SOURCE conftest.c >&5
configure:6551: $? = 0
configure:6551: result: yes
configure:6564: checking minix/config.h usability
configure:6564: gcc -c  -g -O2 -pthread  -DLINUX -D_REENTRANT -D_GNU_SOURCE conftest.c >&5
conftest.c:52:26: fatal error: minix/config.h: No such file or directory
 #include <minix/config.h>
                          ^
compilation terminated.
configure:6564: $? = 1
configure: failed program was:
| /* confdefs.h */
| #define PACKAGE_NAME ""
| #define PACKAGE_TARNAME ""
| #define PACKAGE_VERSION ""
| #define PACKAGE_STRING ""
| #define PACKAGE_BUGREPORT ""
| #define PACKAGE_URL ""
| #define STDC_HEADERS 1
| #define HAVE_SYS_TYPES_H 1
| #define HAVE_SYS_STAT_H 1
| #define HAVE_STDLIB_H 1
| #define HAVE_STRING_H 1
| #define HAVE_MEMORY_H 1
| #define HAVE_STRINGS_H 1
| #define HAVE_INTTYPES_H 1
| #define HAVE_STDINT_H 1
| #define HAVE_UNISTD_H 1
| /* end confdefs.h.  */
| #include <stdio.h>
| #ifdef HAVE_SYS_TYPES_H
| # include <sys/types.h>
| #endif
| #ifdef HAVE_SYS_STAT_H
| # include <sys/stat.h>
| #endif
| #ifdef STDC_HEADERS
| # include <stdlib.h>
| # include <stddef.h>
| #else
| # ifdef HAVE_STDLIB_H
| #  include <stdlib.h>
| # endif
| #endif
| #ifdef HAVE_STRING_H
| # if !defined STDC_HEADERS && defined HAVE_MEMORY_H
| #  include <memory.h>
| # endif
| # include <string.h>
| #endif
| #ifdef HAVE_STRINGS_H
| # include <strings.h>
| #endif
| #ifdef HAVE_INTTYPES_H
| # include <inttypes.h>
| #endif
| #ifdef HAVE_STDINT_H
| # include <stdint.h>
| #endif
| #ifdef HAVE_UNISTD_H
| # include <unistd.h>
| #endif
| #include <minix/config.h>
configure:6564: result: no
configure:6564: checking minix/config.h presence
configure:6564: gcc -E  -DLINUX -D_REENTRANT -D_GNU_SOURCE conftest.c
conftest.c:19:26: fatal error: minix/config.h: No such file or directory
 #include <minix/config.h>
                          ^
compilation terminated.
configure:6564: $? = 1
configure: failed program was:
| /* confdefs.h */
| #define PACKAGE_NAME ""
| #define PACKAGE_TARNAME ""
| #define PACKAGE_VERSION ""
| #define PACKAGE_STRING ""
| #define PACKAGE_BUGREPORT ""
| #define PACKAGE_URL ""
| #define STDC_HEADERS 1
| #define HAVE_SYS_TYPES_H 1
| #define HAVE_SYS_STAT_H 1
| #define HAVE_STDLIB_H 1
| #define HAVE_STRING_H 1
| #define HAVE_MEMORY_H 1
| #define HAVE_STRINGS_H 1
| #define HAVE_INTTYPES_H 1
| #define HAVE_STDINT_H 1
| #define HAVE_UNISTD_H 1
| /* end confdefs.h.  */
| #include <minix/config.h>
configure:6564: result: no
configure:6564: checking for minix/config.h
configure:6564: result: no
configure:6585: checking whether it is safe to define __EXTENSIONS__
configure:6603: gcc -c  -g -O2 -pthread  -DLINUX -D_REENTRANT -D_GNU_SOURCE conftest.c >&5
configure:6603: $? = 0
configure:6610: result: yes
configure:6626: checking for library containing strerror
configure:6657: gcc -o conftest  -g -O2 -pthread  -DLINUX -D_REENTRANT -D_GNU_SOURCE   conftest.c  >&5
configure:6657: $? = 0
configure:6674: result: none required
configure:6879: checking for ANSI C header files
configure:6983: result: yes
configure:7005: checking for string.h
configure:7005: result: yes
configure:7005: checking limits.h usability
configure:7005: gcc -c  -g -O2 -pthread  -DLINUX -D_REENTRANT -D_GNU_SOURCE conftest.c >&5
configure:7005: $? = 0
configure:7005: result: yes
configure:7005: checking limits.h presence
configure:7005: gcc -E  -DLINUX -D_REENTRANT -D_GNU_SOURCE conftest.c
configure:7005: $? = 0
configure:7005: result: yes
configure:7005: checking for limits.h
configure:7005: result: yes
configure:7005: checking for unistd.h
configure:7005: result: yes
configure:7005: checking sys/socket.h usability
configure:7005: gcc -c  -g -O2 -pthread  -DLINUX -D_REENTRANT -D_GNU_SOURCE conftest.c >&5
configure:7005: $? = 0
configure:7005: result: yes
configure:7005: checking sys/socket.h presence
configure:7005: gcc -E  -DLINUX -D_REENTRANT -D_GNU_SOURCE conftest.c
configure:7005: $? = 0
configure:7005: result: yes
configure:7005: checking for sys/socket.h
configure:7005: result: yes
configure:7005: checking pwd.h usability
configure:7005: gcc -c  -g -O2 -pthread  -DLINUX -D_REENTRANT -D_GNU_SOURCE conftest.c >&5
configure:7005: $? = 0
configure:7005: result: yes
configure:7005: checking pwd.h presence
configure:7005: gcc -E  -DLINUX -D_REENTRANT -D_GNU_SOURCE conftest.c
configure:7005: $? = 0
configure:7005: result: yes
configure:7005: checking for pwd.h
configure:7005: result: yes
configure:7005: checking grp.h usability
configure:7005: gcc -c  -g -O2 -pthread  -DLINUX -D_REENTRANT -D_GNU_SOURCE conftest.c >&5
configure:7005: $? = 0
configure:7005: result: yes
configure:7005: checking grp.h presence
configure:7005: gcc -E  -DLINUX -D_REENTRANT -D_GNU_SOURCE conftest.c
configure:7005: $? = 0
configure:7005: result: yes
configure:7005: checking for grp.h
configure:7005: result: yes
configure:7005: checking for strings.h
configure:7005: result: yes
configure:7005: checking sys/prctl.h usability
configure:7005: gcc -c  -g -O2 -pthread  -DLINUX -D_REENTRANT -D_GNU_SOURCE conftest.c >&5
configure:7005: $? = 0
configure:7005: result: yes
configure:7005: checking sys/prctl.h presence
configure:7005: gcc -E  -DLINUX -D_REENTRANT -D_GNU_SOURCE conftest.c
configure:7005: $? = 0
configure:7005: result: yes
configure:7005: checking for sys/prctl.h
configure:7005: result: yes
configure:7005: checking sys/processor.h usability
configure:7005: gcc -c  -g -O2 -pthread  -DLINUX -D_REENTRANT -D_GNU_SOURCE conftest.c >&5
conftest.c:66:27: fatal error: sys/processor.h: No such file or directory
 #include <sys/processor.h>
                           ^
compilation terminated.
configure:7005: $? = 1
configure: failed program was:
| /* confdefs.h */
| #define PACKAGE_NAME ""
| #define PACKAGE_TARNAME ""
| #define PACKAGE_VERSION ""
| #define PACKAGE_STRING ""
| #define PACKAGE_BUGREPORT ""
| #define PACKAGE_URL ""
| #define STDC_HEADERS 1
| #define HAVE_SYS_TYPES_H 1
| #define HAVE_SYS_STAT_H 1
| #define HAVE_STDLIB_H 1
| #define HAVE_STRING_H 1
| #define HAVE_MEMORY_H 1
| #define HAVE_STRINGS_H 1
| #define HAVE_INTTYPES_H 1
| #define HAVE_STDINT_H 1
| #define HAVE_UNISTD_H 1
| #define __EXTENSIONS__ 1
| #define _ALL_SOURCE 1
| #define _GNU_SOURCE 1
| #define _POSIX_PTHREAD_SEMANTICS 1
| #define _TANDEM_SOURCE 1
| #define STDC_HEADERS 1
| #define HAVE_STRING_H 1
| #define HAVE_LIMITS_H 1
| #define HAVE_UNISTD_H 1
| #define HAVE_SYS_SOCKET_H 1
| #define HAVE_PWD_H 1
| #define HAVE_GRP_H 1
| #define HAVE_STRINGS_H 1
| #define HAVE_SYS_PRCTL_H 1
| /* end confdefs.h.  */
| #include <stdio.h>
| #ifdef HAVE_SYS_TYPES_H
| # include <sys/types.h>
| #endif
| #ifdef HAVE_SYS_STAT_H
| # include <sys/stat.h>
| #endif
| #ifdef STDC_HEADERS
| # include <stdlib.h>
| # include <stddef.h>
| #else
| # ifdef HAVE_STDLIB_H
| #  include <stdlib.h>
| # endif
| #endif
| #ifdef HAVE_STRING_H
| # if !defined STDC_HEADERS && defined HAVE_MEMORY_H
| #  include <memory.h>
| # endif
| # include <string.h>
| #endif
| #ifdef HAVE_STRINGS_H
| # include <strings.h>
| #endif
| #ifdef HAVE_INTTYPES_H
| # include <inttypes.h>
| #endif
| #ifdef HAVE_STDINT_H
| # include <stdint.h>
| #endif
| #ifdef HAVE_UNISTD_H
| # include <unistd.h>
| #endif
| #include <sys/processor.h>
configure:7005: result: no
configure:7005: checking sys/processor.h presence
configure:7005: gcc -E  -DLINUX -D_REENTRANT -D_GNU_SOURCE conftest.c
conftest.c:33:27: fatal error: sys/processor.h: No such file or directory
 #include <sys/processor.h>
                           ^
compilation terminated.
configure:7005: $? = 1
configure: failed program was:
| /* confdefs.h */
| #define PACKAGE_NAME ""
| #define PACKAGE_TARNAME ""
| #define PACKAGE_VERSION ""
| #define PACKAGE_STRING ""
| #define PACKAGE_BUGREPORT ""
| #define PACKAGE_URL ""
| #define STDC_HEADERS 1
| #define HAVE_SYS_TYPES_H 1
| #define HAVE_SYS_STAT_H 1
| #define HAVE_STDLIB_H 1
| #define HAVE_STRING_H 1
| #define HAVE_MEMORY_H 1
| #define HAVE_STRINGS_H 1
| #define HAVE_INTTYPES_H 1
| #define HAVE_STDINT_H 1
| #define HAVE_UNISTD_H 1
| #define __EXTENSIONS__ 1
| #define _ALL_SOURCE 1
| #define _GNU_SOURCE 1
| #define _POSIX_PTHREAD_SEMANTICS 1
| #define _TANDEM_SOURCE 1
| #define STDC_HEADERS 1
| #define HAVE_STRING_H 1
| #define HAVE_LIMITS_H 1
| #define HAVE_UNISTD_H 1
| #define HAVE_SYS_SOCKET_H 1
| #define HAVE_PWD_H 1
| #define HAVE_GRP_H 1
| #define HAVE_STRINGS_H 1
| #define HAVE_SYS_PRCTL_H 1
| /* end confdefs.h.  */
| #include <sys/processor.h>
configure:7005: result: no
configure:7005: checking for sys/processor.h
configure:7005: result: no
configure:7005: checking sys/sem.h usability
configure:7005: gcc -c  -g -O2 -pthread  -DLINUX -D_REENTRANT -D_GNU_SOURCE conftest.c >&5
configure:7005: $? = 0
configure:7005: result: yes
configure:7005: checking sys/sem.h presence
configure:7005: gcc -E  -DLINUX -D_REENTRANT -D_GNU_SOURCE conftest.c
configure:7005: $? = 0
configure:7005: result: yes
configure:7005: checking for sys/sem.h
configure:7005: result: yes
configure:7015: checking for sys/wait.h that is POSIX.1 compatible
configure:7041: gcc -c  -g -O2 -pthread  -DLINUX -D_REENTRANT -D_GNU_SOURCE conftest.c >&5
configure:7041: $? = 0
configure:7048: result: yes
configure:7058: checking for an ANSI C-conforming const
configure:7124: gcc -c  -g -O2 -pthread  -DLINUX -D_REENTRANT -D_GNU_SOURCE conftest.c >&5
configure:7124: $? = 0
configure:7131: result: yes
configure:7140: checking for library containing sqrt
configure:7171: gcc -o conftest  -g -O2 -pthread  -DLINUX -D_REENTRANT -D_GNU_SOURCE   conftest.c  >&5
conftest.c:42:6: warning: conflicting types for built-in function 'sqrt' [enabled by default]
 char sqrt ();
      ^
/tmp/ccpjHoZE.o: In function `main':
/home/sekharvaana/Desktop/TomacatLoadbalance/httpd-2.2.34/conftest.c:46: undefined reference to `sqrt'
collect2: error: ld returned 1 exit status
configure:7171: $? = 1
configure: failed program was:
| /* confdefs.h */
| #define PACKAGE_NAME ""
| #define PACKAGE_TARNAME ""
| #define PACKAGE_VERSION ""
| #define PACKAGE_STRING ""
| #define PACKAGE_BUGREPORT ""
| #define PACKAGE_URL ""
| #define STDC_HEADERS 1
| #define HAVE_SYS_TYPES_H 1
| #define HAVE_SYS_STAT_H 1
| #define HAVE_STDLIB_H 1
| #define HAVE_STRING_H 1
| #define HAVE_MEMORY_H 1
| #define HAVE_STRINGS_H 1
| #define HAVE_INTTYPES_H 1
| #define HAVE_STDINT_H 1
| #define HAVE_UNISTD_H 1
| #define __EXTENSIONS__ 1
| #define _ALL_SOURCE 1
| #define _GNU_SOURCE 1
| #define _POSIX_PTHREAD_SEMANTICS 1
| #define _TANDEM_SOURCE 1
| #define STDC_HEADERS 1
| #define HAVE_STRING_H 1
| #define HAVE_LIMITS_H 1
| #define HAVE_UNISTD_H 1
| #define HAVE_SYS_SOCKET_H 1
| #define HAVE_PWD_H 1
| #define HAVE_GRP_H 1
| #define HAVE_STRINGS_H 1
| #define HAVE_SYS_PRCTL_H 1
| #define HAVE_SYS_SEM_H 1
| #define HAVE_SYS_WAIT_H 1
| /* end confdefs.h.  */
| 
| /* Override any GCC internal prototype to avoid an error.
|    Use char because int might match the return type of a GCC
|    builtin and then its argument prototype would still apply.  */
| #ifdef __cplusplus
| extern "C"
| #endif
| char sqrt ();
| int
| main ()
| {
| return sqrt ();
|   ;
|   return 0;
| }
configure:7171: gcc -o conftest  -g -O2 -pthread  -DLINUX -D_REENTRANT -D_GNU_SOURCE   conftest.c -lm   >&5
conftest.c:42:6: warning: conflicting types for built-in function 'sqrt' [enabled by default]
 char sqrt ();
      ^
configure:7171: $? = 0
configure:7188: result: -lm
configure:7199: checking for library containing crypt
configure:7230: gcc -o conftest  -g -O2 -pthread  -DLINUX -D_REENTRANT -D_GNU_SOURCE   conftest.c  >&5
/tmp/ccYz4lbM.o: In function `main':
/home/sekharvaana/Desktop/TomacatLoadbalance/httpd-2.2.34/conftest.c:46: undefined reference to `crypt'
collect2: error: ld returned 1 exit status
configure:7230: $? = 1
configure: failed program was:
| /* confdefs.h */
| #define PACKAGE_NAME ""
| #define PACKAGE_TARNAME ""
| #define PACKAGE_VERSION ""
| #define PACKAGE_STRING ""
| #define PACKAGE_BUGREPORT ""
| #define PACKAGE_URL ""
| #define STDC_HEADERS 1
| #define HAVE_SYS_TYPES_H 1
| #define HAVE_SYS_STAT_H 1
| #define HAVE_STDLIB_H 1
| #define HAVE_STRING_H 1
| #define HAVE_MEMORY_H 1
| #define HAVE_STRINGS_H 1
| #define HAVE_INTTYPES_H 1
| #define HAVE_STDINT_H 1
| #define HAVE_UNISTD_H 1
| #define __EXTENSIONS__ 1
| #define _ALL_SOURCE 1
| #define _GNU_SOURCE 1
| #define _POSIX_PTHREAD_SEMANTICS 1
| #define _TANDEM_SOURCE 1
| #define STDC_HEADERS 1
| #define HAVE_STRING_H 1
| #define HAVE_LIMITS_H 1
| #define HAVE_UNISTD_H 1
| #define HAVE_SYS_SOCKET_H 1
| #define HAVE_PWD_H 1
| #define HAVE_GRP_H 1
| #define HAVE_STRINGS_H 1
| #define HAVE_SYS_PRCTL_H 1
| #define HAVE_SYS_SEM_H 1
| #define HAVE_SYS_WAIT_H 1
| /* end confdefs.h.  */
| 
| /* Override any GCC internal prototype to avoid an error.
|    Use char because int might match the return type of a GCC
|    builtin and then its argument prototype would still apply.  */
| #ifdef __cplusplus
| extern "C"
| #endif
| char crypt ();
| int
| main ()
| {
| return crypt ();
|   ;
|   return 0;
| }
configure:7230: gcc -o conftest  -g -O2 -pthread  -DLINUX -D_REENTRANT -D_GNU_SOURCE   conftest.c -lcrypt   >&5
configure:7230: $? = 0
configure:7247: result: -lcrypt
configure:7274: checking for getpwnam
configure:7274: gcc -o conftest  -g -O2 -pthread  -DLINUX -D_REENTRANT -D_GNU_SOURCE   conftest.c -lm  >&5
configure:7274: $? = 0
configure:7274: result: yes
configure:7274: checking for getgrnam
configure:7274: gcc -o conftest  -g -O2 -pthread  -DLINUX -D_REENTRANT -D_GNU_SOURCE   conftest.c -lm  >&5
configure:7274: $? = 0
configure:7274: result: yes
configure:7274: checking for initgroups
configure:7274: gcc -o conftest  -g -O2 -pthread  -DLINUX -D_REENTRANT -D_GNU_SOURCE   conftest.c -lm  >&5
configure:7274: $? = 0
configure:7274: result: yes
configure:7274: checking for bindprocessor
configure:7274: gcc -o conftest  -g -O2 -pthread  -DLINUX -D_REENTRANT -D_GNU_SOURCE   conftest.c -lm  >&5
/tmp/ccpySUyY.o: In function `main':
/home/sekharvaana/Desktop/TomacatLoadbalance/httpd-2.2.34/conftest.c:72: undefined reference to `bindprocessor'
collect2: error: ld returned 1 exit status
configure:7274: $? = 1
configure: failed program was:
| /* confdefs.h */
| #define PACKAGE_NAME ""
| #define PACKAGE_TARNAME ""
| #define PACKAGE_VERSION ""
| #define PACKAGE_STRING ""
| #define PACKAGE_BUGREPORT ""
| #define PACKAGE_URL ""
| #define STDC_HEADERS 1
| #define HAVE_SYS_TYPES_H 1
| #define HAVE_SYS_STAT_H 1
| #define HAVE_STDLIB_H 1
| #define HAVE_STRING_H 1
| #define HAVE_MEMORY_H 1
| #define HAVE_STRINGS_H 1
| #define HAVE_INTTYPES_H 1
| #define HAVE_STDINT_H 1
| #define HAVE_UNISTD_H 1
| #define __EXTENSIONS__ 1
| #define _ALL_SOURCE 1
| #define _GNU_SOURCE 1
| #define _POSIX_PTHREAD_SEMANTICS 1
| #define _TANDEM_SOURCE 1
| #define STDC_HEADERS 1
| #define HAVE_STRING_H 1
| #define HAVE_LIMITS_H 1
| #define HAVE_UNISTD_H 1
| #define HAVE_SYS_SOCKET_H 1
| #define HAVE_PWD_H 1
| #define HAVE_GRP_H 1
| #define HAVE_STRINGS_H 1
| #define HAVE_SYS_PRCTL_H 1
| #define HAVE_SYS_SEM_H 1
| #define HAVE_SYS_WAIT_H 1
| #define HAVE_GETPWNAM 1
| #define HAVE_GETGRNAM 1
| #define HAVE_INITGROUPS 1
| /* end confdefs.h.  */
| /* Define bindprocessor to an innocuous variant, in case <limits.h> declares bindprocessor.
|    For example, HP-UX 11i <limits.h> declares gettimeofday.  */
| #define bindprocessor innocuous_bindprocessor
| 
| /* System header to define __stub macros and hopefully few prototypes,
|     which can conflict with char bindprocessor (); below.
|     Prefer <limits.h> to <assert.h> if __STDC__ is defined, since
|     <limits.h> exists even on freestanding compilers.  */
| 
| #ifdef __STDC__
| # include <limits.h>
| #else
| # include <assert.h>
| #endif
| 
| #undef bindprocessor
| 
| /* Override any GCC internal prototype to avoid an error.
|    Use char because int might match the return type of a GCC
|    builtin and then its argument prototype would still apply.  */
| #ifdef __cplusplus
| extern "C"
| #endif
| char bindprocessor ();
| /* The GNU C library defines this for functions which it implements
|     to always fail with ENOSYS.  Some functions are actually named
|     something starting with __ and the normal name is an alias.  */
| #if defined __stub_bindprocessor || defined __stub___bindprocessor
| choke me
| #endif
| 
| int
| main ()
| {
| return bindprocessor ();
|   ;
|   return 0;
| }
configure:7274: result: no
configure:7274: checking for prctl
configure:7274: gcc -o conftest  -g -O2 -pthread  -DLINUX -D_REENTRANT -D_GNU_SOURCE   conftest.c -lm  >&5
configure:7274: $? = 0
configure:7274: result: yes
configure:7274: checking for timegm
configure:7274: gcc -o conftest  -g -O2 -pthread  -DLINUX -D_REENTRANT -D_GNU_SOURCE   conftest.c -lm  >&5
configure:7274: $? = 0
configure:7274: result: yes
configure:7274: checking for getpgid
configure:7274: gcc -o conftest  -g -O2 -pthread  -DLINUX -D_REENTRANT -D_GNU_SOURCE   conftest.c -lm  >&5
configure:7274: $? = 0
configure:7274: result: yes
configure:7286: checking for void pointer length
configure:7302: gcc -o conftest  -g -O2 -pthread  -DLINUX -D_REENTRANT -D_GNU_SOURCE   conftest.c -lm  >&5
configure:7302: $? = 0
configure:7302: ./conftest
configure:7302: $? = 0
configure:7312: result: no
configure:7320: checking for tm_gmtoff in struct tm
configure:7337: gcc -c  -g -O2 -pthread  -DLINUX -D_REENTRANT -D_GNU_SOURCE conftest.c >&5
configure:7337: $? = 0
configure:7344: result: yes
configure:7580: checking whether to enable mod_authn_file
configure:7618: result: yes (default)
configure:7673: checking whether to enable mod_authn_dbm
configure:7711: result: no
configure:7766: checking whether to enable mod_authn_anon
configure:7804: result: no
configure:7859: checking whether to enable mod_authn_dbd
configure:7897: result: no
configure:7953: checking whether to enable mod_authn_default
configure:7991: result: yes (default)
configure:8047: checking whether to enable mod_authn_alias
configure:8085: result: no
configure:8141: checking whether to enable mod_authz_host
configure:8179: result: yes (default)
configure:8234: checking whether to enable mod_authz_groupfile
configure:8272: result: yes (default)
configure:8327: checking whether to enable mod_authz_user
configure:8365: result: yes (default)
configure:8420: checking whether to enable mod_authz_dbm
configure:8458: result: no
configure:8513: checking whether to enable mod_authz_owner
configure:8551: result: no
configure:8607: checking whether to enable mod_authnz_ldap
configure:8659: result: no
configure:8715: checking whether to enable mod_authz_default
configure:8753: result: yes (default)
configure:8810: checking whether to enable mod_auth_basic
configure:8848: result: yes (default)
configure:8903: checking whether to enable mod_auth_digest
configure:8980: result: no
configure:9061: checking whether to enable mod_isapi
configure:9099: result: no
configure:9180: checking whether to enable mod_file_cache
configure:9218: result: no
configure:9276: checking whether to enable mod_cache
configure:9314: result: no
configure:9369: checking whether to enable mod_disk_cache
configure:9407: result: no
configure:9462: checking whether to enable mod_mem_cache
configure:9500: result: no
configure:9580: checking whether to enable mod_dbd
configure:9618: result: no
configure:9698: checking whether to enable mod_bucketeer
configure:9736: result: no
configure:9791: checking whether to enable mod_dumpio
configure:9829: result: no
configure:9910: checking whether to enable mod_echo
configure:9948: result: no
configure:10028: checking whether to enable mod_example
configure:10066: result: no
configure:10121: checking whether to enable mod_case_filter
configure:10159: result: no
configure:10214: checking whether to enable mod_case_filter_in
configure:10252: result: no
configure:10333: checking whether to enable mod_reqtimeout
configure:10371: result: no
configure:10426: checking whether to enable mod_ext_filter
configure:10464: result: no
configure:10519: checking whether to enable mod_include
configure:10557: result: yes (default)
configure:10612: checking whether to enable mod_filter
configure:10650: result: yes (default)
configure:10705: checking whether to enable mod_substitute
configure:10743: result: no
configure:10896: checking whether to enable mod_charset_lite
configure:10934: result: no
configure:10992: checking whether to enable mod_deflate
configure:11222: result: no
configure:11304: checking whether to enable mod_ldap
configure:11356: result: no
configure:11437: checking whether to enable mod_log_config
configure:11475: result: yes (default)
configure:11530: checking whether to enable mod_log_forensic
configure:11568: result: no
configure:11649: checking whether to enable mod_logio
configure:11687: result: no
configure:11768: checking whether to enable mod_env
configure:11806: result: yes (default)
configure:11861: checking whether to enable mod_mime_magic
configure:11899: result: no
configure:11954: checking whether to enable mod_cern_meta
configure:11992: result: no
configure:12047: checking whether to enable mod_expires
configure:12085: result: no
configure:12140: checking whether to enable mod_headers
configure:12178: result: no
configure:12233: checking whether to enable mod_ident
configure:12271: result: no
configure:12327: checking whether to enable mod_usertrack
configure:12400: result: no
configure:12456: checking whether to enable mod_unique_id
configure:12494: result: no
configure:12549: checking whether to enable mod_setenvif
configure:12587: result: yes (default)
configure:12642: checking whether to enable mod_version
configure:12680: result: yes (default)
configure:12769: checking whether to enable mod_proxy
configure:12807: result: shared
configure:12883: checking whether to enable mod_proxy_connect
configure:12921: result: shared
configure:12976: checking whether to enable mod_proxy_ftp
configure:13014: result: shared
configure:13069: checking whether to enable mod_proxy_http
configure:13107: result: shared
configure:13162: checking whether to enable mod_proxy_scgi
configure:13200: result: shared
configure:13255: checking whether to enable mod_proxy_ajp
configure:13293: result: shared
configure:13348: checking whether to enable mod_proxy_balancer
configure:13386: result: shared
configure:13491: checking whether to enable mod_ssl
configure:14144: result: no
configure:14248: checking whether to enable mod_optional_hook_export
configure:14286: result: no
configure:14341: checking whether to enable mod_optional_hook_import
configure:14379: result: no
configure:14434: checking whether to enable mod_optional_fn_import
configure:14472: result: no
configure:14527: checking whether to enable mod_optional_fn_export
configure:14565: result: no
configure:14658: checking for target platform
configure:14687: result: unix
configure:14719: checking for rlim_t
configure:14740: gcc -c  -g -O2 -pthread  -DLINUX -D_REENTRANT -D_GNU_SOURCE conftest.c >&5
configure:14740: $? = 0
configure:14751: result: yes
configure:14763: checking sys/time.h usability
configure:14763: gcc -c  -g -O2 -pthread  -DLINUX -D_REENTRANT -D_GNU_SOURCE conftest.c >&5
configure:14763: $? = 0
configure:14763: result: yes
configure:14763: checking sys/time.h presence
configure:14763: gcc -E  -DLINUX -D_REENTRANT -D_GNU_SOURCE conftest.c
configure:14763: $? = 0
configure:14763: result: yes
configure:14763: checking for sys/time.h
configure:14763: result: yes
configure:14763: checking sys/resource.h usability
configure:14763: gcc -c  -g -O2 -pthread  -DLINUX -D_REENTRANT -D_GNU_SOURCE conftest.c >&5
configure:14763: $? = 0
configure:14763: result: yes
configure:14763: checking sys/resource.h presence
configure:14763: gcc -E  -DLINUX -D_REENTRANT -D_GNU_SOURCE conftest.c
configure:14763: $? = 0
configure:14763: result: yes
configure:14763: checking for sys/resource.h
configure:14763: result: yes
configure:14763: checking for sys/sem.h
configure:14763: result: yes
configure:14763: checking sys/ipc.h usability
configure:14763: gcc -c  -g -O2 -pthread  -DLINUX -D_REENTRANT -D_GNU_SOURCE conftest.c >&5
configure:14763: $? = 0
configure:14763: result: yes
configure:14763: checking sys/ipc.h presence
configure:14763: gcc -E  -DLINUX -D_REENTRANT -D_GNU_SOURCE conftest.c
configure:14763: $? = 0
configure:14763: result: yes
configure:14763: checking for sys/ipc.h
configure:14763: result: yes
configure:14777: checking for setsid
configure:14777: gcc -o conftest  -g -O2 -pthread  -DLINUX -D_REENTRANT -D_GNU_SOURCE   conftest.c -lm  >&5
configure:14777: $? = 0
configure:14777: result: yes
configure:14777: checking for killpg
configure:14777: gcc -o conftest  -g -O2 -pthread  -DLINUX -D_REENTRANT -D_GNU_SOURCE   conftest.c -lm  >&5
configure:14777: $? = 0
configure:14777: result: yes
configure:14793: checking bstring.h usability
configure:14793: gcc -c  -g -O2 -pthread  -DLINUX -D_REENTRANT -D_GNU_SOURCE conftest.c >&5
conftest.c:82:21: fatal error: bstring.h: No such file or directory
 #include <bstring.h>
                     ^
compilation terminated.
configure:14793: $? = 1
configure: failed program was:
| /* confdefs.h */
| #define PACKAGE_NAME ""
| #define PACKAGE_TARNAME ""
| #define PACKAGE_VERSION ""
| #define PACKAGE_STRING ""
| #define PACKAGE_BUGREPORT ""
| #define PACKAGE_URL ""
| #define STDC_HEADERS 1
| #define HAVE_SYS_TYPES_H 1
| #define HAVE_SYS_STAT_H 1
| #define HAVE_STDLIB_H 1
| #define HAVE_STRING_H 1
| #define HAVE_MEMORY_H 1
| #define HAVE_STRINGS_H 1
| #define HAVE_INTTYPES_H 1
| #define HAVE_STDINT_H 1
| #define HAVE_UNISTD_H 1
| #define __EXTENSIONS__ 1
| #define _ALL_SOURCE 1
| #define _GNU_SOURCE 1
| #define _POSIX_PTHREAD_SEMANTICS 1
| #define _TANDEM_SOURCE 1
| #define STDC_HEADERS 1
| #define HAVE_STRING_H 1
| #define HAVE_LIMITS_H 1
| #define HAVE_UNISTD_H 1
| #define HAVE_SYS_SOCKET_H 1
| #define HAVE_PWD_H 1
| #define HAVE_GRP_H 1
| #define HAVE_STRINGS_H 1
| #define HAVE_SYS_PRCTL_H 1
| #define HAVE_SYS_SEM_H 1
| #define HAVE_SYS_WAIT_H 1
| #define HAVE_GETPWNAM 1
| #define HAVE_GETGRNAM 1
| #define HAVE_INITGROUPS 1
| #define HAVE_PRCTL 1
| #define HAVE_TIMEGM 1
| #define HAVE_GETPGID 1
| #define HAVE_GMTOFF 1
| #define AP_ENABLE_V4_MAPPED 1
| #define HAVE_SYS_TIME_H 1
| #define HAVE_SYS_RESOURCE_H 1
| #define HAVE_SYS_SEM_H 1
| #define HAVE_SYS_IPC_H 1
| #define HAVE_SETSID 1
| #define HAVE_KILLPG 1
| /* end confdefs.h.  */
| #include <stdio.h>
| #ifdef HAVE_SYS_TYPES_H
| # include <sys/types.h>
| #endif
| #ifdef HAVE_SYS_STAT_H
| # include <sys/stat.h>
| #endif
| #ifdef STDC_HEADERS
| # include <stdlib.h>
| # include <stddef.h>
| #else
| # ifdef HAVE_STDLIB_H
| #  include <stdlib.h>
| # endif
| #endif
| #ifdef HAVE_STRING_H
| # if !defined STDC_HEADERS && defined HAVE_MEMORY_H
| #  include <memory.h>
| # endif
| # include <string.h>
| #endif
| #ifdef HAVE_STRINGS_H
| # include <strings.h>
| #endif
| #ifdef HAVE_INTTYPES_H
| # include <inttypes.h>
| #endif
| #ifdef HAVE_STDINT_H
| # include <stdint.h>
| #endif
| #ifdef HAVE_UNISTD_H
| # include <unistd.h>
| #endif
| #include <bstring.h>
configure:14793: result: no
configure:14793: checking bstring.h presence
configure:14793: gcc -E  -DLINUX -D_REENTRANT -D_GNU_SOURCE conftest.c
conftest.c:49:21: fatal error: bstring.h: No such file or directory
 #include <bstring.h>
                     ^
compilation terminated.
configure:14793: $? = 1
configure: failed program was:
| /* confdefs.h */
| #define PACKAGE_NAME ""
| #define PACKAGE_TARNAME ""
| #define PACKAGE_VERSION ""
| #define PACKAGE_STRING ""
| #define PACKAGE_BUGREPORT ""
| #define PACKAGE_URL ""
| #define STDC_HEADERS 1
| #define HAVE_SYS_TYPES_H 1
| #define HAVE_SYS_STAT_H 1
| #define HAVE_STDLIB_H 1
| #define HAVE_STRING_H 1
| #define HAVE_MEMORY_H 1
| #define HAVE_STRINGS_H 1
| #define HAVE_INTTYPES_H 1
| #define HAVE_STDINT_H 1
| #define HAVE_UNISTD_H 1
| #define __EXTENSIONS__ 1
| #define _ALL_SOURCE 1
| #define _GNU_SOURCE 1
| #define _POSIX_PTHREAD_SEMANTICS 1
| #define _TANDEM_SOURCE 1
| #define STDC_HEADERS 1
| #define HAVE_STRING_H 1
| #define HAVE_LIMITS_H 1
| #define HAVE_UNISTD_H 1
| #define HAVE_SYS_SOCKET_H 1
| #define HAVE_PWD_H 1
| #define HAVE_GRP_H 1
| #define HAVE_STRINGS_H 1
| #define HAVE_SYS_PRCTL_H 1
| #define HAVE_SYS_SEM_H 1
| #define HAVE_SYS_WAIT_H 1
| #define HAVE_GETPWNAM 1
| #define HAVE_GETGRNAM 1
| #define HAVE_INITGROUPS 1
| #define HAVE_PRCTL 1
| #define HAVE_TIMEGM 1
| #define HAVE_GETPGID 1
| #define HAVE_GMTOFF 1
| #define AP_ENABLE_V4_MAPPED 1
| #define HAVE_SYS_TIME_H 1
| #define HAVE_SYS_RESOURCE_H 1
| #define HAVE_SYS_SEM_H 1
| #define HAVE_SYS_IPC_H 1
| #define HAVE_SETSID 1
| #define HAVE_KILLPG 1
| /* end confdefs.h.  */
| #include <bstring.h>
configure:14793: result: no
configure:14793: checking for bstring.h
configure:14793: result: no
configure:14793: checking for unistd.h
configure:14793: result: yes
configure:14808: checking for syslog
configure:14808: gcc -o conftest  -g -O2 -pthread  -DLINUX -D_REENTRANT -D_GNU_SOURCE   conftest.c -lm  >&5
configure:14808: $? = 0
configure:14808: result: yes
configure:14820: checking sys/times.h usability
configure:14820: gcc -c  -g -O2 -pthread  -DLINUX -D_REENTRANT -D_GNU_SOURCE conftest.c >&5
configure:14820: $? = 0
configure:14820: result: yes
configure:14820: checking sys/times.h presence
configure:14820: gcc -E  -DLINUX -D_REENTRANT -D_GNU_SOURCE conftest.c
configure:14820: $? = 0
configure:14820: result: yes
configure:14820: checking for sys/times.h
configure:14820: result: yes
configure:14832: checking for times
configure:14832: gcc -o conftest  -g -O2 -pthread  -DLINUX -D_REENTRANT -D_GNU_SOURCE   conftest.c -lm  >&5
configure:14832: $? = 0
configure:14832: result: yes
configure:14842: checking which MPM to use
configure:14858: result: prefork
configure:15737: checking whether to enable mod_http
configure:15775: result: yes
configure:15830: checking whether to enable mod_mime
configure:15868: result: yes (default)
configure:15937: checking for extra modules
configure:15997: result: none
configure:16022: checking whether to enable mod_dav
configure:16060: result: no
configure:16168: checking whether to enable mod_status
configure:16206: result: yes (default)
configure:16261: checking whether to enable mod_autoindex
configure:16299: result: yes (default)
configure:16354: checking whether to enable mod_asis
configure:16392: result: yes (default)
configure:16447: checking whether to enable mod_info
configure:16485: result: no
configure:16540: checking whether to enable mod_suexec
configure:16590: result: no
configure:16848: checking whether to enable mod_cgi
configure:16886: result: yes (default)
configure:16941: checking whether to enable mod_cgid
configure:16979: result: no
configure:17233: checking whether to enable mod_dav_fs
configure:17271: result: no
configure:17361: checking whether to enable mod_dav_lock
configure:17399: result: no
configure:17480: checking whether to enable mod_vhost_alias
configure:17518: result: no
configure:17573: checking whether to enable mod_negotiation
configure:17611: result: yes (default)
configure:17666: checking whether to enable mod_dir
configure:17704: result: yes (default)
configure:17759: checking whether to enable mod_imagemap
configure:17797: result: no
configure:17852: checking whether to enable mod_actions
configure:17890: result: yes (default)
configure:17945: checking whether to enable mod_speling
configure:17983: result: no
configure:18038: checking whether to enable mod_userdir
configure:18076: result: yes (default)
configure:18131: checking whether to enable mod_alias
configure:18169: result: yes (default)
configure:18225: checking whether to enable mod_rewrite
configure:18263: result: shared
configure:18402: checking whether to enable mod_so
configure:18440: result: yes
configure:19451: creating ./config.status

## ---------------------- ##
## Running config.status. ##
## ---------------------- ##

This file was extended by config.status, which was
generated by GNU Autoconf 2.69.  Invocation command line was

  CONFIG_FILES    = 
  CONFIG_HEADERS  = 
  CONFIG_LINKS    = 
  CONFIG_COMMANDS = 
  $ ./config.status 

on administrator-Aspire-E5-571

config.status:1121: creating docs/conf/httpd.conf
config.status:1121: creating docs/conf/extra/httpd-autoindex.conf
config.status:1121: creating docs/conf/extra/httpd-dav.conf
config.status:1121: creating docs/conf/extra/httpd-default.conf
config.status:1121: creating docs/conf/extra/httpd-info.conf
config.status:1121: creating docs/conf/extra/httpd-languages.conf
config.status:1121: creating docs/conf/extra/httpd-manual.conf
config.status:1121: creating docs/conf/extra/httpd-mpm.conf
config.status:1121: creating docs/conf/extra/httpd-multilang-errordoc.conf
config.status:1121: creating docs/conf/extra/httpd-ssl.conf
config.status:1121: creating docs/conf/extra/httpd-userdir.conf
config.status:1121: creating docs/conf/extra/httpd-vhosts.conf
config.status:1121: creating include/ap_config_layout.h
config.status:1121: creating support/apxs
config.status:1121: creating support/apachectl
config.status:1121: creating support/dbmmanage
config.status:1121: creating support/envvars-std
config.status:1121: creating support/log_server_status
config.status:1121: creating support/logresolve.pl
config.status:1121: creating support/phf_abuse_log.cgi
config.status:1121: creating support/split-logfile
config.status:1121: creating build/rules.mk
config.status:1121: creating build/pkg/pkginfo
config.status:1121: creating build/config_vars.sh
config.status:1121: creating include/ap_config_auto.h
config.status:1305: executing default commands

## ---------------- ##
## Cache variables. ##
## ---------------- ##

ac_cv_build=x86_64-unknown-linux-gnu
ac_cv_c_compiler_gnu=yes
ac_cv_c_const=yes
ac_cv_define_APR_HAS_DSO=yes
ac_cv_define_APR_HAVE_IPV6=yes
ac_cv_env_CC_set=
ac_cv_env_CC_value=
ac_cv_env_CFLAGS_set=
ac_cv_env_CFLAGS_value=
ac_cv_env_CPPFLAGS_set=
ac_cv_env_CPPFLAGS_value=
ac_cv_env_CPP_set=
ac_cv_env_CPP_value=
ac_cv_env_LDFLAGS_set=
ac_cv_env_LDFLAGS_value=
ac_cv_env_LIBS_set=
ac_cv_env_LIBS_value=
ac_cv_env_build_alias_set=
ac_cv_env_build_alias_value=
ac_cv_env_host_alias_set=
ac_cv_env_host_alias_value=
ac_cv_env_target_alias_set=
ac_cv_env_target_alias_value=
ac_cv_func_bindprocessor=no
ac_cv_func_getgrnam=yes
ac_cv_func_getpgid=yes
ac_cv_func_getpwnam=yes
ac_cv_func_initgroups=yes
ac_cv_func_killpg=yes
ac_cv_func_prctl=yes
ac_cv_func_setsid=yes
ac_cv_func_syslog=yes
ac_cv_func_timegm=yes
ac_cv_func_times=yes
ac_cv_header_bstring_h=no
ac_cv_header_grp_h=yes
ac_cv_header_inttypes_h=yes
ac_cv_header_limits_h=yes
ac_cv_header_memory_h=yes
ac_cv_header_minix_config_h=no
ac_cv_header_pwd_h=yes
ac_cv_header_stdc=yes
ac_cv_header_stdint_h=yes
ac_cv_header_stdlib_h=yes
ac_cv_header_string_h=yes
ac_cv_header_strings_h=yes
ac_cv_header_sys_ipc_h=yes
ac_cv_header_sys_prctl_h=yes
ac_cv_header_sys_processor_h=no
ac_cv_header_sys_resource_h=yes
ac_cv_header_sys_sem_h=yes
ac_cv_header_sys_socket_h=yes
ac_cv_header_sys_stat_h=yes
ac_cv_header_sys_time_h=yes
ac_cv_header_sys_times_h=yes
ac_cv_header_sys_types_h=yes
ac_cv_header_sys_wait_h=yes
ac_cv_header_unistd_h=yes
ac_cv_host=x86_64-unknown-linux-gnu
ac_cv_mkdir_p=yes
ac_cv_objext=o
ac_cv_path_EGREP='/bin/grep -E'
ac_cv_path_GREP=/bin/grep
ac_cv_path_PKGCONFIG=/usr/bin/pkg-config
ac_cv_path_RM=/bin/rm
ac_cv_path_RSYNC=/usr/bin/rsync
ac_cv_prog_AWK=mawk
ac_cv_prog_CPP='gcc -E'
ac_cv_prog_ac_ct_CC=gcc
ac_cv_prog_ac_ct_RANLIB=ranlib
ac_cv_prog_cc_c89=
ac_cv_prog_cc_g=yes
ac_cv_safe_to_define___extensions__=yes
ac_cv_search_crypt=-lcrypt
ac_cv_search_sqrt=-lm
ac_cv_search_strerror='none required'
ac_cv_struct_tm_gmtoff=yes
ac_cv_target=x86_64-unknown-linux-gnu
ac_cv_type_rlim_t=yes
ap_cv_void_ptr_lt_long=no
apache_cv_mpm=prefork

## ----------------- ##
## Output variables. ##
## ----------------- ##

APACHECTL_ULIMIT='ulimit -S -n `ulimit -H -n`'
APR_BINDIR='/usr/local/apache/bin'
APR_CONFIG='/usr/local/apache/bin/apr-1-config'
APR_INCLUDEDIR='/home/sekharvaana/Desktop/TomacatLoadbalance/httpd-2.2.34/srclib/apr/include'
APR_VERSION='1.5.2'
APU_BINDIR='/usr/local/apache/bin'
APU_CONFIG='/usr/local/apache/bin/apu-1-config'
APU_INCLUDEDIR='/home/sekharvaana/Desktop/TomacatLoadbalance/httpd-2.2.34/srclib/apr-util/include'
APU_VERSION='1.5.4'
AP_BUILD_SRCLIB_DIRS='apr  apr-util pcre'
AP_CLEAN_SRCLIB_DIRS='apr-util  apr pcre'
AP_LIBS='/home/sekharvaana/Desktop/TomacatLoadbalance/httpd-2.2.34/srclib/pcre/libpcre.la  /home/sekharvaana/Desktop/TomacatLoadbalance/httpd-2.2.34/srclib/apr-util/libaprutil-1.la     /home/sekharvaana/Desktop/TomacatLoadbalance/httpd-2.2.34/srclib/apr-util/xml/expat/libexpat.la  /home/sekharvaana/Desktop/TomacatLoadbalance/httpd-2.2.34/srclib/apr/libapr-1.la -lrt -lcrypt  -lpthread -ldl'
AWK='mawk'
BUILTIN_LIBS=' modules/aaa/libmod_authn_file.la modules/aaa/libmod_authn_default.la modules/aaa/libmod_authz_host.la modules/aaa/libmod_authz_groupfile.la modules/aaa/libmod_authz_user.la modules/aaa/libmod_authz_default.la modules/aaa/libmod_auth_basic.la modules/filters/libmod_include.la modules/filters/libmod_filter.la modules/loggers/libmod_log_config.la modules/metadata/libmod_env.la modules/metadata/libmod_setenvif.la modules/metadata/libmod_version.la modules/http/libmod_http.la modules/http/libmod_mime.la modules/generators/libmod_status.la modules/generators/libmod_autoindex.la modules/generators/libmod_asis.la modules/generators/libmod_cgi.la modules/mappers/libmod_negotiation.la modules/mappers/libmod_dir.la modules/mappers/libmod_actions.la modules/mappers/libmod_userdir.la modules/mappers/libmod_alias.la modules/mappers/libmod_so.la'
CC='gcc'
CFLAGS=''
CORE_IMPLIB=''
CORE_IMPLIB_FILE=''
CPP='gcc -E'
CPPFLAGS=''
CRYPT_LIBS='-lcrypt '
CXX=''
CXXFLAGS=''
DEFS='-DHAVE_CONFIG_H'
DSO_MODULES=' proxy proxy_connect proxy_ftp proxy_http proxy_scgi proxy_ajp proxy_balancer rewrite'
ECHO_C=''
ECHO_N='-n'
ECHO_T=''
EGREP='/bin/grep -E'
EXEEXT=''
EXTRA_CFLAGS=' -g -O2 -pthread'
EXTRA_CPPFLAGS=' -DLINUX -D_REENTRANT -D_GNU_SOURCE'
EXTRA_CXXFLAGS=''
EXTRA_INCLUDES='-I$(top_builddir)/srclib/pcre -I. -I$(top_srcdir)/os/$(OS_DIR) -I$(top_srcdir)/server/mpm/$(MPM_SUBDIR_NAME) -I$(top_srcdir)/modules/http -I$(top_srcdir)/modules/filters -I$(top_srcdir)/modules/proxy -I$(top_srcdir)/include -I$(top_srcdir)/modules/generators -I$(top_srcdir)/modules/mappers -I$(top_srcdir)/modules/database -I/home/sekharvaana/Desktop/TomacatLoadbalance/httpd-2.2.34/srclib/apr/include -I/home/sekharvaana/Desktop/TomacatLoadbalance/httpd-2.2.34/srclib/apr-util/include -I/home/sekharvaana/Desktop/TomacatLoadbalance/httpd-2.2.34/srclib/apr-util/xml/expat/lib -I$(top_srcdir)/modules/proxy/../generators -I$(top_srcdir)/modules/ssl -I$(top_srcdir)/modules/dav/main'
EXTRA_LDFLAGS=' '
EXTRA_LIBS='-lm '
GREP='/bin/grep'
HTTPD_LDFLAGS='-export-dynamic'
HTTPD_VERSION='2.2.34'
INCLUDES=''
INSTALL='$(LIBTOOL) --mode=install $(abs_srcdir)/build/install.sh -c'
INSTALL_DSO='yes'
INSTALL_PROG_FLAGS=''
LDFLAGS=''
LIBOBJS=''
LIBS=''
LIBTOOL='/home/sekharvaana/Desktop/TomacatLoadbalance/httpd-2.2.34/srclib/apr/libtool $(LTFLAGS)'
LN_S='ln -s'
LTCFLAGS='-prefer-non-pic -static'
LTFLAGS='--silent'
LTLIBOBJS=''
LT_LDFLAGS=''
LYNX_PATH='lynx'
MKDEP='$(CC) -MM'
MKINSTALLDIRS='$(abs_srcdir)/build/mkdir.sh'
MK_IMPLIB=''
MODULE_CLEANDIRS=' arch/win32 cache database debug echo experimental ldap ssl test dav/main dav/fs dav/lock'
MODULE_DIRS=' aaa filters loggers metadata proxy http generators mappers'
MOD_ACTIONS_LDADD=''
MOD_ALIAS_LDADD=''
MOD_ASIS_LDADD=''
MOD_AUTHNZ_LDAP_LDADD=''
MOD_AUTHN_ALIAS_LDADD=''
MOD_AUTHN_ANON_LDADD=''
MOD_AUTHN_DBD_LDADD=''
MOD_AUTHN_DBM_LDADD=''
MOD_AUTHN_DEFAULT_LDADD=''
MOD_AUTHN_FILE_LDADD=''
MOD_AUTHZ_DBM_LDADD=''
MOD_AUTHZ_DEFAULT_LDADD=''
MOD_AUTHZ_GROUPFILE_LDADD=''
MOD_AUTHZ_HOST_LDADD=''
MOD_AUTHZ_OWNER_LDADD=''
MOD_AUTHZ_USER_LDADD=''
MOD_AUTH_BASIC_LDADD=''
MOD_AUTH_DIGEST_LDADD=''
MOD_AUTOINDEX_LDADD=''
MOD_BUCKETEER_LDADD=''
MOD_CACHE_LDADD=''
MOD_CASE_FILTER_IN_LDADD=''
MOD_CASE_FILTER_LDADD=''
MOD_CERN_META_LDADD=''
MOD_CGID_LDADD=''
MOD_CGI_LDADD=''
MOD_CHARSET_LITE_LDADD=''
MOD_DAV_FS_LDADD=''
MOD_DAV_LDADD=''
MOD_DAV_LOCK_LDADD=''
MOD_DBD_LDADD=''
MOD_DEFLATE_LDADD=''
MOD_DIR_LDADD=''
MOD_DISK_CACHE_LDADD=''
MOD_DUMPIO_LDADD=''
MOD_ECHO_LDADD=''
MOD_ENV_LDADD=''
MOD_EXAMPLE_LDADD=''
MOD_EXPIRES_LDADD=''
MOD_EXT_FILTER_LDADD=''
MOD_FILE_CACHE_LDADD=''
MOD_FILTER_LDADD=''
MOD_HEADERS_LDADD=''
MOD_HTTP_LDADD=''
MOD_IDENT_LDADD=''
MOD_IMAGEMAP_LDADD=''
MOD_INCLUDE_LDADD=''
MOD_INFO_LDADD=''
MOD_ISAPI_LDADD=''
MOD_LDAP_LDADD=''
MOD_LOGIO_LDADD=''
MOD_LOG_CONFIG_LDADD=''
MOD_LOG_FORENSIC_LDADD=''
MOD_MEM_CACHE_LDADD=''
MOD_MIME_LDADD=''
MOD_MIME_MAGIC_LDADD=''
MOD_NEGOTIATION_LDADD=''
MOD_OPTIONAL_FN_EXPORT_LDADD=''
MOD_OPTIONAL_FN_IMPORT_LDADD=''
MOD_OPTIONAL_HOOK_EXPORT_LDADD=''
MOD_OPTIONAL_HOOK_IMPORT_LDADD=''
MOD_PROXY_AJP_LDADD=''
MOD_PROXY_BALANCER_LDADD=''
MOD_PROXY_CONNECT_LDADD=''
MOD_PROXY_FTP_LDADD=''
MOD_PROXY_HTTP_LDADD=''
MOD_PROXY_LDADD=''
MOD_PROXY_SCGI_LDADD=''
MOD_REQTIMEOUT_LDADD=''
MOD_REWRITE_LDADD=''
MOD_SETENVIF_LDADD=''
MOD_SO_LDADD=''
MOD_SPELING_LDADD=''
MOD_SSL_LDADD=''
MOD_STATUS_LDADD=''
MOD_SUBSTITUTE_LDADD=''
MOD_SUEXEC_LDADD=''
MOD_UNIQUE_ID_LDADD=''
MOD_USERDIR_LDADD=''
MOD_USERTRACK_LDADD=''
MOD_VERSION_LDADD=''
MOD_VHOST_ALIAS_LDADD=''
MPM_LIB='server/mpm/prefork/libprefork.la'
MPM_NAME='prefork'
MPM_SUBDIR_NAME='prefork'
NONPORTABLE_SUPPORT='checkgid'
NOTEST_CFLAGS=''
NOTEST_CPPFLAGS=''
NOTEST_CXXFLAGS=''
NOTEST_LDFLAGS=''
NOTEST_LIBS=''
OBJEXT='o'
OS='unix'
OS_DIR='unix'
OS_SPECIFIC_VARS=''
PACKAGE_BUGREPORT=''
PACKAGE_NAME=''
PACKAGE_STRING=''
PACKAGE_TARNAME=''
PACKAGE_URL=''
PACKAGE_VERSION=''
PATH_SEPARATOR=':'
PCRE_CONFIG='false'
PICFLAGS=''
PILDFLAGS=''
PKGCONFIG='/usr/bin/pkg-config'
PORT='80'
POST_SHARED_CMDS='echo ""'
PRE_SHARED_CMDS='echo ""'
RANLIB='ranlib'
RM='/bin/rm'
RSYNC='/usr/bin/rsync'
SHELL='/bin/bash'
SHLIBPATH_VAR='LD_LIBRARY_PATH'
SHLTCFLAGS='-prefer-pic'
SH_LDFLAGS=''
SH_LIBS=''
SH_LIBTOOL='$(LIBTOOL)'
SSLPORT='443'
SSL_LIBS=''
UTIL_LDFLAGS=''
ab_LTFLAGS=''
abs_srcdir='/home/sekharvaana/Desktop/TomacatLoadbalance/httpd-2.2.34'
ac_ct_CC='gcc'
ap_make_delimiter=' '
ap_make_include='include'
bindir='${exec_prefix}/bin'
build='x86_64-unknown-linux-gnu'
build_alias=''
build_cpu='x86_64'
build_os='linux-gnu'
build_vendor='unknown'
cgidir='${datadir}/cgi-bin'
checkgid_LTFLAGS=''
datadir='${prefix}'
datarootdir='${prefix}/share'
docdir='${datarootdir}/doc/${PACKAGE}'
dvidir='${docdir}'
errordir='${datadir}/error'
exec_prefix='${prefix}'
exp_bindir='/usr/local/apache/bin'
exp_cgidir='/usr/local/apache/cgi-bin'
exp_datadir='/usr/local/apache'
exp_errordir='/usr/local/apache/error'
exp_exec_prefix='/usr/local/apache'
exp_htdocsdir='/usr/local/apache/htdocs'
exp_iconsdir='/usr/local/apache/icons'
exp_includedir='/usr/local/apache/include'
exp_installbuilddir='/usr/local/apache/build'
exp_libdir='/usr/local/apache/lib'
exp_libexecdir='/usr/local/apache/modules'
exp_localstatedir='/usr/local/apache'
exp_logfiledir='/usr/local/apache/logs'
exp_mandir='/usr/local/apache/man'
exp_manualdir='/usr/local/apache/manual'
exp_proxycachedir='/usr/local/apache/proxy'
exp_runtimedir='/usr/local/apache/logs'
exp_sbindir='/usr/local/apache/bin'
exp_sysconfdir='/usr/local/apache/conf'
host='x86_64-unknown-linux-gnu'
host_alias=''
host_cpu='x86_64'
host_os='linux-gnu'
host_vendor='unknown'
htcacheclean_LTFLAGS=''
htdbm_LTFLAGS=''
htdigest_LTFLAGS=''
htdocsdir='${datadir}/htdocs'
htmldir='${docdir}'
htpasswd_LTFLAGS=''
httxt2dbm_LTFLAGS=''
iconsdir='${datadir}/icons'
includedir='${prefix}/include'
infodir='${datarootdir}/info'
installbuilddir='${datadir}/build'
libdir='${exec_prefix}/lib'
libexecdir='${exec_prefix}/modules'
localedir='${datarootdir}/locale'
localstatedir='${prefix}'
logfiledir='${localstatedir}/logs'
logresolve_LTFLAGS=''
mandir='${prefix}/man'
manualdir='${datadir}/manual'
nonssl_listen_stmt_1=''
nonssl_listen_stmt_2=''
oldincludedir='/usr/include'
other_targets=''
pdfdir='${docdir}'
perlbin='/usr/bin/perl'
prefix='/usr/local/apache'
progname='httpd'
program_transform_name='s,x,x,'
proxycachedir='${localstatedir}/proxy'
psdir='${docdir}'
rel_bindir='bin'
rel_cgidir='cgi-bin'
rel_datadir=''
rel_errordir='error'
rel_exec_prefix=''
rel_htdocsdir='htdocs'
rel_iconsdir='icons'
rel_includedir='include'
rel_installbuilddir='build'
rel_libdir='lib'
rel_libexecdir='modules'
rel_localstatedir=''
rel_logfiledir='logs'
rel_mandir='man'
rel_manualdir='manual'
rel_proxycachedir='proxy'
rel_runtimedir='logs'
rel_sbindir='bin'
rel_sysconfdir='conf'
rotatelogs_LTFLAGS=''
runtimedir='${localstatedir}/logs'
sbindir='${exec_prefix}/bin'
shared_build='shared-build'
sharedstatedir='${prefix}/com'
sysconfdir='${prefix}/conf'
target='x86_64-unknown-linux-gnu'
target_alias=''
target_cpu='x86_64'
target_os='linux-gnu'
target_vendor='unknown'

## ----------- ##
## confdefs.h. ##
## ----------- ##

/* confdefs.h */
#define PACKAGE_NAME ""
#define PACKAGE_TARNAME ""
#define PACKAGE_VERSION ""
#define PACKAGE_STRING ""
#define PACKAGE_BUGREPORT ""
#define PACKAGE_URL ""
#define STDC_HEADERS 1
#define HAVE_SYS_TYPES_H 1
#define HAVE_SYS_STAT_H 1
#define HAVE_STDLIB_H 1
#define HAVE_STRING_H 1
#define HAVE_MEMORY_H 1
#define HAVE_STRINGS_H 1
#define HAVE_INTTYPES_H 1
#define HAVE_STDINT_H 1
#define HAVE_UNISTD_H 1
#define __EXTENSIONS__ 1
#define _ALL_SOURCE 1
#define _GNU_SOURCE 1
#define _POSIX_PTHREAD_SEMANTICS 1
#define _TANDEM_SOURCE 1
#define STDC_HEADERS 1
#define HAVE_STRING_H 1
#define HAVE_LIMITS_H 1
#define HAVE_UNISTD_H 1
#define HAVE_SYS_SOCKET_H 1
#define HAVE_PWD_H 1
#define HAVE_GRP_H 1
#define HAVE_STRINGS_H 1
#define HAVE_SYS_PRCTL_H 1
#define HAVE_SYS_SEM_H 1
#define HAVE_SYS_WAIT_H 1
#define HAVE_GETPWNAM 1
#define HAVE_GETGRNAM 1
#define HAVE_INITGROUPS 1
#define HAVE_PRCTL 1
#define HAVE_TIMEGM 1
#define HAVE_GETPGID 1
#define HAVE_GMTOFF 1
#define AP_ENABLE_V4_MAPPED 1
#define HAVE_SYS_TIME_H 1
#define HAVE_SYS_RESOURCE_H 1
#define HAVE_SYS_SEM_H 1
#define HAVE_SYS_IPC_H 1
#define HAVE_SETSID 1
#define HAVE_KILLPG 1
#define HAVE_UNISTD_H 1
#define HAVE_SYSLOG 1
#define HAVE_SYS_TIMES_H 1
#define HAVE_TIMES 1
#define AP_USING_AUTOCONF 1
#define SINGLE_LISTEN_UNSERIALIZED_ACCEPT 1
#define AP_NONBLOCK_WHEN_MULTI_LISTEN 1
#define HTTPD_ROOT "/usr/local/apache"
#define SERVER_CONFIG_FILE "conf/httpd.conf"
#define AP_TYPES_CONFIG_FILE "conf/mime.types"
#define APACHE_MPM_DIR "server/mpm/prefork"

configure: exit 0
