13-Mar-2018 11:10:21.875 SEVERE [main] org.apache.tomcat.util.digester.Digester.startElement Begin event threw exception
 java.lang.ClassNotFoundException: org.apache.catalina.tribes.group.interceptors.MessageDispatch15Interceptor
	at java.net.URLClassLoader.findClass(URLClassLoader.java:381)
	at java.lang.ClassLoader.loadClass(ClassLoader.java:424)
	at java.lang.ClassLoader.loadClass(ClassLoader.java:357)
	at org.apache.tomcat.util.digester.ObjectCreateRule.begin(ObjectCreateRule.java:116)
	at org.apache.tomcat.util.digester.Digester.startElement(Digester.java:1174)
	at com.sun.org.apache.xerces.internal.parsers.AbstractSAXParser.startElement(AbstractSAXParser.java:509)
	at com.sun.org.apache.xerces.internal.parsers.AbstractXMLDocumentParser.emptyElement(AbstractXMLDocumentParser.java:182)
	at com.sun.org.apache.xerces.internal.impl.XMLDocumentFragmentScannerImpl.scanStartElement(XMLDocumentFragmentScannerImpl.java:1344)
	at com.sun.org.apache.xerces.internal.impl.XMLDocumentFragmentScannerImpl$FragmentContentDriver.next(XMLDocumentFragmentScannerImpl.java:2787)
	at com.sun.org.apache.xerces.internal.impl.XMLDocumentScannerImpl.next(XMLDocumentScannerImpl.java:606)
	at com.sun.org.apache.xerces.internal.impl.XMLDocumentFragmentScannerImpl.scanDocument(XMLDocumentFragmentScannerImpl.java:510)
	at com.sun.org.apache.xerces.internal.parsers.XML11Configuration.parse(XML11Configuration.java:848)
	at com.sun.org.apache.xerces.internal.parsers.XML11Configuration.parse(XML11Configuration.java:777)
	at com.sun.org.apache.xerces.internal.parsers.XMLParser.parse(XMLParser.java:141)
	at com.sun.org.apache.xerces.internal.parsers.AbstractSAXParser.parse(AbstractSAXParser.java:1213)
	at com.sun.org.apache.xerces.internal.jaxp.SAXParserImpl$JAXPSAXParser.parse(SAXParserImpl.java:643)
	at org.apache.tomcat.util.digester.Digester.parse(Digester.java:1439)
	at org.apache.catalina.startup.Catalina.load(Catalina.java:605)
	at org.apache.catalina.startup.Catalina.load(Catalina.java:656)
	at sun.reflect.NativeMethodAccessorImpl.invoke0(Native Method)
	at sun.reflect.NativeMethodAccessorImpl.invoke(NativeMethodAccessorImpl.java:62)
	at sun.reflect.DelegatingMethodAccessorImpl.invoke(DelegatingMethodAccessorImpl.java:43)
	at java.lang.reflect.Method.invoke(Method.java:497)
	at org.apache.catalina.startup.Bootstrap.load(Bootstrap.java:309)
	at org.apache.catalina.startup.Bootstrap.main(Bootstrap.java:492)

13-Mar-2018 11:10:21.880 WARNING [main] org.apache.catalina.startup.Catalina.load Catalina.start using conf/server.xml: Error at (160, 107) : org.apache.catalina.tribes.group.interceptors.MessageDispatch15Interceptor
13-Mar-2018 11:10:21.881 SEVERE [1] org.apache.catalina.startup.Catalina.start Cannot start server. Server instance is not configured.
13-Mar-2018 11:50:01.817 INFO [main] org.apache.catalina.startup.VersionLoggerListener.log Server version:        Apache Tomcat/9.0.5
13-Mar-2018 11:50:01.823 INFO [main] org.apache.catalina.startup.VersionLoggerListener.log Server built:          Feb 6 2018 21:42:23 UTC
13-Mar-2018 11:50:01.823 INFO [main] org.apache.catalina.startup.VersionLoggerListener.log Server number:         9.0.5.0
13-Mar-2018 11:50:01.824 INFO [main] org.apache.catalina.startup.VersionLoggerListener.log OS Name:               Linux
13-Mar-2018 11:50:01.826 INFO [main] org.apache.catalina.startup.VersionLoggerListener.log OS Version:            3.19.0-80-generic
13-Mar-2018 11:50:01.828 INFO [main] org.apache.catalina.startup.VersionLoggerListener.log Architecture:          amd64
13-Mar-2018 11:50:01.830 INFO [main] org.apache.catalina.startup.VersionLoggerListener.log Java Home:             /usr/java/jdk1.8.0_66/jre
13-Mar-2018 11:50:01.832 INFO [main] org.apache.catalina.startup.VersionLoggerListener.log JVM Version:           1.8.0_66-b17
13-Mar-2018 11:50:01.832 INFO [main] org.apache.catalina.startup.VersionLoggerListener.log JVM Vendor:            Oracle Corporation
13-Mar-2018 11:50:01.832 INFO [main] org.apache.catalina.startup.VersionLoggerListener.log CATALINA_BASE:         /home/sekharvaana/Desktop/TomacatLoadbalance/tomcat-instance3
13-Mar-2018 11:50:01.832 INFO [main] org.apache.catalina.startup.VersionLoggerListener.log CATALINA_HOME:         /home/sekharvaana/Desktop/TomacatLoadbalance/apache-tomcat-9.0.5
13-Mar-2018 11:50:01.833 INFO [main] org.apache.catalina.startup.VersionLoggerListener.log Command line argument: -Djava.util.logging.config.file=/home/sekharvaana/Desktop/TomacatLoadbalance/tomcat-instance3/conf/logging.properties
13-Mar-2018 11:50:01.833 INFO [main] org.apache.catalina.startup.VersionLoggerListener.log Command line argument: -Djava.util.logging.manager=org.apache.juli.ClassLoaderLogManager
13-Mar-2018 11:50:01.833 INFO [main] org.apache.catalina.startup.VersionLoggerListener.log Command line argument: -Djdk.tls.ephemeralDHKeySize=2048
13-Mar-2018 11:50:01.834 INFO [main] org.apache.catalina.startup.VersionLoggerListener.log Command line argument: -Djava.protocol.handler.pkgs=org.apache.catalina.webresources
13-Mar-2018 11:50:01.834 INFO [main] org.apache.catalina.startup.VersionLoggerListener.log Command line argument: -Dignore.endorsed.dirs=
13-Mar-2018 11:50:01.834 INFO [main] org.apache.catalina.startup.VersionLoggerListener.log Command line argument: -Dcatalina.base=/home/sekharvaana/Desktop/TomacatLoadbalance/tomcat-instance3
13-Mar-2018 11:50:01.834 INFO [main] org.apache.catalina.startup.VersionLoggerListener.log Command line argument: -Dcatalina.home=/home/sekharvaana/Desktop/TomacatLoadbalance/apache-tomcat-9.0.5
13-Mar-2018 11:50:01.834 INFO [main] org.apache.catalina.startup.VersionLoggerListener.log Command line argument: -Djava.io.tmpdir=/home/sekharvaana/Desktop/TomacatLoadbalance/tomcat-instance3/temp
13-Mar-2018 11:50:01.834 INFO [main] org.apache.catalina.core.AprLifecycleListener.lifecycleEvent The APR based Apache Tomcat Native library which allows optimal performance in production environments was not found on the java.library.path: [/usr/java/packages/lib/amd64:/usr/lib64:/lib64:/lib:/usr/lib]
13-Mar-2018 11:50:02.303 INFO [main] org.apache.coyote.AbstractProtocol.init Initializing ProtocolHandler ["http-nio-8383"]
13-Mar-2018 11:50:02.365 INFO [main] org.apache.tomcat.util.net.NioSelectorPool.getSharedSelector Using a shared selector for servlet write/read
13-Mar-2018 11:50:02.412 INFO [main] org.apache.coyote.AbstractProtocol.init Initializing ProtocolHandler ["ajp-nio-8309"]
13-Mar-2018 11:50:02.428 INFO [main] org.apache.tomcat.util.net.NioSelectorPool.getSharedSelector Using a shared selector for servlet write/read
13-Mar-2018 11:50:02.433 INFO [main] org.apache.catalina.startup.Catalina.load Initialization processed in 1622 ms
13-Mar-2018 11:50:02.526 INFO [main] org.apache.catalina.core.StandardService.startInternal Starting service [Catalina]
13-Mar-2018 11:50:02.532 INFO [main] org.apache.catalina.core.StandardEngine.startInternal Starting Servlet Engine: Apache Tomcat/9.0.5
13-Mar-2018 11:50:02.562 INFO [main] org.apache.catalina.ha.tcp.SimpleTcpCluster.startInternal Cluster is about to start
13-Mar-2018 11:50:02.591 INFO [main] org.apache.catalina.tribes.transport.ReceiverBase.bind Receiver Server Socket bound to:[/127.0.1.1:4002]
13-Mar-2018 11:50:02.613 INFO [main] org.apache.catalina.tribes.membership.McastServiceImpl.setupSocket Setting cluster mcast soTimeout to [500]
13-Mar-2018 11:50:02.621 INFO [main] org.apache.catalina.tribes.membership.McastServiceImpl.waitForMembers Sleeping for [1000] milliseconds to establish cluster membership, start level:[4]
13-Mar-2018 11:50:02.659 INFO [Membership-MemberAdded.] org.apache.catalina.ha.tcp.SimpleTcpCluster.memberAdded Replication member added:[org.apache.catalina.tribes.membership.MemberImpl[tcp://{127, 0, 1, 1}:4001,{127, 0, 1, 1},4001, alive=4047, securePort=-1, UDP Port=-1, id={4 28 126 5 -60 82 79 -69 -84 -91 -46 -34 92 44 -105 -60 }, payload={}, command={}, domain={}, ]]
13-Mar-2018 11:50:02.762 INFO [Membership-MemberAdded.] org.apache.catalina.ha.tcp.SimpleTcpCluster.memberAdded Replication member added:[org.apache.catalina.tribes.membership.MemberImpl[tcp://{127, 0, 1, 1}:4000,{127, 0, 1, 1},4000, alive=9021, securePort=-1, UDP Port=-1, id={-66 22 -45 88 24 -120 79 75 -65 -104 105 47 46 -25 -115 89 }, payload={}, command={}, domain={}, ]]
13-Mar-2018 11:50:03.624 INFO [main] org.apache.catalina.tribes.membership.McastServiceImpl.waitForMembers Done sleeping, membership established, start level:[4]
13-Mar-2018 11:50:03.627 INFO [main] org.apache.catalina.tribes.membership.McastServiceImpl.waitForMembers Sleeping for [1000] milliseconds to establish cluster membership, start level:[8]
13-Mar-2018 11:50:03.655 INFO [Tribes-Task-Receiver[Catalina-Channel]-1] org.apache.catalina.tribes.io.BufferPool.getBufferPool Created a buffer pool with max size:[104857600] bytes of type: [org.apache.catalina.tribes.io.BufferPool15Impl]
13-Mar-2018 11:50:04.627 INFO [main] org.apache.catalina.tribes.membership.McastServiceImpl.waitForMembers Done sleeping, membership established, start level:[8]
13-Mar-2018 11:50:04.736 INFO [main] org.apache.catalina.startup.HostConfig.deployWAR Deploying web application archive [/home/sekharvaana/Desktop/TomacatLoadbalance/tomcat-instance3/webapps/thymeleaf-1.0.0-SNAPSHOT.war]
13-Mar-2018 11:50:13.743 INFO [main] org.apache.jasper.servlet.TldScanner.scanJars At least one JAR was scanned for TLDs yet contained no TLDs. Enable debug logging for this logger for a complete list of JARs that were scanned but no TLDs were found in them. Skipping unneeded JARs during scanning can improve startup time and JSP compilation time.
13-Mar-2018 11:50:14.000 INFO [main] org.apache.catalina.startup.HostConfig.deployWAR Deployment of web application archive [/home/sekharvaana/Desktop/TomacatLoadbalance/tomcat-instance3/webapps/thymeleaf-1.0.0-SNAPSHOT.war] has finished in [9,264] ms
13-Mar-2018 11:50:14.004 INFO [main] org.apache.catalina.startup.HostConfig.deployDirectory Deploying web application directory [/home/sekharvaana/Desktop/TomacatLoadbalance/tomcat-instance3/webapps/department3]
13-Mar-2018 11:50:14.092 INFO [main] org.apache.catalina.startup.HostConfig.deployDirectory Deployment of web application directory [/home/sekharvaana/Desktop/TomacatLoadbalance/tomcat-instance3/webapps/department3] has finished in [87] ms
13-Mar-2018 11:50:14.092 INFO [main] org.apache.catalina.startup.HostConfig.deployDirectory Deploying web application directory [/home/sekharvaana/Desktop/TomacatLoadbalance/tomcat-instance3/webapps/ROOT]
13-Mar-2018 11:50:15.098 INFO [main] org.apache.jasper.servlet.TldScanner.scanJars At least one JAR was scanned for TLDs yet contained no TLDs. Enable debug logging for this logger for a complete list of JARs that were scanned but no TLDs were found in them. Skipping unneeded JARs during scanning can improve startup time and JSP compilation time.
13-Mar-2018 11:50:15.117 INFO [main] org.apache.catalina.ha.session.DeltaManager.startInternal Register manager [localhost#] to cluster element [Engine] with name [Catalina]
13-Mar-2018 11:50:15.117 INFO [main] org.apache.catalina.ha.session.DeltaManager.startInternal Starting clustering manager at [localhost#]
13-Mar-2018 11:50:15.162 INFO [main] org.apache.catalina.ha.session.DeltaManager.getAllClusterSessions Manager [localhost#], requesting session state from [org.apache.catalina.tribes.membership.MemberImpl[tcp://{127, 0, 1, 1}:4000,{127, 0, 1, 1},4000, alive=21029, securePort=-1, UDP Port=-1, id={-66 22 -45 88 24 -120 79 75 -65 -104 105 47 46 -25 -115 89 }, payload={}, command={}, domain={}, ]]. This operation will timeout if no session state has been received within [60] seconds.
13-Mar-2018 11:50:15.264 INFO [main] org.apache.catalina.ha.session.DeltaManager.waitForSendAllSessions Manager [localhost#]; session state send at [3/13/18 11:50 AM] received in [144] ms.
13-Mar-2018 11:50:15.273 INFO [main] org.apache.catalina.startup.HostConfig.deployDirectory Deployment of web application directory [/home/sekharvaana/Desktop/TomacatLoadbalance/tomcat-instance3/webapps/ROOT] has finished in [1,181] ms
13-Mar-2018 11:50:15.274 INFO [main] org.apache.catalina.startup.HostConfig.deployDirectory Deploying web application directory [/home/sekharvaana/Desktop/TomacatLoadbalance/tomcat-instance3/webapps/docs]
13-Mar-2018 11:50:15.347 INFO [main] org.apache.catalina.startup.HostConfig.deployDirectory Deployment of web application directory [/home/sekharvaana/Desktop/TomacatLoadbalance/tomcat-instance3/webapps/docs] has finished in [73] ms
13-Mar-2018 11:50:15.347 INFO [main] org.apache.catalina.startup.HostConfig.deployDirectory Deploying web application directory [/home/sekharvaana/Desktop/TomacatLoadbalance/tomcat-instance3/webapps/manager]
13-Mar-2018 11:50:15.453 INFO [main] org.apache.catalina.startup.HostConfig.deployDirectory Deployment of web application directory [/home/sekharvaana/Desktop/TomacatLoadbalance/tomcat-instance3/webapps/manager] has finished in [106] ms
13-Mar-2018 11:50:15.454 INFO [main] org.apache.catalina.startup.HostConfig.deployDirectory Deploying web application directory [/home/sekharvaana/Desktop/TomacatLoadbalance/tomcat-instance3/webapps/examples]
13-Mar-2018 11:50:15.880 INFO [main] org.apache.catalina.startup.HostConfig.deployDirectory Deployment of web application directory [/home/sekharvaana/Desktop/TomacatLoadbalance/tomcat-instance3/webapps/examples] has finished in [426] ms
13-Mar-2018 11:50:15.881 INFO [main] org.apache.catalina.startup.HostConfig.deployDirectory Deploying web application directory [/home/sekharvaana/Desktop/TomacatLoadbalance/tomcat-instance3/webapps/host-manager]
13-Mar-2018 11:50:15.909 INFO [main] org.apache.catalina.startup.HostConfig.deployDirectory Deployment of web application directory [/home/sekharvaana/Desktop/TomacatLoadbalance/tomcat-instance3/webapps/host-manager] has finished in [28] ms
13-Mar-2018 11:50:15.910 INFO [main] org.apache.catalina.ha.session.JvmRouteBinderValve.startInternal JvmRouteBinderValve started
13-Mar-2018 11:50:15.915 INFO [main] org.apache.coyote.AbstractProtocol.start Starting ProtocolHandler ["http-nio-8383"]
13-Mar-2018 11:50:15.928 INFO [main] org.apache.coyote.AbstractProtocol.start Starting ProtocolHandler ["ajp-nio-8309"]
13-Mar-2018 11:50:15.931 INFO [main] org.apache.catalina.startup.Catalina.start Server startup in 13497 ms
13-Mar-2018 12:02:38.548 INFO [Membership-MemberExpired.] org.apache.catalina.tribes.group.interceptors.TcpFailureDetector.memberDisappeared Received memberDisappeared[org.apache.catalina.tribes.membership.MemberImpl[tcp://{127, 0, 1, 1}:4001,{127, 0, 1, 1},4001, alive=756914, securePort=-1, UDP Port=-1, id={4 28 126 5 -60 82 79 -69 -84 -91 -46 -34 92 44 -105 -60 }, payload={}, command={}, domain={}, ]] message. Will verify.
13-Mar-2018 12:02:38.549 INFO [pool-1-thread-2] org.apache.catalina.tribes.group.interceptors.TcpFailureDetector.memberDisappeared Verification complete. Member still alive[org.apache.catalina.tribes.membership.MemberImpl[tcp://{127, 0, 1, 1}:4001,{127, 0, 1, 1},4001, alive=756914, securePort=-1, UDP Port=-1, id={4 28 126 5 -60 82 79 -69 -84 -91 -46 -34 92 44 -105 -60 }, payload={}, command={}, domain={}, ]]
13-Mar-2018 12:02:38.724 INFO [Membership-MemberExpired.] org.apache.catalina.tribes.group.interceptors.TcpFailureDetector.memberDisappeared Received memberDisappeared[org.apache.catalina.tribes.membership.MemberImpl[tcp://{127, 0, 1, 1}:4000,{127, 0, 1, 1},4000, alive=761979, securePort=-1, UDP Port=-1, id={-66 22 -45 88 24 -120 79 75 -65 -104 105 47 46 -25 -115 89 }, payload={}, command={}, domain={}, ]] message. Will verify.
13-Mar-2018 12:02:38.724 INFO [pool-1-thread-2] org.apache.catalina.tribes.group.interceptors.TcpFailureDetector.memberDisappeared Verification complete. Member still alive[org.apache.catalina.tribes.membership.MemberImpl[tcp://{127, 0, 1, 1}:4000,{127, 0, 1, 1},4000, alive=761979, securePort=-1, UDP Port=-1, id={-66 22 -45 88 24 -120 79 75 -65 -104 105 47 46 -25 -115 89 }, payload={}, command={}, domain={}, ]]
13-Mar-2018 12:02:41.049 WARNING [Tribes-MembershipSender[Catalina-Channel]] org.apache.catalina.tribes.membership.McastServiceImpl$SenderThread.run Unable to send mcast message.
 java.io.IOException: Network is unreachable
	at java.net.PlainDatagramSocketImpl.send(Native Method)
	at java.net.DatagramSocket.send(DatagramSocket.java:693)
	at org.apache.catalina.tribes.membership.McastServiceImpl.send(McastServiceImpl.java:515)
	at org.apache.catalina.tribes.membership.McastServiceImpl.send(McastServiceImpl.java:492)
	at org.apache.catalina.tribes.membership.McastServiceImpl$SenderThread.run(McastServiceImpl.java:592)

13-Mar-2018 12:16:30.383 INFO [main] org.apache.catalina.core.StandardServer.await A valid shutdown command was received via the shutdown port. Stopping the Server instance.
13-Mar-2018 12:16:30.384 INFO [main] org.apache.coyote.AbstractProtocol.pause Pausing ProtocolHandler ["http-nio-8383"]
13-Mar-2018 12:16:30.436 INFO [main] org.apache.coyote.AbstractProtocol.pause Pausing ProtocolHandler ["ajp-nio-8309"]
13-Mar-2018 12:16:30.487 INFO [main] org.apache.catalina.core.StandardService.stopInternal Stopping service [Catalina]
13-Mar-2018 12:16:30.488 INFO [main] org.apache.catalina.ha.session.JvmRouteBinderValve.stopInternal JvmRouteBinderValve stopped
13-Mar-2018 12:16:30.489 INFO [main] org.apache.catalina.ha.session.DeltaManager.stopInternal Manager [localhost#] expiring sessions upon shutdown
13-Mar-2018 12:16:30.650 INFO [main] org.apache.coyote.AbstractProtocol.stop Stopping ProtocolHandler ["http-nio-8383"]
13-Mar-2018 12:16:30.652 INFO [main] org.apache.coyote.AbstractProtocol.stop Stopping ProtocolHandler ["ajp-nio-8309"]
13-Mar-2018 12:16:30.656 INFO [main] org.apache.coyote.AbstractProtocol.destroy Destroying ProtocolHandler ["http-nio-8383"]
13-Mar-2018 12:16:30.657 INFO [main] org.apache.coyote.AbstractProtocol.destroy Destroying ProtocolHandler ["ajp-nio-8309"]
13-Mar-2018 13:06:28.314 INFO [main] org.apache.catalina.startup.VersionLoggerListener.log Server version:        Apache Tomcat/9.0.5
13-Mar-2018 13:06:28.318 INFO [main] org.apache.catalina.startup.VersionLoggerListener.log Server built:          Feb 6 2018 21:42:23 UTC
13-Mar-2018 13:06:28.318 INFO [main] org.apache.catalina.startup.VersionLoggerListener.log Server number:         9.0.5.0
13-Mar-2018 13:06:28.318 INFO [main] org.apache.catalina.startup.VersionLoggerListener.log OS Name:               Linux
13-Mar-2018 13:06:28.319 INFO [main] org.apache.catalina.startup.VersionLoggerListener.log OS Version:            3.19.0-80-generic
13-Mar-2018 13:06:28.319 INFO [main] org.apache.catalina.startup.VersionLoggerListener.log Architecture:          amd64
13-Mar-2018 13:06:28.319 INFO [main] org.apache.catalina.startup.VersionLoggerListener.log Java Home:             /usr/java/jdk1.8.0_66/jre
13-Mar-2018 13:06:28.319 INFO [main] org.apache.catalina.startup.VersionLoggerListener.log JVM Version:           1.8.0_66-b17
13-Mar-2018 13:06:28.319 INFO [main] org.apache.catalina.startup.VersionLoggerListener.log JVM Vendor:            Oracle Corporation
13-Mar-2018 13:06:28.321 INFO [main] org.apache.catalina.startup.VersionLoggerListener.log CATALINA_BASE:         /home/sekharvaana/Desktop/TomacatLoadbalance/tomcat-instance3
13-Mar-2018 13:06:28.321 INFO [main] org.apache.catalina.startup.VersionLoggerListener.log CATALINA_HOME:         /home/sekharvaana/Desktop/TomacatLoadbalance/apache-tomcat-9.0.5
13-Mar-2018 13:06:28.321 INFO [main] org.apache.catalina.startup.VersionLoggerListener.log Command line argument: -Djava.util.logging.config.file=/home/sekharvaana/Desktop/TomacatLoadbalance/tomcat-instance3/conf/logging.properties
13-Mar-2018 13:06:28.322 INFO [main] org.apache.catalina.startup.VersionLoggerListener.log Command line argument: -Djava.util.logging.manager=org.apache.juli.ClassLoaderLogManager
13-Mar-2018 13:06:28.322 INFO [main] org.apache.catalina.startup.VersionLoggerListener.log Command line argument: -Djdk.tls.ephemeralDHKeySize=2048
13-Mar-2018 13:06:28.322 INFO [main] org.apache.catalina.startup.VersionLoggerListener.log Command line argument: -Djava.protocol.handler.pkgs=org.apache.catalina.webresources
13-Mar-2018 13:06:28.322 INFO [main] org.apache.catalina.startup.VersionLoggerListener.log Command line argument: -Dignore.endorsed.dirs=
13-Mar-2018 13:06:28.322 INFO [main] org.apache.catalina.startup.VersionLoggerListener.log Command line argument: -Dcatalina.base=/home/sekharvaana/Desktop/TomacatLoadbalance/tomcat-instance3
13-Mar-2018 13:06:28.322 INFO [main] org.apache.catalina.startup.VersionLoggerListener.log Command line argument: -Dcatalina.home=/home/sekharvaana/Desktop/TomacatLoadbalance/apache-tomcat-9.0.5
13-Mar-2018 13:06:28.323 INFO [main] org.apache.catalina.startup.VersionLoggerListener.log Command line argument: -Djava.io.tmpdir=/home/sekharvaana/Desktop/TomacatLoadbalance/tomcat-instance3/temp
13-Mar-2018 13:06:28.323 INFO [main] org.apache.catalina.core.AprLifecycleListener.lifecycleEvent The APR based Apache Tomcat Native library which allows optimal performance in production environments was not found on the java.library.path: [/usr/java/packages/lib/amd64:/usr/lib64:/lib64:/lib:/usr/lib]
13-Mar-2018 13:06:28.648 INFO [main] org.apache.coyote.AbstractProtocol.init Initializing ProtocolHandler ["http-nio-8383"]
13-Mar-2018 13:06:28.685 INFO [main] org.apache.tomcat.util.net.NioSelectorPool.getSharedSelector Using a shared selector for servlet write/read
13-Mar-2018 13:06:28.712 INFO [main] org.apache.coyote.AbstractProtocol.init Initializing ProtocolHandler ["ajp-nio-8309"]
13-Mar-2018 13:06:28.715 INFO [main] org.apache.tomcat.util.net.NioSelectorPool.getSharedSelector Using a shared selector for servlet write/read
13-Mar-2018 13:06:28.716 INFO [main] org.apache.catalina.startup.Catalina.load Initialization processed in 1307 ms
13-Mar-2018 13:06:28.778 INFO [main] org.apache.catalina.core.StandardService.startInternal Starting service [Catalina]
13-Mar-2018 13:06:28.778 INFO [main] org.apache.catalina.core.StandardEngine.startInternal Starting Servlet Engine: Apache Tomcat/9.0.5
13-Mar-2018 13:06:28.802 INFO [main] org.apache.catalina.ha.tcp.SimpleTcpCluster.startInternal Cluster is about to start
13-Mar-2018 13:06:28.830 INFO [main] org.apache.catalina.tribes.transport.ReceiverBase.bind Receiver Server Socket bound to:[/127.0.1.1:4002]
13-Mar-2018 13:06:28.876 INFO [main] org.apache.catalina.tribes.membership.McastServiceImpl.setupSocket Setting cluster mcast soTimeout to [500]
13-Mar-2018 13:06:28.900 INFO [main] org.apache.catalina.tribes.membership.McastServiceImpl.waitForMembers Sleeping for [1000] milliseconds to establish cluster membership, start level:[4]
13-Mar-2018 13:06:28.960 INFO [Membership-MemberAdded.] org.apache.catalina.ha.tcp.SimpleTcpCluster.memberAdded Replication member added:[org.apache.catalina.tribes.membership.MemberImpl[tcp://{127, 0, 1, 1}:4001,{127, 0, 1, 1},4001, alive=3045, securePort=-1, UDP Port=-1, id={-44 43 26 63 -44 60 69 -102 -72 -78 123 97 122 13 74 -58 }, payload={}, command={}, domain={}, ]]
13-Mar-2018 13:06:29.217 INFO [Membership-MemberAdded.] org.apache.catalina.ha.tcp.SimpleTcpCluster.memberAdded Replication member added:[org.apache.catalina.tribes.membership.MemberImpl[tcp://{127, 0, 1, 1}:4000,{127, 0, 1, 1},4000, alive=8516, securePort=-1, UDP Port=-1, id={99 -63 -63 37 33 72 78 -38 -89 -115 58 -118 -13 2 -127 76 }, payload={}, command={}, domain={}, ]]
13-Mar-2018 13:06:29.900 INFO [main] org.apache.catalina.tribes.membership.McastServiceImpl.waitForMembers Done sleeping, membership established, start level:[4]
13-Mar-2018 13:06:29.913 INFO [main] org.apache.catalina.tribes.membership.McastServiceImpl.waitForMembers Sleeping for [1000] milliseconds to establish cluster membership, start level:[8]
13-Mar-2018 13:06:29.927 INFO [Tribes-Task-Receiver[Catalina-Channel]-1] org.apache.catalina.tribes.io.BufferPool.getBufferPool Created a buffer pool with max size:[104857600] bytes of type: [org.apache.catalina.tribes.io.BufferPool15Impl]
13-Mar-2018 13:06:30.914 INFO [main] org.apache.catalina.tribes.membership.McastServiceImpl.waitForMembers Done sleeping, membership established, start level:[8]
13-Mar-2018 13:06:30.978 INFO [main] org.apache.catalina.startup.HostConfig.deployWAR Deploying web application archive [/home/sekharvaana/Desktop/TomacatLoadbalance/tomcat-instance3/webapps/thymeleaf-1.0.0-SNAPSHOT.war]
13-Mar-2018 13:06:38.199 INFO [main] org.apache.jasper.servlet.TldScanner.scanJars At least one JAR was scanned for TLDs yet contained no TLDs. Enable debug logging for this logger for a complete list of JARs that were scanned but no TLDs were found in them. Skipping unneeded JARs during scanning can improve startup time and JSP compilation time.
13-Mar-2018 13:06:38.716 INFO [main] org.apache.catalina.startup.HostConfig.deployWAR Deployment of web application archive [/home/sekharvaana/Desktop/TomacatLoadbalance/tomcat-instance3/webapps/thymeleaf-1.0.0-SNAPSHOT.war] has finished in [7,737] ms
13-Mar-2018 13:06:38.718 INFO [main] org.apache.catalina.startup.HostConfig.deployDirectory Deploying web application directory [/home/sekharvaana/Desktop/TomacatLoadbalance/tomcat-instance3/webapps/department3]
13-Mar-2018 13:06:38.776 INFO [main] org.apache.catalina.startup.HostConfig.deployDirectory Deployment of web application directory [/home/sekharvaana/Desktop/TomacatLoadbalance/tomcat-instance3/webapps/department3] has finished in [58] ms
13-Mar-2018 13:06:38.777 INFO [main] org.apache.catalina.startup.HostConfig.deployDirectory Deploying web application directory [/home/sekharvaana/Desktop/TomacatLoadbalance/tomcat-instance3/webapps/ROOT]
13-Mar-2018 13:06:39.703 INFO [main] org.apache.jasper.servlet.TldScanner.scanJars At least one JAR was scanned for TLDs yet contained no TLDs. Enable debug logging for this logger for a complete list of JARs that were scanned but no TLDs were found in them. Skipping unneeded JARs during scanning can improve startup time and JSP compilation time.
13-Mar-2018 13:06:39.725 INFO [main] org.apache.catalina.ha.session.DeltaManager.startInternal Register manager [localhost#] to cluster element [Engine] with name [Catalina]
13-Mar-2018 13:06:39.725 INFO [main] org.apache.catalina.ha.session.DeltaManager.startInternal Starting clustering manager at [localhost#]
13-Mar-2018 13:06:39.749 INFO [main] org.apache.catalina.ha.session.DeltaManager.getAllClusterSessions Manager [localhost#], requesting session state from [org.apache.catalina.tribes.membership.MemberImpl[tcp://{127, 0, 1, 1}:4000,{127, 0, 1, 1},4000, alive=19025, securePort=-1, UDP Port=-1, id={99 -63 -63 37 33 72 78 -38 -89 -115 58 -118 -13 2 -127 76 }, payload={}, command={}, domain={}, ]]. This operation will timeout if no session state has been received within [60] seconds.
13-Mar-2018 13:06:39.857 INFO [main] org.apache.catalina.ha.session.DeltaManager.waitForSendAllSessions Manager [localhost#]; session state send at [3/13/18 1:06 PM] received in [131] ms.
13-Mar-2018 13:06:39.860 INFO [main] org.apache.catalina.startup.HostConfig.deployDirectory Deployment of web application directory [/home/sekharvaana/Desktop/TomacatLoadbalance/tomcat-instance3/webapps/ROOT] has finished in [1,084] ms
13-Mar-2018 13:06:39.861 INFO [main] org.apache.catalina.startup.HostConfig.deployDirectory Deploying web application directory [/home/sekharvaana/Desktop/TomacatLoadbalance/tomcat-instance3/webapps/docs]
13-Mar-2018 13:06:39.899 INFO [main] org.apache.catalina.startup.HostConfig.deployDirectory Deployment of web application directory [/home/sekharvaana/Desktop/TomacatLoadbalance/tomcat-instance3/webapps/docs] has finished in [38] ms
13-Mar-2018 13:06:39.901 INFO [main] org.apache.catalina.startup.HostConfig.deployDirectory Deploying web application directory [/home/sekharvaana/Desktop/TomacatLoadbalance/tomcat-instance3/webapps/manager]
13-Mar-2018 13:06:40.014 INFO [main] org.apache.catalina.startup.HostConfig.deployDirectory Deployment of web application directory [/home/sekharvaana/Desktop/TomacatLoadbalance/tomcat-instance3/webapps/manager] has finished in [114] ms
13-Mar-2018 13:06:40.016 INFO [main] org.apache.catalina.startup.HostConfig.deployDirectory Deploying web application directory [/home/sekharvaana/Desktop/TomacatLoadbalance/tomcat-instance3/webapps/examples]
13-Mar-2018 13:06:40.489 INFO [main] org.apache.catalina.startup.HostConfig.deployDirectory Deployment of web application directory [/home/sekharvaana/Desktop/TomacatLoadbalance/tomcat-instance3/webapps/examples] has finished in [473] ms
13-Mar-2018 13:06:40.490 INFO [main] org.apache.catalina.startup.HostConfig.deployDirectory Deploying web application directory [/home/sekharvaana/Desktop/TomacatLoadbalance/tomcat-instance3/webapps/host-manager]
13-Mar-2018 13:06:40.536 INFO [main] org.apache.catalina.startup.HostConfig.deployDirectory Deployment of web application directory [/home/sekharvaana/Desktop/TomacatLoadbalance/tomcat-instance3/webapps/host-manager] has finished in [47] ms
13-Mar-2018 13:06:40.537 INFO [main] org.apache.catalina.ha.session.JvmRouteBinderValve.startInternal JvmRouteBinderValve started
13-Mar-2018 13:06:40.542 INFO [main] org.apache.coyote.AbstractProtocol.start Starting ProtocolHandler ["http-nio-8383"]
13-Mar-2018 13:06:40.556 INFO [main] org.apache.coyote.AbstractProtocol.start Starting ProtocolHandler ["ajp-nio-8309"]
13-Mar-2018 13:06:40.560 INFO [main] org.apache.catalina.startup.Catalina.start Server startup in 11843 ms
13-Mar-2018 14:09:10.889 INFO [Membership-MemberDisappeared.] org.apache.catalina.ha.tcp.SimpleTcpCluster.memberDisappeared Received member disappeared:[org.apache.catalina.tribes.membership.MemberImpl[tcp://{127, 0, 1, 1}:4000,{127, 0, 1, 1},4000, alive=3770185, securePort=-1, UDP Port=-1, id={99 -63 -63 37 33 72 78 -38 -89 -115 58 -118 -13 2 -127 76 }, payload={}, command={66 65 66 89 45 65 76 69 88 ...(9)}, domain={}, ]]
13-Mar-2018 14:09:23.240 INFO [pool-1-thread-3] org.apache.catalina.ha.tcp.SimpleTcpCluster.memberAdded Replication member added:[org.apache.catalina.tribes.membership.MemberImpl[tcp://{127, 0, 1, 1}:4003,{127, 0, 1, 1},4003, alive=1035, securePort=-1, UDP Port=-1, id={-87 -83 50 125 -3 -53 65 -122 -103 -3 -8 34 -30 -52 119 -113 }, payload={}, command={}, domain={}, ]]
13-Mar-2018 14:09:25.421 INFO [Membership-MemberDisappeared.] org.apache.catalina.ha.tcp.SimpleTcpCluster.memberDisappeared Received member disappeared:[org.apache.catalina.tribes.membership.MemberImpl[tcp://{127, 0, 1, 1}:4001,{127, 0, 1, 1},4001, alive=3779565, securePort=-1, UDP Port=-1, id={-44 43 26 63 -44 60 69 -102 -72 -78 123 97 122 13 74 -58 }, payload={}, command={66 65 66 89 45 65 76 69 88 ...(9)}, domain={}, ]]
13-Mar-2018 14:09:28.696 INFO [main] org.apache.catalina.core.StandardServer.await A valid shutdown command was received via the shutdown port. Stopping the Server instance.
13-Mar-2018 14:09:28.697 INFO [main] org.apache.coyote.AbstractProtocol.pause Pausing ProtocolHandler ["http-nio-8383"]
13-Mar-2018 14:09:28.699 INFO [main] org.apache.coyote.AbstractProtocol.pause Pausing ProtocolHandler ["ajp-nio-8309"]
13-Mar-2018 14:09:28.700 INFO [main] org.apache.catalina.core.StandardService.stopInternal Stopping service [Catalina]
13-Mar-2018 14:09:28.701 INFO [main] org.apache.catalina.ha.session.JvmRouteBinderValve.stopInternal JvmRouteBinderValve stopped
13-Mar-2018 14:09:28.703 INFO [main] org.apache.catalina.ha.session.DeltaManager.stopInternal Manager [localhost#] expiring sessions upon shutdown
13-Mar-2018 14:09:29.904 INFO [main] org.apache.coyote.AbstractProtocol.stop Stopping ProtocolHandler ["http-nio-8383"]
13-Mar-2018 14:09:29.932 INFO [main] org.apache.coyote.AbstractProtocol.stop Stopping ProtocolHandler ["ajp-nio-8309"]
13-Mar-2018 14:09:29.935 INFO [main] org.apache.coyote.AbstractProtocol.destroy Destroying ProtocolHandler ["http-nio-8383"]
13-Mar-2018 14:09:29.935 INFO [main] org.apache.coyote.AbstractProtocol.destroy Destroying ProtocolHandler ["ajp-nio-8309"]
