06-Apr-2018 09:24:22.224 INFO [main] org.apache.catalina.startup.VersionLoggerListener.log Server version:        Apache Tomcat/9.0.5
06-Apr-2018 09:24:22.233 INFO [main] org.apache.catalina.startup.VersionLoggerListener.log Server built:          Feb 6 2018 21:42:23 UTC
06-Apr-2018 09:24:22.234 INFO [main] org.apache.catalina.startup.VersionLoggerListener.log Server number:         9.0.5.0
06-Apr-2018 09:24:22.234 INFO [main] org.apache.catalina.startup.VersionLoggerListener.log OS Name:               Linux
06-Apr-2018 09:24:22.234 INFO [main] org.apache.catalina.startup.VersionLoggerListener.log OS Version:            3.19.0-80-generic
06-Apr-2018 09:24:22.235 INFO [main] org.apache.catalina.startup.VersionLoggerListener.log Architecture:          amd64
06-Apr-2018 09:24:22.235 INFO [main] org.apache.catalina.startup.VersionLoggerListener.log Java Home:             /usr/lib/jvm/java-9-oracle
06-Apr-2018 09:24:22.235 INFO [main] org.apache.catalina.startup.VersionLoggerListener.log JVM Version:           9.0.4+11
06-Apr-2018 09:24:22.235 INFO [main] org.apache.catalina.startup.VersionLoggerListener.log JVM Vendor:            Oracle Corporation
06-Apr-2018 09:24:22.235 INFO [main] org.apache.catalina.startup.VersionLoggerListener.log CATALINA_BASE:         /home/sekharvaana/Desktop/TomacatLoadbalance/tomcat-instance3
06-Apr-2018 09:24:22.236 INFO [main] org.apache.catalina.startup.VersionLoggerListener.log CATALINA_HOME:         /home/sekharvaana/Desktop/TomacatLoadbalance/apache-tomcat-9.0.5
06-Apr-2018 09:24:22.241 INFO [main] org.apache.catalina.startup.VersionLoggerListener.log Command line argument: --add-opens=java.base/java.lang=ALL-UNNAMED
06-Apr-2018 09:24:22.241 INFO [main] org.apache.catalina.startup.VersionLoggerListener.log Command line argument: --add-opens=java.rmi/sun.rmi.transport=ALL-UNNAMED
06-Apr-2018 09:24:22.241 INFO [main] org.apache.catalina.startup.VersionLoggerListener.log Command line argument: -Djava.util.logging.config.file=/home/sekharvaana/Desktop/TomacatLoadbalance/tomcat-instance3/conf/logging.properties
06-Apr-2018 09:24:22.242 INFO [main] org.apache.catalina.startup.VersionLoggerListener.log Command line argument: -Djava.util.logging.manager=org.apache.juli.ClassLoaderLogManager
06-Apr-2018 09:24:22.242 INFO [main] org.apache.catalina.startup.VersionLoggerListener.log Command line argument: -Djdk.tls.ephemeralDHKeySize=2048
06-Apr-2018 09:24:22.242 INFO [main] org.apache.catalina.startup.VersionLoggerListener.log Command line argument: -Djava.protocol.handler.pkgs=org.apache.catalina.webresources
06-Apr-2018 09:24:22.242 INFO [main] org.apache.catalina.startup.VersionLoggerListener.log Command line argument: -Dignore.endorsed.dirs=
06-Apr-2018 09:24:22.243 INFO [main] org.apache.catalina.startup.VersionLoggerListener.log Command line argument: -Dcatalina.base=/home/sekharvaana/Desktop/TomacatLoadbalance/tomcat-instance3
06-Apr-2018 09:24:22.243 INFO [main] org.apache.catalina.startup.VersionLoggerListener.log Command line argument: -Dcatalina.home=/home/sekharvaana/Desktop/TomacatLoadbalance/apache-tomcat-9.0.5
06-Apr-2018 09:24:22.243 INFO [main] org.apache.catalina.startup.VersionLoggerListener.log Command line argument: -Djava.io.tmpdir=/home/sekharvaana/Desktop/TomacatLoadbalance/tomcat-instance3/temp
06-Apr-2018 09:24:22.243 INFO [main] org.apache.catalina.core.AprLifecycleListener.lifecycleEvent The APR based Apache Tomcat Native library which allows optimal performance in production environments was not found on the java.library.path: [/usr/java/packages/lib:/usr/lib64:/lib64:/lib:/usr/lib]
06-Apr-2018 09:24:22.338 INFO [main] org.apache.coyote.AbstractProtocol.init Initializing ProtocolHandler ["http-nio-8383"]
06-Apr-2018 09:24:22.377 INFO [main] org.apache.tomcat.util.net.NioSelectorPool.getSharedSelector Using a shared selector for servlet write/read
06-Apr-2018 09:24:22.388 INFO [main] org.apache.coyote.AbstractProtocol.init Initializing ProtocolHandler ["ajp-nio-8309"]
06-Apr-2018 09:24:22.391 INFO [main] org.apache.tomcat.util.net.NioSelectorPool.getSharedSelector Using a shared selector for servlet write/read
06-Apr-2018 09:24:22.393 INFO [main] org.apache.catalina.startup.Catalina.load Initialization processed in 1871 ms
06-Apr-2018 09:24:22.559 INFO [main] org.apache.catalina.core.StandardService.startInternal Starting service [Catalina]
06-Apr-2018 09:24:22.559 INFO [main] org.apache.catalina.core.StandardEngine.startInternal Starting Servlet Engine: Apache Tomcat/9.0.5
06-Apr-2018 09:24:22.581 INFO [main] org.apache.catalina.ha.tcp.SimpleTcpCluster.startInternal Cluster is about to start
06-Apr-2018 09:24:22.599 INFO [main] org.apache.catalina.tribes.transport.ReceiverBase.bind Receiver Server Socket bound to:[/127.0.1.1:4002]
06-Apr-2018 09:24:22.626 INFO [main] org.apache.catalina.tribes.membership.McastServiceImpl.setupSocket Setting cluster mcast soTimeout to [500]
06-Apr-2018 09:24:22.630 INFO [main] org.apache.catalina.tribes.membership.McastServiceImpl.waitForMembers Sleeping for [1000] milliseconds to establish cluster membership, start level:[4]
06-Apr-2018 09:24:22.667 INFO [Membership-MemberAdded.] org.apache.catalina.ha.tcp.SimpleTcpCluster.memberAdded Replication member added:[org.apache.catalina.tribes.membership.MemberImpl[tcp://{127, 0, 1, 1}:4000,{127, 0, 1, 1},4000, alive=365259, securePort=-1, UDP Port=-1, id={-125 120 -35 64 100 -36 68 83 -89 16 111 99 73 -77 -85 -121 }, payload={}, command={}, domain={}, ]]
06-Apr-2018 09:24:22.730 INFO [Membership-MemberAdded.] org.apache.catalina.ha.tcp.SimpleTcpCluster.memberAdded Replication member added:[org.apache.catalina.tribes.membership.MemberImpl[tcp://{127, 0, 1, 1}:4001,{127, 0, 1, 1},4001, alive=222169, securePort=-1, UDP Port=-1, id={127 93 29 -104 -21 -45 71 11 -92 10 -14 -98 -5 -119 -98 -126 }, payload={}, command={}, domain={}, ]]
06-Apr-2018 09:24:23.630 INFO [main] org.apache.catalina.tribes.membership.McastServiceImpl.waitForMembers Done sleeping, membership established, start level:[4]
06-Apr-2018 09:24:23.637 INFO [main] org.apache.catalina.tribes.membership.McastServiceImpl.waitForMembers Sleeping for [1000] milliseconds to establish cluster membership, start level:[8]
06-Apr-2018 09:24:23.643 INFO [Tribes-Task-Receiver[Catalina-Channel]-1] org.apache.catalina.tribes.io.BufferPool.getBufferPool Created a buffer pool with max size:[104857600] bytes of type: [org.apache.catalina.tribes.io.BufferPool15Impl]
06-Apr-2018 09:24:24.638 INFO [main] org.apache.catalina.tribes.membership.McastServiceImpl.waitForMembers Done sleeping, membership established, start level:[8]
06-Apr-2018 09:24:24.695 INFO [main] org.apache.catalina.startup.HostConfig.deployWAR Deploying web application archive [/home/sekharvaana/Desktop/TomacatLoadbalance/tomcat-instance3/webapps/thymeleaf-1.0.0-SNAPSHOT.war]
06-Apr-2018 09:24:34.586 INFO [main] org.apache.jasper.servlet.TldScanner.scanJars At least one JAR was scanned for TLDs yet contained no TLDs. Enable debug logging for this logger for a complete list of JARs that were scanned but no TLDs were found in them. Skipping unneeded JARs during scanning can improve startup time and JSP compilation time.
06-Apr-2018 09:24:35.180 INFO [main] org.apache.catalina.startup.HostConfig.deployWAR Deployment of web application archive [/home/sekharvaana/Desktop/TomacatLoadbalance/tomcat-instance3/webapps/thymeleaf-1.0.0-SNAPSHOT.war] has finished in [10,484] ms
06-Apr-2018 09:24:35.181 INFO [main] org.apache.catalina.startup.HostConfig.deployDirectory Deploying web application directory [/home/sekharvaana/Desktop/TomacatLoadbalance/tomcat-instance3/webapps/department3]
06-Apr-2018 09:24:35.252 INFO [main] org.apache.catalina.startup.HostConfig.deployDirectory Deployment of web application directory [/home/sekharvaana/Desktop/TomacatLoadbalance/tomcat-instance3/webapps/department3] has finished in [71] ms
06-Apr-2018 09:24:35.253 INFO [main] org.apache.catalina.startup.HostConfig.deployDirectory Deploying web application directory [/home/sekharvaana/Desktop/TomacatLoadbalance/tomcat-instance3/webapps/ROOT]
06-Apr-2018 09:24:36.467 INFO [main] org.apache.jasper.servlet.TldScanner.scanJars At least one JAR was scanned for TLDs yet contained no TLDs. Enable debug logging for this logger for a complete list of JARs that were scanned but no TLDs were found in them. Skipping unneeded JARs during scanning can improve startup time and JSP compilation time.
06-Apr-2018 09:24:36.520 INFO [main] org.apache.catalina.ha.session.DeltaManager.startInternal Register manager [localhost#] to cluster element [Engine] with name [Catalina]
06-Apr-2018 09:24:36.521 INFO [main] org.apache.catalina.ha.session.DeltaManager.startInternal Starting clustering manager at [localhost#]
06-Apr-2018 09:24:36.570 INFO [main] org.apache.catalina.ha.session.DeltaManager.getAllClusterSessions Manager [localhost#], requesting session state from [org.apache.catalina.tribes.membership.MemberImpl[tcp://{127, 0, 1, 1}:4000,{127, 0, 1, 1},4000, alive=378793, securePort=-1, UDP Port=-1, id={-125 120 -35 64 100 -36 68 83 -89 16 111 99 73 -77 -85 -121 }, payload={}, command={}, domain={}, ]]. This operation will timeout if no session state has been received within [60] seconds.
06-Apr-2018 09:24:36.685 INFO [main] org.apache.catalina.ha.session.DeltaManager.waitForSendAllSessions Manager [localhost#]; session state send at [4/6/18, 9:24 AM] received in [151] ms.
06-Apr-2018 09:24:36.707 INFO [main] org.apache.catalina.startup.HostConfig.deployDirectory Deployment of web application directory [/home/sekharvaana/Desktop/TomacatLoadbalance/tomcat-instance3/webapps/ROOT] has finished in [1,453] ms
06-Apr-2018 09:24:36.707 INFO [main] org.apache.catalina.startup.HostConfig.deployDirectory Deploying web application directory [/home/sekharvaana/Desktop/TomacatLoadbalance/tomcat-instance3/webapps/docs]
06-Apr-2018 09:24:36.794 INFO [main] org.apache.catalina.startup.HostConfig.deployDirectory Deployment of web application directory [/home/sekharvaana/Desktop/TomacatLoadbalance/tomcat-instance3/webapps/docs] has finished in [86] ms
06-Apr-2018 09:24:36.796 INFO [main] org.apache.catalina.startup.HostConfig.deployDirectory Deploying web application directory [/home/sekharvaana/Desktop/TomacatLoadbalance/tomcat-instance3/webapps/manager]
06-Apr-2018 09:24:36.967 INFO [main] org.apache.catalina.startup.HostConfig.deployDirectory Deployment of web application directory [/home/sekharvaana/Desktop/TomacatLoadbalance/tomcat-instance3/webapps/manager] has finished in [172] ms
06-Apr-2018 09:24:36.972 INFO [main] org.apache.catalina.startup.HostConfig.deployDirectory Deploying web application directory [/home/sekharvaana/Desktop/TomacatLoadbalance/tomcat-instance3/webapps/examples]
06-Apr-2018 09:24:38.028 INFO [main] org.apache.catalina.startup.HostConfig.deployDirectory Deployment of web application directory [/home/sekharvaana/Desktop/TomacatLoadbalance/tomcat-instance3/webapps/examples] has finished in [1,055] ms
06-Apr-2018 09:24:38.028 INFO [main] org.apache.catalina.startup.HostConfig.deployDirectory Deploying web application directory [/home/sekharvaana/Desktop/TomacatLoadbalance/tomcat-instance3/webapps/host-manager]
06-Apr-2018 09:24:38.170 INFO [main] org.apache.catalina.startup.HostConfig.deployDirectory Deployment of web application directory [/home/sekharvaana/Desktop/TomacatLoadbalance/tomcat-instance3/webapps/host-manager] has finished in [142] ms
06-Apr-2018 09:24:38.171 INFO [main] org.apache.catalina.ha.session.JvmRouteBinderValve.startInternal JvmRouteBinderValve started
06-Apr-2018 09:24:38.187 INFO [main] org.apache.coyote.AbstractProtocol.start Starting ProtocolHandler ["http-nio-8383"]
06-Apr-2018 09:24:38.291 INFO [main] org.apache.coyote.AbstractProtocol.start Starting ProtocolHandler ["ajp-nio-8309"]
06-Apr-2018 09:24:38.430 INFO [main] org.apache.catalina.startup.Catalina.start Server startup in 16036 ms
06-Apr-2018 09:50:33.155 INFO [Membership-MemberAdded.] org.apache.catalina.ha.tcp.SimpleTcpCluster.memberAdded Replication member added:[org.apache.catalina.tribes.membership.MemberImpl[tcp://{127, 0, 1, 1}:4003,{127, 0, 1, 1},4003, alive=1062, securePort=-1, UDP Port=-1, id={102 -96 -10 63 -105 43 65 67 -74 -59 -33 66 -34 70 41 68 }, payload={}, command={}, domain={}, ]]
06-Apr-2018 09:50:45.670 INFO [Membership-MemberDisappeared.] org.apache.catalina.ha.tcp.SimpleTcpCluster.memberDisappeared Received member disappeared:[org.apache.catalina.tribes.membership.MemberImpl[tcp://{127, 0, 1, 1}:4003,{127, 0, 1, 1},4003, alive=13553, securePort=-1, UDP Port=-1, id={102 -96 -10 63 -105 43 65 67 -74 -59 -33 66 -34 70 41 68 }, payload={}, command={66 65 66 89 45 65 76 69 88 ...(9)}, domain={}, ]]
06-Apr-2018 09:51:51.493 INFO [Membership-MemberDisappeared.] org.apache.catalina.ha.tcp.SimpleTcpCluster.memberDisappeared Received member disappeared:[org.apache.catalina.tribes.membership.MemberImpl[tcp://{127, 0, 1, 1}:4000,{127, 0, 1, 1},4000, alive=2014097, securePort=-1, UDP Port=-1, id={-125 120 -35 64 100 -36 68 83 -89 16 111 99 73 -77 -85 -121 }, payload={}, command={66 65 66 89 45 65 76 69 88 ...(9)}, domain={}, ]]
06-Apr-2018 09:52:04.638 INFO [Membership-MemberAdded.] org.apache.catalina.ha.tcp.SimpleTcpCluster.memberAdded Replication member added:[org.apache.catalina.tribes.membership.MemberImpl[tcp://{127, 0, 1, 1}:4000,{127, 0, 1, 1},4000, alive=1031, securePort=-1, UDP Port=-1, id={-42 -112 -81 -75 -88 -27 70 32 -71 -95 -24 -83 -57 -80 94 -76 }, payload={}, command={}, domain={}, ]]
06-Apr-2018 11:03:15.235 WARNING [Tribes-Task-Receiver[Catalina-Channel]-3] org.apache.catalina.ha.session.ClusterSessionListener.messageReceived Context manager doesn't exist:[localhost#/SpringSecurityRoleBasedLoginExample]
06-Apr-2018 11:03:15.345 WARNING [Tribes-Task-Receiver[Catalina-Channel]-4] org.apache.catalina.ha.session.ClusterSessionListener.messageReceived Context manager doesn't exist:[localhost#/SpringSecurityRoleBasedLoginExample]
06-Apr-2018 11:03:15.845 WARNING [Tribes-Task-Receiver[Catalina-Channel]-5] org.apache.catalina.ha.session.ClusterSessionListener.messageReceived Context manager doesn't exist:[localhost#/SpringSecurityRoleBasedLoginExample]
06-Apr-2018 11:24:59.118 WARNING [Tribes-Task-Receiver[Catalina-Channel]-2] org.apache.catalina.ha.session.ClusterSessionListener.messageReceived Context manager doesn't exist:[localhost#/SpringSecurityRoleBasedLoginExample]
06-Apr-2018 11:25:27.883 WARNING [Tribes-Task-Receiver[Catalina-Channel]-3] org.apache.catalina.ha.session.ClusterSessionListener.messageReceived Context manager doesn't exist:[localhost#/SpringSecurityRoleBasedLoginExample]
06-Apr-2018 11:35:16.316 INFO [Membership-MemberDisappeared.] org.apache.catalina.ha.tcp.SimpleTcpCluster.memberDisappeared Received member disappeared:[org.apache.catalina.tribes.membership.MemberImpl[tcp://{127, 0, 1, 1}:4000,{127, 0, 1, 1},4000, alive=6192709, securePort=-1, UDP Port=-1, id={-42 -112 -81 -75 -88 -27 70 32 -71 -95 -24 -83 -57 -80 94 -76 }, payload={}, command={66 65 66 89 45 65 76 69 88 ...(9)}, domain={}, ]]
06-Apr-2018 11:35:24.213 INFO [Membership-MemberDisappeared.] org.apache.catalina.ha.tcp.SimpleTcpCluster.memberDisappeared Received member disappeared:[org.apache.catalina.tribes.membership.MemberImpl[tcp://{127, 0, 1, 1}:4001,{127, 0, 1, 1},4001, alive=8083651, securePort=-1, UDP Port=-1, id={127 93 29 -104 -21 -45 71 11 -92 10 -14 -98 -5 -119 -98 -126 }, payload={}, command={66 65 66 89 45 65 76 69 88 ...(9)}, domain={}, ]]
06-Apr-2018 11:35:30.405 INFO [main] org.apache.catalina.core.StandardServer.await A valid shutdown command was received via the shutdown port. Stopping the Server instance.
06-Apr-2018 11:35:30.406 INFO [main] org.apache.coyote.AbstractProtocol.pause Pausing ProtocolHandler ["http-nio-8383"]
06-Apr-2018 11:35:30.458 INFO [main] org.apache.coyote.AbstractProtocol.pause Pausing ProtocolHandler ["ajp-nio-8309"]
06-Apr-2018 11:35:30.509 INFO [main] org.apache.catalina.core.StandardService.stopInternal Stopping service [Catalina]
06-Apr-2018 11:35:30.512 INFO [main] org.apache.catalina.ha.session.JvmRouteBinderValve.stopInternal JvmRouteBinderValve stopped
06-Apr-2018 11:35:30.515 INFO [main] org.apache.catalina.ha.session.DeltaManager.stopInternal Manager [localhost#] expiring sessions upon shutdown
06-Apr-2018 11:35:31.752 INFO [main] org.apache.coyote.AbstractProtocol.stop Stopping ProtocolHandler ["http-nio-8383"]
06-Apr-2018 11:35:31.756 INFO [main] org.apache.coyote.AbstractProtocol.stop Stopping ProtocolHandler ["ajp-nio-8309"]
06-Apr-2018 11:35:31.759 INFO [main] org.apache.coyote.AbstractProtocol.destroy Destroying ProtocolHandler ["http-nio-8383"]
06-Apr-2018 11:35:31.760 INFO [main] org.apache.coyote.AbstractProtocol.destroy Destroying ProtocolHandler ["ajp-nio-8309"]
