13-Mar-2018 11:10:21.875 SEVERE [main] org.apache.tomcat.util.digester.Digester.startElement Begin event threw exception
 java.lang.ClassNotFoundException: org.apache.catalina.tribes.group.interceptors.MessageDispatch15Interceptor
	at java.net.URLClassLoader.findClass(URLClassLoader.java:381)
	at java.lang.ClassLoader.loadClass(ClassLoader.java:424)
	at java.lang.ClassLoader.loadClass(ClassLoader.java:357)
	at org.apache.tomcat.util.digester.ObjectCreateRule.begin(ObjectCreateRule.java:116)
	at org.apache.tomcat.util.digester.Digester.startElement(Digester.java:1174)
	at com.sun.org.apache.xerces.internal.parsers.AbstractSAXParser.startElement(AbstractSAXParser.java:509)
	at com.sun.org.apache.xerces.internal.parsers.AbstractXMLDocumentParser.emptyElement(AbstractXMLDocumentParser.java:182)
	at com.sun.org.apache.xerces.internal.impl.XMLDocumentFragmentScannerImpl.scanStartElement(XMLDocumentFragmentScannerImpl.java:1344)
	at com.sun.org.apache.xerces.internal.impl.XMLDocumentFragmentScannerImpl$FragmentContentDriver.next(XMLDocumentFragmentScannerImpl.java:2787)
	at com.sun.org.apache.xerces.internal.impl.XMLDocumentScannerImpl.next(XMLDocumentScannerImpl.java:606)
	at com.sun.org.apache.xerces.internal.impl.XMLDocumentFragmentScannerImpl.scanDocument(XMLDocumentFragmentScannerImpl.java:510)
	at com.sun.org.apache.xerces.internal.parsers.XML11Configuration.parse(XML11Configuration.java:848)
	at com.sun.org.apache.xerces.internal.parsers.XML11Configuration.parse(XML11Configuration.java:777)
	at com.sun.org.apache.xerces.internal.parsers.XMLParser.parse(XMLParser.java:141)
	at com.sun.org.apache.xerces.internal.parsers.AbstractSAXParser.parse(AbstractSAXParser.java:1213)
	at com.sun.org.apache.xerces.internal.jaxp.SAXParserImpl$JAXPSAXParser.parse(SAXParserImpl.java:643)
	at org.apache.tomcat.util.digester.Digester.parse(Digester.java:1439)
	at org.apache.catalina.startup.Catalina.load(Catalina.java:605)
	at org.apache.catalina.startup.Catalina.load(Catalina.java:656)
	at sun.reflect.NativeMethodAccessorImpl.invoke0(Native Method)
	at sun.reflect.NativeMethodAccessorImpl.invoke(NativeMethodAccessorImpl.java:62)
	at sun.reflect.DelegatingMethodAccessorImpl.invoke(DelegatingMethodAccessorImpl.java:43)
	at java.lang.reflect.Method.invoke(Method.java:497)
	at org.apache.catalina.startup.Bootstrap.load(Bootstrap.java:309)
	at org.apache.catalina.startup.Bootstrap.main(Bootstrap.java:492)

13-Mar-2018 11:10:21.880 WARNING [main] org.apache.catalina.startup.Catalina.load Catalina.start using conf/server.xml: Error at (160, 107) : org.apache.catalina.tribes.group.interceptors.MessageDispatch15Interceptor
13-Mar-2018 11:10:21.881 SEVERE [main] org.apache.catalina.startup.Catalina.start Cannot start server. Server instance is not configured.
13-Mar-2018 11:50:01.817 INFO [main] org.apache.catalina.startup.VersionLoggerListener.log Server version:        Apache Tomcat/9.0.5
13-Mar-2018 11:50:01.823 INFO [main] org.apache.catalina.startup.VersionLoggerListener.log Server built:          Feb 6 2018 21:42:23 UTC
13-Mar-2018 11:50:01.823 INFO [main] org.apache.catalina.startup.VersionLoggerListener.log Server number:         9.0.5.0
13-Mar-2018 11:50:01.824 INFO [main] org.apache.catalina.startup.VersionLoggerListener.log OS Name:               Linux
13-Mar-2018 11:50:01.826 INFO [main] org.apache.catalina.startup.VersionLoggerListener.log OS Version:            3.19.0-80-generic
13-Mar-2018 11:50:01.828 INFO [main] org.apache.catalina.startup.VersionLoggerListener.log Architecture:          amd64
13-Mar-2018 11:50:01.830 INFO [main] org.apache.catalina.startup.VersionLoggerListener.log Java Home:             /usr/java/jdk1.8.0_66/jre
13-Mar-2018 11:50:01.832 INFO [main] org.apache.catalina.startup.VersionLoggerListener.log JVM Version:           1.8.0_66-b17
13-Mar-2018 11:50:01.832 INFO [main] org.apache.catalina.startup.VersionLoggerListener.log JVM Vendor:            Oracle Corporation
13-Mar-2018 11:50:01.832 INFO [main] org.apache.catalina.startup.VersionLoggerListener.log CATALINA_BASE:         /home/sekharvaana/Desktop/TomacatLoadbalance/tomcat-instance3
13-Mar-2018 11:50:01.832 INFO [main] org.apache.catalina.startup.VersionLoggerListener.log CATALINA_HOME:         /home/sekharvaana/Desktop/TomacatLoadbalance/apache-tomcat-9.0.5
13-Mar-2018 11:50:01.833 INFO [main] org.apache.catalina.startup.VersionLoggerListener.log Command line argument: -Djava.util.logging.config.file=/home/sekharvaana/Desktop/TomacatLoadbalance/tomcat-instance3/conf/logging.properties
13-Mar-2018 11:50:01.833 INFO [main] org.apache.catalina.startup.VersionLoggerListener.log Command line argument: -Djava.util.logging.manager=org.apache.juli.ClassLoaderLogManager
13-Mar-2018 11:50:01.833 INFO [main] org.apache.catalina.startup.VersionLoggerListener.log Command line argument: -Djdk.tls.ephemeralDHKeySize=2048
13-Mar-2018 11:50:01.834 INFO [main] org.apache.catalina.startup.VersionLoggerListener.log Command line argument: -Djava.protocol.handler.pkgs=org.apache.catalina.webresources
13-Mar-2018 11:50:01.834 INFO [main] org.apache.catalina.startup.VersionLoggerListener.log Command line argument: -Dignore.endorsed.dirs=
13-Mar-2018 11:50:01.834 INFO [main] org.apache.catalina.startup.VersionLoggerListener.log Command line argument: -Dcatalina.base=/home/sekharvaana/Desktop/TomacatLoadbalance/tomcat-instance3
13-Mar-2018 11:50:01.834 INFO [main] org.apache.catalina.startup.VersionLoggerListener.log Command line argument: -Dcatalina.home=/home/sekharvaana/Desktop/TomacatLoadbalance/apache-tomcat-9.0.5
13-Mar-2018 11:50:01.834 INFO [main] org.apache.catalina.startup.VersionLoggerListener.log Command line argument: -Djava.io.tmpdir=/home/sekharvaana/Desktop/TomacatLoadbalance/tomcat-instance3/temp
13-Mar-2018 11:50:01.834 INFO [main] org.apache.catalina.core.AprLifecycleListener.lifecycleEvent The APR based Apache Tomcat Native library which allows optimal performance in production environments was not found on the java.library.path: [/usr/java/packages/lib/amd64:/usr/lib64:/lib64:/lib:/usr/lib]
13-Mar-2018 11:50:02.303 INFO [main] org.apache.coyote.AbstractProtocol.init Initializing ProtocolHandler ["http-nio-8383"]
13-Mar-2018 11:50:02.365 INFO [main] org.apache.tomcat.util.net.NioSelectorPool.getSharedSelector Using a shared selector for servlet write/read
13-Mar-2018 11:50:02.412 INFO [main] org.apache.coyote.AbstractProtocol.init Initializing ProtocolHandler ["ajp-nio-8309"]
13-Mar-2018 11:50:02.428 INFO [main] org.apache.tomcat.util.net.NioSelectorPool.getSharedSelector Using a shared selector for servlet write/read
13-Mar-2018 11:50:02.433 INFO [main] org.apache.catalina.startup.Catalina.load Initialization processed in 1622 ms
13-Mar-2018 11:50:02.526 INFO [main] org.apache.catalina.core.StandardService.startInternal Starting service [Catalina]
13-Mar-2018 11:50:02.532 INFO [main] org.apache.catalina.core.StandardEngine.startInternal Starting Servlet Engine: Apache Tomcat/9.0.5
13-Mar-2018 11:50:02.562 INFO [main] org.apache.catalina.ha.tcp.SimpleTcpCluster.startInternal Cluster is about to start
13-Mar-2018 11:50:02.591 INFO [main] org.apache.catalina.tribes.transport.ReceiverBase.bind Receiver Server Socket bound to:[/127.0.1.1:4002]
13-Mar-2018 11:50:02.613 INFO [main] org.apache.catalina.tribes.membership.McastServiceImpl.setupSocket Setting cluster mcast soTimeout to [500]
13-Mar-2018 11:50:02.621 INFO [main] org.apache.catalina.tribes.membership.McastServiceImpl.waitForMembers Sleeping for [1000] milliseconds to establish cluster membership, start level:[4]
13-Mar-2018 11:50:02.659 INFO [Membership-MemberAdded.] org.apache.catalina.ha.tcp.SimpleTcpCluster.memberAdded Replication member added:[org.apache.catalina.tribes.membership.MemberImpl[tcp://{127, 0, 1, 1}:4001,{127, 0, 1, 1},4001, alive=4047, securePort=-1, UDP Port=-1, id={4 28 126 5 -60 82 79 -69 -84 -91 -46 -34 92 44 -105 -60 }, payload={}, command={}, domain={}, ]]
13-Mar-2018 11:50:02.762 INFO [Membership-MemberAdded.] org.apache.catalina.ha.tcp.SimpleTcpCluster.memberAdded Replication member added:[org.apache.catalina.tribes.membership.MemberImpl[tcp://{127, 0, 1, 1}:4000,{127, 0, 1, 1},4000, alive=9021, securePort=-1, UDP Port=-1, id={-66 22 -45 88 24 -120 79 75 -65 -104 105 47 46 -25 -115 89 }, payload={}, command={}, domain={}, ]]
13-Mar-2018 11:50:03.624 INFO [main] org.apache.catalina.tribes.membership.McastServiceImpl.waitForMembers Done sleeping, membership established, start level:[4]
13-Mar-2018 11:50:03.627 INFO [main] org.apache.catalina.tribes.membership.McastServiceImpl.waitForMembers Sleeping for [1000] milliseconds to establish cluster membership, start level:[8]
13-Mar-2018 11:50:03.655 INFO [Tribes-Task-Receiver[Catalina-Channel]-1] org.apache.catalina.tribes.io.BufferPool.getBufferPool Created a buffer pool with max size:[104857600] bytes of type: [org.apache.catalina.tribes.io.BufferPool15Impl]
13-Mar-2018 11:50:04.627 INFO [main] org.apache.catalina.tribes.membership.McastServiceImpl.waitForMembers Done sleeping, membership established, start level:[8]
13-Mar-2018 11:50:04.736 INFO [main] org.apache.catalina.startup.HostConfig.deployWAR Deploying web application archive [/home/sekharvaana/Desktop/TomacatLoadbalance/tomcat-instance3/webapps/thymeleaf-1.0.0-SNAPSHOT.war]
13-Mar-2018 11:50:13.743 INFO [main] org.apache.jasper.servlet.TldScanner.scanJars At least one JAR was scanned for TLDs yet contained no TLDs. Enable debug logging for this logger for a complete list of JARs that were scanned but no TLDs were found in them. Skipping unneeded JARs during scanning can improve startup time and JSP compilation time.
13-Mar-2018 11:50:14.000 INFO [main] org.apache.catalina.startup.HostConfig.deployWAR Deployment of web application archive [/home/sekharvaana/Desktop/TomacatLoadbalance/tomcat-instance3/webapps/thymeleaf-1.0.0-SNAPSHOT.war] has finished in [9,264] ms
13-Mar-2018 11:50:14.004 INFO [main] org.apache.catalina.startup.HostConfig.deployDirectory Deploying web application directory [/home/sekharvaana/Desktop/TomacatLoadbalance/tomcat-instance3/webapps/department3]
13-Mar-2018 11:50:14.092 INFO [main] org.apache.catalina.startup.HostConfig.deployDirectory Deployment of web application directory [/home/sekharvaana/Desktop/TomacatLoadbalance/tomcat-instance3/webapps/department3] has finished in [87] ms
13-Mar-2018 11:50:14.092 INFO [main] org.apache.catalina.startup.HostConfig.deployDirectory Deploying web application directory [/home/sekharvaana/Desktop/TomacatLoadbalance/tomcat-instance3/webapps/ROOT]
13-Mar-2018 11:50:15.098 INFO [main] org.apache.jasper.servlet.TldScanner.scanJars At least one JAR was scanned for TLDs yet contained no TLDs. Enable debug logging for this logger for a complete list of JARs that were scanned but no TLDs were found in them. Skipping unneeded JARs during scanning can improve startup time and JSP compilation time.
13-Mar-2018 11:50:15.117 INFO [main] org.apache.catalina.ha.session.DeltaManager.startInternal Register manager [localhost#] to cluster element [Engine] with name [Catalina]
13-Mar-2018 11:50:15.117 INFO [main] org.apache.catalina.ha.session.DeltaManager.startInternal Starting clustering manager at [localhost#]
13-Mar-2018 11:50:15.162 INFO [main] org.apache.catalina.ha.session.DeltaManager.getAllClusterSessions Manager [localhost#], requesting session state from [org.apache.catalina.tribes.membership.MemberImpl[tcp://{127, 0, 1, 1}:4000,{127, 0, 1, 1},4000, alive=21029, securePort=-1, UDP Port=-1, id={-66 22 -45 88 24 -120 79 75 -65 -104 105 47 46 -25 -115 89 }, payload={}, command={}, domain={}, ]]. This operation will timeout if no session state has been received within [60] seconds.
13-Mar-2018 11:50:15.264 INFO [main] org.apache.catalina.ha.session.DeltaManager.waitForSendAllSessions Manager [localhost#]; session state send at [3/13/18 11:50 AM] received in [144] ms.
13-Mar-2018 11:50:15.273 INFO [main] org.apache.catalina.startup.HostConfig.deployDirectory Deployment of web application directory [/home/sekharvaana/Desktop/TomacatLoadbalance/tomcat-instance3/webapps/ROOT] has finished in [1,181] ms
13-Mar-2018 11:50:15.274 INFO [main] org.apache.catalina.startup.HostConfig.deployDirectory Deploying web application directory [/home/sekharvaana/Desktop/TomacatLoadbalance/tomcat-instance3/webapps/docs]
13-Mar-2018 11:50:15.347 INFO [main] org.apache.catalina.startup.HostConfig.deployDirectory Deployment of web application directory [/home/sekharvaana/Desktop/TomacatLoadbalance/tomcat-instance3/webapps/docs] has finished in [73] ms
13-Mar-2018 11:50:15.347 INFO [main] org.apache.catalina.startup.HostConfig.deployDirectory Deploying web application directory [/home/sekharvaana/Desktop/TomacatLoadbalance/tomcat-instance3/webapps/manager]
13-Mar-2018 11:50:15.453 INFO [main] org.apache.catalina.startup.HostConfig.deployDirectory Deployment of web application directory [/home/sekharvaana/Desktop/TomacatLoadbalance/tomcat-instance3/webapps/manager] has finished in [106] ms
13-Mar-2018 11:50:15.454 INFO [main] org.apache.catalina.startup.HostConfig.deployDirectory Deploying web application directory [/home/sekharvaana/Desktop/TomacatLoadbalance/tomcat-instance3/webapps/examples]
13-Mar-2018 11:50:15.880 INFO [main] org.apache.catalina.startup.HostConfig.deployDirectory Deployment of web application directory [/home/sekharvaana/Desktop/TomacatLoadbalance/tomcat-instance3/webapps/examples] has finished in [426] ms
13-Mar-2018 11:50:15.881 INFO [main] org.apache.catalina.startup.HostConfig.deployDirectory Deploying web application directory [/home/sekharvaana/Desktop/TomacatLoadbalance/tomcat-instance3/webapps/host-manager]
13-Mar-2018 11:50:15.909 INFO [main] org.apache.catalina.startup.HostConfig.deployDirectory Deployment of web application directory [/home/sekharvaana/Desktop/TomacatLoadbalance/tomcat-instance3/webapps/host-manager] has finished in [28] ms
13-Mar-2018 11:50:15.910 INFO [main] org.apache.catalina.ha.session.JvmRouteBinderValve.startInternal JvmRouteBinderValve started
13-Mar-2018 11:50:15.915 INFO [main] org.apache.coyote.AbstractProtocol.start Starting ProtocolHandler ["http-nio-8383"]
13-Mar-2018 11:50:15.928 INFO [main] org.apache.coyote.AbstractProtocol.start Starting ProtocolHandler ["ajp-nio-8309"]
13-Mar-2018 11:50:15.931 INFO [main] org.apache.catalina.startup.Catalina.start Server startup in 13497 ms
13-Mar-2018 12:02:38.548 INFO [Membership-MemberExpired.] org.apache.catalina.tribes.group.interceptors.TcpFailureDetector.memberDisappeared Received memberDisappeared[org.apache.catalina.tribes.membership.MemberImpl[tcp://{127, 0, 1, 1}:4001,{127, 0, 1, 1},4001, alive=756914, securePort=-1, UDP Port=-1, id={4 28 126 5 -60 82 79 -69 -84 -91 -46 -34 92 44 -105 -60 }, payload={}, command={}, domain={}, ]] message. Will verify.
13-Mar-2018 12:02:38.549 INFO [Membership-MemberExpired.] org.apache.catalina.tribes.group.interceptors.TcpFailureDetector.memberDisappeared Verification complete. Member still alive[org.apache.catalina.tribes.membership.MemberImpl[tcp://{127, 0, 1, 1}:4001,{127, 0, 1, 1},4001, alive=756914, securePort=-1, UDP Port=-1, id={4 28 126 5 -60 82 79 -69 -84 -91 -46 -34 92 44 -105 -60 }, payload={}, command={}, domain={}, ]]
13-Mar-2018 12:02:38.724 INFO [Membership-MemberExpired.] org.apache.catalina.tribes.group.interceptors.TcpFailureDetector.memberDisappeared Received memberDisappeared[org.apache.catalina.tribes.membership.MemberImpl[tcp://{127, 0, 1, 1}:4000,{127, 0, 1, 1},4000, alive=761979, securePort=-1, UDP Port=-1, id={-66 22 -45 88 24 -120 79 75 -65 -104 105 47 46 -25 -115 89 }, payload={}, command={}, domain={}, ]] message. Will verify.
13-Mar-2018 12:02:38.724 INFO [Membership-MemberExpired.] org.apache.catalina.tribes.group.interceptors.TcpFailureDetector.memberDisappeared Verification complete. Member still alive[org.apache.catalina.tribes.membership.MemberImpl[tcp://{127, 0, 1, 1}:4000,{127, 0, 1, 1},4000, alive=761979, securePort=-1, UDP Port=-1, id={-66 22 -45 88 24 -120 79 75 -65 -104 105 47 46 -25 -115 89 }, payload={}, command={}, domain={}, ]]
13-Mar-2018 12:02:41.049 WARNING [Tribes-MembershipSender[Catalina-Channel]] org.apache.catalina.tribes.membership.McastServiceImpl$SenderThread.run Unable to send mcast message.
 java.io.IOException: Network is unreachable
	at java.net.PlainDatagramSocketImpl.send(Native Method)
	at java.net.DatagramSocket.send(DatagramSocket.java:693)
	at org.apache.catalina.tribes.membership.McastServiceImpl.send(McastServiceImpl.java:515)
	at org.apache.catalina.tribes.membership.McastServiceImpl.send(McastServiceImpl.java:492)
	at org.apache.catalina.tribes.membership.McastServiceImpl$SenderThread.run(McastServiceImpl.java:592)

13-Mar-2018 12:16:30.383 INFO [main] org.apache.catalina.core.StandardServer.await A valid shutdown command was received via the shutdown port. Stopping the Server instance.
13-Mar-2018 12:16:30.384 INFO [main] org.apache.coyote.AbstractProtocol.pause Pausing ProtocolHandler ["http-nio-8383"]
13-Mar-2018 12:16:30.436 INFO [main] org.apache.coyote.AbstractProtocol.pause Pausing ProtocolHandler ["ajp-nio-8309"]
13-Mar-2018 12:16:30.487 INFO [main] org.apache.catalina.core.StandardService.stopInternal Stopping service [Catalina]
13-Mar-2018 12:16:30.488 INFO [main] org.apache.catalina.ha.session.JvmRouteBinderValve.stopInternal JvmRouteBinderValve stopped
13-Mar-2018 12:16:30.489 INFO [main] org.apache.catalina.ha.session.DeltaManager.stopInternal Manager [localhost#] expiring sessions upon shutdown
13-Mar-2018 12:16:30.650 INFO [main] org.apache.coyote.AbstractProtocol.stop Stopping ProtocolHandler ["http-nio-8383"]
13-Mar-2018 12:16:30.652 INFO [main] org.apache.coyote.AbstractProtocol.stop Stopping ProtocolHandler ["ajp-nio-8309"]
13-Mar-2018 12:16:30.656 INFO [main] org.apache.coyote.AbstractProtocol.destroy Destroying ProtocolHandler ["http-nio-8383"]
13-Mar-2018 12:16:30.657 INFO [main] org.apache.coyote.AbstractProtocol.destroy Destroying ProtocolHandler ["ajp-nio-8309"]
13-Mar-2018 13:06:28.314 INFO [main] org.apache.catalina.startup.VersionLoggerListener.log Server version:        Apache Tomcat/9.0.5
13-Mar-2018 13:06:28.318 INFO [main] org.apache.catalina.startup.VersionLoggerListener.log Server built:          Feb 6 2018 21:42:23 UTC
13-Mar-2018 13:06:28.318 INFO [main] org.apache.catalina.startup.VersionLoggerListener.log Server number:         9.0.5.0
13-Mar-2018 13:06:28.318 INFO [main] org.apache.catalina.startup.VersionLoggerListener.log OS Name:               Linux
13-Mar-2018 13:06:28.319 INFO [main] org.apache.catalina.startup.VersionLoggerListener.log OS Version:            3.19.0-80-generic
13-Mar-2018 13:06:28.319 INFO [main] org.apache.catalina.startup.VersionLoggerListener.log Architecture:          amd64
13-Mar-2018 13:06:28.319 INFO [main] org.apache.catalina.startup.VersionLoggerListener.log Java Home:             /usr/java/jdk1.8.0_66/jre
13-Mar-2018 13:06:28.319 INFO [main] org.apache.catalina.startup.VersionLoggerListener.log JVM Version:           1.8.0_66-b17
13-Mar-2018 13:06:28.319 INFO [main] org.apache.catalina.startup.VersionLoggerListener.log JVM Vendor:            Oracle Corporation
13-Mar-2018 13:06:28.321 INFO [main] org.apache.catalina.startup.VersionLoggerListener.log CATALINA_BASE:         /home/sekharvaana/Desktop/TomacatLoadbalance/tomcat-instance3
13-Mar-2018 13:06:28.321 INFO [main] org.apache.catalina.startup.VersionLoggerListener.log CATALINA_HOME:         /home/sekharvaana/Desktop/TomacatLoadbalance/apache-tomcat-9.0.5
13-Mar-2018 13:06:28.321 INFO [main] org.apache.catalina.startup.VersionLoggerListener.log Command line argument: -Djava.util.logging.config.file=/home/sekharvaana/Desktop/TomacatLoadbalance/tomcat-instance3/conf/logging.properties
13-Mar-2018 13:06:28.322 INFO [main] org.apache.catalina.startup.VersionLoggerListener.log Command line argument: -Djava.util.logging.manager=org.apache.juli.ClassLoaderLogManager
13-Mar-2018 13:06:28.322 INFO [main] org.apache.catalina.startup.VersionLoggerListener.log Command line argument: -Djdk.tls.ephemeralDHKeySize=2048
13-Mar-2018 13:06:28.322 INFO [main] org.apache.catalina.startup.VersionLoggerListener.log Command line argument: -Djava.protocol.handler.pkgs=org.apache.catalina.webresources
13-Mar-2018 13:06:28.322 INFO [main] org.apache.catalina.startup.VersionLoggerListener.log Command line argument: -Dignore.endorsed.dirs=
13-Mar-2018 13:06:28.322 INFO [main] org.apache.catalina.startup.VersionLoggerListener.log Command line argument: -Dcatalina.base=/home/sekharvaana/Desktop/TomacatLoadbalance/tomcat-instance3
13-Mar-2018 13:06:28.322 INFO [main] org.apache.catalina.startup.VersionLoggerListener.log Command line argument: -Dcatalina.home=/home/sekharvaana/Desktop/TomacatLoadbalance/apache-tomcat-9.0.5
13-Mar-2018 13:06:28.323 INFO [main] org.apache.catalina.startup.VersionLoggerListener.log Command line argument: -Djava.io.tmpdir=/home/sekharvaana/Desktop/TomacatLoadbalance/tomcat-instance3/temp
13-Mar-2018 13:06:28.323 INFO [main] org.apache.catalina.core.AprLifecycleListener.lifecycleEvent The APR based Apache Tomcat Native library which allows optimal performance in production environments was not found on the java.library.path: [/usr/java/packages/lib/amd64:/usr/lib64:/lib64:/lib:/usr/lib]
13-Mar-2018 13:06:28.648 INFO [main] org.apache.coyote.AbstractProtocol.init Initializing ProtocolHandler ["http-nio-8383"]
13-Mar-2018 13:06:28.685 INFO [main] org.apache.tomcat.util.net.NioSelectorPool.getSharedSelector Using a shared selector for servlet write/read
13-Mar-2018 13:06:28.712 INFO [main] org.apache.coyote.AbstractProtocol.init Initializing ProtocolHandler ["ajp-nio-8309"]
13-Mar-2018 13:06:28.715 INFO [main] org.apache.tomcat.util.net.NioSelectorPool.getSharedSelector Using a shared selector for servlet write/read
13-Mar-2018 13:06:28.716 INFO [main] org.apache.catalina.startup.Catalina.load Initialization processed in 1307 ms
13-Mar-2018 13:06:28.778 INFO [main] org.apache.catalina.core.StandardService.startInternal Starting service [Catalina]
13-Mar-2018 13:06:28.778 INFO [main] org.apache.catalina.core.StandardEngine.startInternal Starting Servlet Engine: Apache Tomcat/9.0.5
13-Mar-2018 13:06:28.802 INFO [main] org.apache.catalina.ha.tcp.SimpleTcpCluster.startInternal Cluster is about to start
13-Mar-2018 13:06:28.830 INFO [main] org.apache.catalina.tribes.transport.ReceiverBase.bind Receiver Server Socket bound to:[/127.0.1.1:4002]
13-Mar-2018 13:06:28.876 INFO [main] org.apache.catalina.tribes.membership.McastServiceImpl.setupSocket Setting cluster mcast soTimeout to [500]
13-Mar-2018 13:06:28.900 INFO [main] org.apache.catalina.tribes.membership.McastServiceImpl.waitForMembers Sleeping for [1000] milliseconds to establish cluster membership, start level:[4]
13-Mar-2018 13:06:28.960 INFO [Membership-MemberAdded.] org.apache.catalina.ha.tcp.SimpleTcpCluster.memberAdded Replication member added:[org.apache.catalina.tribes.membership.MemberImpl[tcp://{127, 0, 1, 1}:4001,{127, 0, 1, 1},4001, alive=3045, securePort=-1, UDP Port=-1, id={-44 43 26 63 -44 60 69 -102 -72 -78 123 97 122 13 74 -58 }, payload={}, command={}, domain={}, ]]
13-Mar-2018 13:06:29.217 INFO [Membership-MemberAdded.] org.apache.catalina.ha.tcp.SimpleTcpCluster.memberAdded Replication member added:[org.apache.catalina.tribes.membership.MemberImpl[tcp://{127, 0, 1, 1}:4000,{127, 0, 1, 1},4000, alive=8516, securePort=-1, UDP Port=-1, id={99 -63 -63 37 33 72 78 -38 -89 -115 58 -118 -13 2 -127 76 }, payload={}, command={}, domain={}, ]]
13-Mar-2018 13:06:29.900 INFO [main] org.apache.catalina.tribes.membership.McastServiceImpl.waitForMembers Done sleeping, membership established, start level:[4]
13-Mar-2018 13:06:29.913 INFO [main] org.apache.catalina.tribes.membership.McastServiceImpl.waitForMembers Sleeping for [1000] milliseconds to establish cluster membership, start level:[8]
13-Mar-2018 13:06:29.927 INFO [Tribes-Task-Receiver[Catalina-Channel]-1] org.apache.catalina.tribes.io.BufferPool.getBufferPool Created a buffer pool with max size:[104857600] bytes of type: [org.apache.catalina.tribes.io.BufferPool15Impl]
13-Mar-2018 13:06:30.914 INFO [main] org.apache.catalina.tribes.membership.McastServiceImpl.waitForMembers Done sleeping, membership established, start level:[8]
13-Mar-2018 13:06:30.978 INFO [main] org.apache.catalina.startup.HostConfig.deployWAR Deploying web application archive [/home/sekharvaana/Desktop/TomacatLoadbalance/tomcat-instance3/webapps/thymeleaf-1.0.0-SNAPSHOT.war]
13-Mar-2018 13:06:38.199 INFO [main] org.apache.jasper.servlet.TldScanner.scanJars At least one JAR was scanned for TLDs yet contained no TLDs. Enable debug logging for this logger for a complete list of JARs that were scanned but no TLDs were found in them. Skipping unneeded JARs during scanning can improve startup time and JSP compilation time.
13-Mar-2018 13:06:38.716 INFO [main] org.apache.catalina.startup.HostConfig.deployWAR Deployment of web application archive [/home/sekharvaana/Desktop/TomacatLoadbalance/tomcat-instance3/webapps/thymeleaf-1.0.0-SNAPSHOT.war] has finished in [7,737] ms
13-Mar-2018 13:06:38.718 INFO [main] org.apache.catalina.startup.HostConfig.deployDirectory Deploying web application directory [/home/sekharvaana/Desktop/TomacatLoadbalance/tomcat-instance3/webapps/department3]
13-Mar-2018 13:06:38.776 INFO [main] org.apache.catalina.startup.HostConfig.deployDirectory Deployment of web application directory [/home/sekharvaana/Desktop/TomacatLoadbalance/tomcat-instance3/webapps/department3] has finished in [58] ms
13-Mar-2018 13:06:38.777 INFO [main] org.apache.catalina.startup.HostConfig.deployDirectory Deploying web application directory [/home/sekharvaana/Desktop/TomacatLoadbalance/tomcat-instance3/webapps/ROOT]
13-Mar-2018 13:06:39.703 INFO [main] org.apache.jasper.servlet.TldScanner.scanJars At least one JAR was scanned for TLDs yet contained no TLDs. Enable debug logging for this logger for a complete list of JARs that were scanned but no TLDs were found in them. Skipping unneeded JARs during scanning can improve startup time and JSP compilation time.
13-Mar-2018 13:06:39.725 INFO [main] org.apache.catalina.ha.session.DeltaManager.startInternal Register manager [localhost#] to cluster element [Engine] with name [Catalina]
13-Mar-2018 13:06:39.725 INFO [main] org.apache.catalina.ha.session.DeltaManager.startInternal Starting clustering manager at [localhost#]
13-Mar-2018 13:06:39.749 INFO [main] org.apache.catalina.ha.session.DeltaManager.getAllClusterSessions Manager [localhost#], requesting session state from [org.apache.catalina.tribes.membership.MemberImpl[tcp://{127, 0, 1, 1}:4000,{127, 0, 1, 1},4000, alive=19025, securePort=-1, UDP Port=-1, id={99 -63 -63 37 33 72 78 -38 -89 -115 58 -118 -13 2 -127 76 }, payload={}, command={}, domain={}, ]]. This operation will timeout if no session state has been received within [60] seconds.
13-Mar-2018 13:06:39.857 INFO [main] org.apache.catalina.ha.session.DeltaManager.waitForSendAllSessions Manager [localhost#]; session state send at [3/13/18 1:06 PM] received in [131] ms.
13-Mar-2018 13:06:39.860 INFO [main] org.apache.catalina.startup.HostConfig.deployDirectory Deployment of web application directory [/home/sekharvaana/Desktop/TomacatLoadbalance/tomcat-instance3/webapps/ROOT] has finished in [1,084] ms
13-Mar-2018 13:06:39.861 INFO [main] org.apache.catalina.startup.HostConfig.deployDirectory Deploying web application directory [/home/sekharvaana/Desktop/TomacatLoadbalance/tomcat-instance3/webapps/docs]
13-Mar-2018 13:06:39.899 INFO [main] org.apache.catalina.startup.HostConfig.deployDirectory Deployment of web application directory [/home/sekharvaana/Desktop/TomacatLoadbalance/tomcat-instance3/webapps/docs] has finished in [38] ms
13-Mar-2018 13:06:39.901 INFO [main] org.apache.catalina.startup.HostConfig.deployDirectory Deploying web application directory [/home/sekharvaana/Desktop/TomacatLoadbalance/tomcat-instance3/webapps/manager]
13-Mar-2018 13:06:40.014 INFO [main] org.apache.catalina.startup.HostConfig.deployDirectory Deployment of web application directory [/home/sekharvaana/Desktop/TomacatLoadbalance/tomcat-instance3/webapps/manager] has finished in [114] ms
13-Mar-2018 13:06:40.016 INFO [main] org.apache.catalina.startup.HostConfig.deployDirectory Deploying web application directory [/home/sekharvaana/Desktop/TomacatLoadbalance/tomcat-instance3/webapps/examples]
13-Mar-2018 13:06:40.489 INFO [main] org.apache.catalina.startup.HostConfig.deployDirectory Deployment of web application directory [/home/sekharvaana/Desktop/TomacatLoadbalance/tomcat-instance3/webapps/examples] has finished in [473] ms
13-Mar-2018 13:06:40.490 INFO [main] org.apache.catalina.startup.HostConfig.deployDirectory Deploying web application directory [/home/sekharvaana/Desktop/TomacatLoadbalance/tomcat-instance3/webapps/host-manager]
13-Mar-2018 13:06:40.536 INFO [main] org.apache.catalina.startup.HostConfig.deployDirectory Deployment of web application directory [/home/sekharvaana/Desktop/TomacatLoadbalance/tomcat-instance3/webapps/host-manager] has finished in [47] ms
13-Mar-2018 13:06:40.537 INFO [main] org.apache.catalina.ha.session.JvmRouteBinderValve.startInternal JvmRouteBinderValve started
13-Mar-2018 13:06:40.542 INFO [main] org.apache.coyote.AbstractProtocol.start Starting ProtocolHandler ["http-nio-8383"]
13-Mar-2018 13:06:40.556 INFO [main] org.apache.coyote.AbstractProtocol.start Starting ProtocolHandler ["ajp-nio-8309"]
13-Mar-2018 13:06:40.560 INFO [main] org.apache.catalina.startup.Catalina.start Server startup in 11843 ms
13-Mar-2018 14:09:10.889 INFO [Membership-MemberDisappeared.] org.apache.catalina.ha.tcp.SimpleTcpCluster.memberDisappeared Received member disappeared:[org.apache.catalina.tribes.membership.MemberImpl[tcp://{127, 0, 1, 1}:4000,{127, 0, 1, 1},4000, alive=3770185, securePort=-1, UDP Port=-1, id={99 -63 -63 37 33 72 78 -38 -89 -115 58 -118 -13 2 -127 76 }, payload={}, command={66 65 66 89 45 65 76 69 88 ...(9)}, domain={}, ]]
13-Mar-2018 14:09:23.240 INFO [Membership-MemberAdded.] org.apache.catalina.ha.tcp.SimpleTcpCluster.memberAdded Replication member added:[org.apache.catalina.tribes.membership.MemberImpl[tcp://{127, 0, 1, 1}:4003,{127, 0, 1, 1},4003, alive=1035, securePort=-1, UDP Port=-1, id={-87 -83 50 125 -3 -53 65 -122 -103 -3 -8 34 -30 -52 119 -113 }, payload={}, command={}, domain={}, ]]
13-Mar-2018 14:09:25.421 INFO [Membership-MemberDisappeared.] org.apache.catalina.ha.tcp.SimpleTcpCluster.memberDisappeared Received member disappeared:[org.apache.catalina.tribes.membership.MemberImpl[tcp://{127, 0, 1, 1}:4001,{127, 0, 1, 1},4001, alive=3779565, securePort=-1, UDP Port=-1, id={-44 43 26 63 -44 60 69 -102 -72 -78 123 97 122 13 74 -58 }, payload={}, command={66 65 66 89 45 65 76 69 88 ...(9)}, domain={}, ]]
13-Mar-2018 14:09:28.696 INFO [main] org.apache.catalina.core.StandardServer.await A valid shutdown command was received via the shutdown port. Stopping the Server instance.
13-Mar-2018 14:09:28.697 INFO [main] org.apache.coyote.AbstractProtocol.pause Pausing ProtocolHandler ["http-nio-8383"]
13-Mar-2018 14:09:28.699 INFO [main] org.apache.coyote.AbstractProtocol.pause Pausing ProtocolHandler ["ajp-nio-8309"]
13-Mar-2018 14:09:28.700 INFO [main] org.apache.catalina.core.StandardService.stopInternal Stopping service [Catalina]
13-Mar-2018 14:09:28.701 INFO [main] org.apache.catalina.ha.session.JvmRouteBinderValve.stopInternal JvmRouteBinderValve stopped
13-Mar-2018 14:09:28.703 INFO [main] org.apache.catalina.ha.session.DeltaManager.stopInternal Manager [localhost#] expiring sessions upon shutdown
13-Mar-2018 14:09:29.904 INFO [main] org.apache.coyote.AbstractProtocol.stop Stopping ProtocolHandler ["http-nio-8383"]
13-Mar-2018 14:09:29.932 INFO [main] org.apache.coyote.AbstractProtocol.stop Stopping ProtocolHandler ["ajp-nio-8309"]
13-Mar-2018 14:09:29.935 INFO [main] org.apache.coyote.AbstractProtocol.destroy Destroying ProtocolHandler ["http-nio-8383"]
13-Mar-2018 14:09:29.935 INFO [main] org.apache.coyote.AbstractProtocol.destroy Destroying ProtocolHandler ["ajp-nio-8309"]
NOTE: Picked up JDK_JAVA_OPTIONS:  --add-opens=java.base/java.lang=ALL-UNNAMED --add-opens=java.rmi/sun.rmi.transport=ALL-UNNAMED
06-Apr-2018 09:24:22.224 INFO [main] org.apache.catalina.startup.VersionLoggerListener.log Server version:        Apache Tomcat/9.0.5
06-Apr-2018 09:24:22.233 INFO [main] org.apache.catalina.startup.VersionLoggerListener.log Server built:          Feb 6 2018 21:42:23 UTC
06-Apr-2018 09:24:22.234 INFO [main] org.apache.catalina.startup.VersionLoggerListener.log Server number:         9.0.5.0
06-Apr-2018 09:24:22.234 INFO [main] org.apache.catalina.startup.VersionLoggerListener.log OS Name:               Linux
06-Apr-2018 09:24:22.234 INFO [main] org.apache.catalina.startup.VersionLoggerListener.log OS Version:            3.19.0-80-generic
06-Apr-2018 09:24:22.235 INFO [main] org.apache.catalina.startup.VersionLoggerListener.log Architecture:          amd64
06-Apr-2018 09:24:22.235 INFO [main] org.apache.catalina.startup.VersionLoggerListener.log Java Home:             /usr/lib/jvm/java-9-oracle
06-Apr-2018 09:24:22.235 INFO [main] org.apache.catalina.startup.VersionLoggerListener.log JVM Version:           9.0.4+11
06-Apr-2018 09:24:22.235 INFO [main] org.apache.catalina.startup.VersionLoggerListener.log JVM Vendor:            Oracle Corporation
06-Apr-2018 09:24:22.235 INFO [main] org.apache.catalina.startup.VersionLoggerListener.log CATALINA_BASE:         /home/sekharvaana/Desktop/TomacatLoadbalance/tomcat-instance3
06-Apr-2018 09:24:22.236 INFO [main] org.apache.catalina.startup.VersionLoggerListener.log CATALINA_HOME:         /home/sekharvaana/Desktop/TomacatLoadbalance/apache-tomcat-9.0.5
06-Apr-2018 09:24:22.241 INFO [main] org.apache.catalina.startup.VersionLoggerListener.log Command line argument: --add-opens=java.base/java.lang=ALL-UNNAMED
06-Apr-2018 09:24:22.241 INFO [main] org.apache.catalina.startup.VersionLoggerListener.log Command line argument: --add-opens=java.rmi/sun.rmi.transport=ALL-UNNAMED
06-Apr-2018 09:24:22.241 INFO [main] org.apache.catalina.startup.VersionLoggerListener.log Command line argument: -Djava.util.logging.config.file=/home/sekharvaana/Desktop/TomacatLoadbalance/tomcat-instance3/conf/logging.properties
06-Apr-2018 09:24:22.242 INFO [main] org.apache.catalina.startup.VersionLoggerListener.log Command line argument: -Djava.util.logging.manager=org.apache.juli.ClassLoaderLogManager
06-Apr-2018 09:24:22.242 INFO [main] org.apache.catalina.startup.VersionLoggerListener.log Command line argument: -Djdk.tls.ephemeralDHKeySize=2048
06-Apr-2018 09:24:22.242 INFO [main] org.apache.catalina.startup.VersionLoggerListener.log Command line argument: -Djava.protocol.handler.pkgs=org.apache.catalina.webresources
06-Apr-2018 09:24:22.242 INFO [main] org.apache.catalina.startup.VersionLoggerListener.log Command line argument: -Dignore.endorsed.dirs=
06-Apr-2018 09:24:22.243 INFO [main] org.apache.catalina.startup.VersionLoggerListener.log Command line argument: -Dcatalina.base=/home/sekharvaana/Desktop/TomacatLoadbalance/tomcat-instance3
06-Apr-2018 09:24:22.243 INFO [main] org.apache.catalina.startup.VersionLoggerListener.log Command line argument: -Dcatalina.home=/home/sekharvaana/Desktop/TomacatLoadbalance/apache-tomcat-9.0.5
06-Apr-2018 09:24:22.243 INFO [main] org.apache.catalina.startup.VersionLoggerListener.log Command line argument: -Djava.io.tmpdir=/home/sekharvaana/Desktop/TomacatLoadbalance/tomcat-instance3/temp
06-Apr-2018 09:24:22.243 INFO [main] org.apache.catalina.core.AprLifecycleListener.lifecycleEvent The APR based Apache Tomcat Native library which allows optimal performance in production environments was not found on the java.library.path: [/usr/java/packages/lib:/usr/lib64:/lib64:/lib:/usr/lib]
06-Apr-2018 09:24:22.338 INFO [main] org.apache.coyote.AbstractProtocol.init Initializing ProtocolHandler ["http-nio-8383"]
06-Apr-2018 09:24:22.377 INFO [main] org.apache.tomcat.util.net.NioSelectorPool.getSharedSelector Using a shared selector for servlet write/read
06-Apr-2018 09:24:22.388 INFO [main] org.apache.coyote.AbstractProtocol.init Initializing ProtocolHandler ["ajp-nio-8309"]
06-Apr-2018 09:24:22.391 INFO [main] org.apache.tomcat.util.net.NioSelectorPool.getSharedSelector Using a shared selector for servlet write/read
06-Apr-2018 09:24:22.393 INFO [main] org.apache.catalina.startup.Catalina.load Initialization processed in 1871 ms
06-Apr-2018 09:24:22.559 INFO [main] org.apache.catalina.core.StandardService.startInternal Starting service [Catalina]
06-Apr-2018 09:24:22.559 INFO [main] org.apache.catalina.core.StandardEngine.startInternal Starting Servlet Engine: Apache Tomcat/9.0.5
06-Apr-2018 09:24:22.581 INFO [main] org.apache.catalina.ha.tcp.SimpleTcpCluster.startInternal Cluster is about to start
06-Apr-2018 09:24:22.599 INFO [main] org.apache.catalina.tribes.transport.ReceiverBase.bind Receiver Server Socket bound to:[/127.0.1.1:4002]
06-Apr-2018 09:24:22.626 INFO [main] org.apache.catalina.tribes.membership.McastServiceImpl.setupSocket Setting cluster mcast soTimeout to [500]
06-Apr-2018 09:24:22.630 INFO [main] org.apache.catalina.tribes.membership.McastServiceImpl.waitForMembers Sleeping for [1000] milliseconds to establish cluster membership, start level:[4]
06-Apr-2018 09:24:22.667 INFO [Membership-MemberAdded.] org.apache.catalina.ha.tcp.SimpleTcpCluster.memberAdded Replication member added:[org.apache.catalina.tribes.membership.MemberImpl[tcp://{127, 0, 1, 1}:4000,{127, 0, 1, 1},4000, alive=365259, securePort=-1, UDP Port=-1, id={-125 120 -35 64 100 -36 68 83 -89 16 111 99 73 -77 -85 -121 }, payload={}, command={}, domain={}, ]]
06-Apr-2018 09:24:22.730 INFO [Membership-MemberAdded.] org.apache.catalina.ha.tcp.SimpleTcpCluster.memberAdded Replication member added:[org.apache.catalina.tribes.membership.MemberImpl[tcp://{127, 0, 1, 1}:4001,{127, 0, 1, 1},4001, alive=222169, securePort=-1, UDP Port=-1, id={127 93 29 -104 -21 -45 71 11 -92 10 -14 -98 -5 -119 -98 -126 }, payload={}, command={}, domain={}, ]]
06-Apr-2018 09:24:23.630 INFO [main] org.apache.catalina.tribes.membership.McastServiceImpl.waitForMembers Done sleeping, membership established, start level:[4]
06-Apr-2018 09:24:23.637 INFO [main] org.apache.catalina.tribes.membership.McastServiceImpl.waitForMembers Sleeping for [1000] milliseconds to establish cluster membership, start level:[8]
06-Apr-2018 09:24:23.643 INFO [Tribes-Task-Receiver[Catalina-Channel]-1] org.apache.catalina.tribes.io.BufferPool.getBufferPool Created a buffer pool with max size:[104857600] bytes of type: [org.apache.catalina.tribes.io.BufferPool15Impl]
06-Apr-2018 09:24:24.638 INFO [main] org.apache.catalina.tribes.membership.McastServiceImpl.waitForMembers Done sleeping, membership established, start level:[8]
06-Apr-2018 09:24:24.695 INFO [main] org.apache.catalina.startup.HostConfig.deployWAR Deploying web application archive [/home/sekharvaana/Desktop/TomacatLoadbalance/tomcat-instance3/webapps/thymeleaf-1.0.0-SNAPSHOT.war]
06-Apr-2018 09:24:34.586 INFO [main] org.apache.jasper.servlet.TldScanner.scanJars At least one JAR was scanned for TLDs yet contained no TLDs. Enable debug logging for this logger for a complete list of JARs that were scanned but no TLDs were found in them. Skipping unneeded JARs during scanning can improve startup time and JSP compilation time.
06-Apr-2018 09:24:35.180 INFO [main] org.apache.catalina.startup.HostConfig.deployWAR Deployment of web application archive [/home/sekharvaana/Desktop/TomacatLoadbalance/tomcat-instance3/webapps/thymeleaf-1.0.0-SNAPSHOT.war] has finished in [10,484] ms
06-Apr-2018 09:24:35.181 INFO [main] org.apache.catalina.startup.HostConfig.deployDirectory Deploying web application directory [/home/sekharvaana/Desktop/TomacatLoadbalance/tomcat-instance3/webapps/department3]
06-Apr-2018 09:24:35.252 INFO [main] org.apache.catalina.startup.HostConfig.deployDirectory Deployment of web application directory [/home/sekharvaana/Desktop/TomacatLoadbalance/tomcat-instance3/webapps/department3] has finished in [71] ms
06-Apr-2018 09:24:35.253 INFO [main] org.apache.catalina.startup.HostConfig.deployDirectory Deploying web application directory [/home/sekharvaana/Desktop/TomacatLoadbalance/tomcat-instance3/webapps/ROOT]
06-Apr-2018 09:24:36.467 INFO [main] org.apache.jasper.servlet.TldScanner.scanJars At least one JAR was scanned for TLDs yet contained no TLDs. Enable debug logging for this logger for a complete list of JARs that were scanned but no TLDs were found in them. Skipping unneeded JARs during scanning can improve startup time and JSP compilation time.
06-Apr-2018 09:24:36.520 INFO [main] org.apache.catalina.ha.session.DeltaManager.startInternal Register manager [localhost#] to cluster element [Engine] with name [Catalina]
06-Apr-2018 09:24:36.521 INFO [main] org.apache.catalina.ha.session.DeltaManager.startInternal Starting clustering manager at [localhost#]
06-Apr-2018 09:24:36.570 INFO [main] org.apache.catalina.ha.session.DeltaManager.getAllClusterSessions Manager [localhost#], requesting session state from [org.apache.catalina.tribes.membership.MemberImpl[tcp://{127, 0, 1, 1}:4000,{127, 0, 1, 1},4000, alive=378793, securePort=-1, UDP Port=-1, id={-125 120 -35 64 100 -36 68 83 -89 16 111 99 73 -77 -85 -121 }, payload={}, command={}, domain={}, ]]. This operation will timeout if no session state has been received within [60] seconds.
06-Apr-2018 09:24:36.685 INFO [main] org.apache.catalina.ha.session.DeltaManager.waitForSendAllSessions Manager [localhost#]; session state send at [4/6/18, 9:24 AM] received in [151] ms.
06-Apr-2018 09:24:36.707 INFO [main] org.apache.catalina.startup.HostConfig.deployDirectory Deployment of web application directory [/home/sekharvaana/Desktop/TomacatLoadbalance/tomcat-instance3/webapps/ROOT] has finished in [1,453] ms
06-Apr-2018 09:24:36.707 INFO [main] org.apache.catalina.startup.HostConfig.deployDirectory Deploying web application directory [/home/sekharvaana/Desktop/TomacatLoadbalance/tomcat-instance3/webapps/docs]
06-Apr-2018 09:24:36.794 INFO [main] org.apache.catalina.startup.HostConfig.deployDirectory Deployment of web application directory [/home/sekharvaana/Desktop/TomacatLoadbalance/tomcat-instance3/webapps/docs] has finished in [86] ms
06-Apr-2018 09:24:36.796 INFO [main] org.apache.catalina.startup.HostConfig.deployDirectory Deploying web application directory [/home/sekharvaana/Desktop/TomacatLoadbalance/tomcat-instance3/webapps/manager]
06-Apr-2018 09:24:36.967 INFO [main] org.apache.catalina.startup.HostConfig.deployDirectory Deployment of web application directory [/home/sekharvaana/Desktop/TomacatLoadbalance/tomcat-instance3/webapps/manager] has finished in [172] ms
06-Apr-2018 09:24:36.972 INFO [main] org.apache.catalina.startup.HostConfig.deployDirectory Deploying web application directory [/home/sekharvaana/Desktop/TomacatLoadbalance/tomcat-instance3/webapps/examples]
06-Apr-2018 09:24:38.028 INFO [main] org.apache.catalina.startup.HostConfig.deployDirectory Deployment of web application directory [/home/sekharvaana/Desktop/TomacatLoadbalance/tomcat-instance3/webapps/examples] has finished in [1,055] ms
06-Apr-2018 09:24:38.028 INFO [main] org.apache.catalina.startup.HostConfig.deployDirectory Deploying web application directory [/home/sekharvaana/Desktop/TomacatLoadbalance/tomcat-instance3/webapps/host-manager]
06-Apr-2018 09:24:38.170 INFO [main] org.apache.catalina.startup.HostConfig.deployDirectory Deployment of web application directory [/home/sekharvaana/Desktop/TomacatLoadbalance/tomcat-instance3/webapps/host-manager] has finished in [142] ms
06-Apr-2018 09:24:38.171 INFO [main] org.apache.catalina.ha.session.JvmRouteBinderValve.startInternal JvmRouteBinderValve started
06-Apr-2018 09:24:38.187 INFO [main] org.apache.coyote.AbstractProtocol.start Starting ProtocolHandler ["http-nio-8383"]
06-Apr-2018 09:24:38.291 INFO [main] org.apache.coyote.AbstractProtocol.start Starting ProtocolHandler ["ajp-nio-8309"]
06-Apr-2018 09:24:38.430 INFO [main] org.apache.catalina.startup.Catalina.start Server startup in 16036 ms
06-Apr-2018 09:50:33.155 INFO [Membership-MemberAdded.] org.apache.catalina.ha.tcp.SimpleTcpCluster.memberAdded Replication member added:[org.apache.catalina.tribes.membership.MemberImpl[tcp://{127, 0, 1, 1}:4003,{127, 0, 1, 1},4003, alive=1062, securePort=-1, UDP Port=-1, id={102 -96 -10 63 -105 43 65 67 -74 -59 -33 66 -34 70 41 68 }, payload={}, command={}, domain={}, ]]
06-Apr-2018 09:50:45.670 INFO [Membership-MemberDisappeared.] org.apache.catalina.ha.tcp.SimpleTcpCluster.memberDisappeared Received member disappeared:[org.apache.catalina.tribes.membership.MemberImpl[tcp://{127, 0, 1, 1}:4003,{127, 0, 1, 1},4003, alive=13553, securePort=-1, UDP Port=-1, id={102 -96 -10 63 -105 43 65 67 -74 -59 -33 66 -34 70 41 68 }, payload={}, command={66 65 66 89 45 65 76 69 88 ...(9)}, domain={}, ]]
06-Apr-2018 09:51:51.493 INFO [Membership-MemberDisappeared.] org.apache.catalina.ha.tcp.SimpleTcpCluster.memberDisappeared Received member disappeared:[org.apache.catalina.tribes.membership.MemberImpl[tcp://{127, 0, 1, 1}:4000,{127, 0, 1, 1},4000, alive=2014097, securePort=-1, UDP Port=-1, id={-125 120 -35 64 100 -36 68 83 -89 16 111 99 73 -77 -85 -121 }, payload={}, command={66 65 66 89 45 65 76 69 88 ...(9)}, domain={}, ]]
06-Apr-2018 09:52:04.638 INFO [Membership-MemberAdded.] org.apache.catalina.ha.tcp.SimpleTcpCluster.memberAdded Replication member added:[org.apache.catalina.tribes.membership.MemberImpl[tcp://{127, 0, 1, 1}:4000,{127, 0, 1, 1},4000, alive=1031, securePort=-1, UDP Port=-1, id={-42 -112 -81 -75 -88 -27 70 32 -71 -95 -24 -83 -57 -80 94 -76 }, payload={}, command={}, domain={}, ]]
06-Apr-2018 11:03:15.235 WARNING [Tribes-Task-Receiver[Catalina-Channel]-3] org.apache.catalina.ha.session.ClusterSessionListener.messageReceived Context manager doesn't exist:[localhost#/SpringSecurityRoleBasedLoginExample]
06-Apr-2018 11:03:15.345 WARNING [Tribes-Task-Receiver[Catalina-Channel]-4] org.apache.catalina.ha.session.ClusterSessionListener.messageReceived Context manager doesn't exist:[localhost#/SpringSecurityRoleBasedLoginExample]
06-Apr-2018 11:03:15.845 WARNING [Tribes-Task-Receiver[Catalina-Channel]-5] org.apache.catalina.ha.session.ClusterSessionListener.messageReceived Context manager doesn't exist:[localhost#/SpringSecurityRoleBasedLoginExample]
06-Apr-2018 11:24:59.118 WARNING [Tribes-Task-Receiver[Catalina-Channel]-2] org.apache.catalina.ha.session.ClusterSessionListener.messageReceived Context manager doesn't exist:[localhost#/SpringSecurityRoleBasedLoginExample]
06-Apr-2018 11:25:27.883 WARNING [Tribes-Task-Receiver[Catalina-Channel]-3] org.apache.catalina.ha.session.ClusterSessionListener.messageReceived Context manager doesn't exist:[localhost#/SpringSecurityRoleBasedLoginExample]
06-Apr-2018 11:35:16.316 INFO [Membership-MemberDisappeared.] org.apache.catalina.ha.tcp.SimpleTcpCluster.memberDisappeared Received member disappeared:[org.apache.catalina.tribes.membership.MemberImpl[tcp://{127, 0, 1, 1}:4000,{127, 0, 1, 1},4000, alive=6192709, securePort=-1, UDP Port=-1, id={-42 -112 -81 -75 -88 -27 70 32 -71 -95 -24 -83 -57 -80 94 -76 }, payload={}, command={66 65 66 89 45 65 76 69 88 ...(9)}, domain={}, ]]
06-Apr-2018 11:35:24.213 INFO [Membership-MemberDisappeared.] org.apache.catalina.ha.tcp.SimpleTcpCluster.memberDisappeared Received member disappeared:[org.apache.catalina.tribes.membership.MemberImpl[tcp://{127, 0, 1, 1}:4001,{127, 0, 1, 1},4001, alive=8083651, securePort=-1, UDP Port=-1, id={127 93 29 -104 -21 -45 71 11 -92 10 -14 -98 -5 -119 -98 -126 }, payload={}, command={66 65 66 89 45 65 76 69 88 ...(9)}, domain={}, ]]
06-Apr-2018 11:35:30.405 INFO [main] org.apache.catalina.core.StandardServer.await A valid shutdown command was received via the shutdown port. Stopping the Server instance.
06-Apr-2018 11:35:30.406 INFO [main] org.apache.coyote.AbstractProtocol.pause Pausing ProtocolHandler ["http-nio-8383"]
06-Apr-2018 11:35:30.458 INFO [main] org.apache.coyote.AbstractProtocol.pause Pausing ProtocolHandler ["ajp-nio-8309"]
06-Apr-2018 11:35:30.509 INFO [main] org.apache.catalina.core.StandardService.stopInternal Stopping service [Catalina]
06-Apr-2018 11:35:30.512 INFO [main] org.apache.catalina.ha.session.JvmRouteBinderValve.stopInternal JvmRouteBinderValve stopped
06-Apr-2018 11:35:30.515 INFO [main] org.apache.catalina.ha.session.DeltaManager.stopInternal Manager [localhost#] expiring sessions upon shutdown
06-Apr-2018 11:35:31.752 INFO [main] org.apache.coyote.AbstractProtocol.stop Stopping ProtocolHandler ["http-nio-8383"]
06-Apr-2018 11:35:31.756 INFO [main] org.apache.coyote.AbstractProtocol.stop Stopping ProtocolHandler ["ajp-nio-8309"]
06-Apr-2018 11:35:31.759 INFO [main] org.apache.coyote.AbstractProtocol.destroy Destroying ProtocolHandler ["http-nio-8383"]
06-Apr-2018 11:35:31.760 INFO [main] org.apache.coyote.AbstractProtocol.destroy Destroying ProtocolHandler ["ajp-nio-8309"]
02-Jun-2018 11:21:04.715 INFO [main] org.apache.catalina.startup.VersionLoggerListener.log Server version:        Apache Tomcat/9.0.5
02-Jun-2018 11:21:04.743 INFO [main] org.apache.catalina.startup.VersionLoggerListener.log Server built:          Feb 6 2018 21:42:23 UTC
02-Jun-2018 11:21:04.744 INFO [main] org.apache.catalina.startup.VersionLoggerListener.log Server number:         9.0.5.0
02-Jun-2018 11:21:04.744 INFO [main] org.apache.catalina.startup.VersionLoggerListener.log OS Name:               Linux
02-Jun-2018 11:21:04.744 INFO [main] org.apache.catalina.startup.VersionLoggerListener.log OS Version:            3.19.0-80-generic
02-Jun-2018 11:21:04.744 INFO [main] org.apache.catalina.startup.VersionLoggerListener.log Architecture:          amd64
02-Jun-2018 11:21:04.744 INFO [main] org.apache.catalina.startup.VersionLoggerListener.log Java Home:             /usr/lib/jvm/java-8-oracle/jre
02-Jun-2018 11:21:04.745 INFO [main] org.apache.catalina.startup.VersionLoggerListener.log JVM Version:           1.8.0_161-b12
02-Jun-2018 11:21:04.745 INFO [main] org.apache.catalina.startup.VersionLoggerListener.log JVM Vendor:            Oracle Corporation
02-Jun-2018 11:21:04.745 INFO [main] org.apache.catalina.startup.VersionLoggerListener.log CATALINA_BASE:         /home/sekharvaana/Desktop/TomacatLoadbalance/tomcat-instance3
02-Jun-2018 11:21:04.745 INFO [main] org.apache.catalina.startup.VersionLoggerListener.log CATALINA_HOME:         /home/sekharvaana/Desktop/TomacatLoadbalance/apache-tomcat-9.0.5
02-Jun-2018 11:21:04.746 INFO [main] org.apache.catalina.startup.VersionLoggerListener.log Command line argument: -Djava.util.logging.config.file=/home/sekharvaana/Desktop/TomacatLoadbalance/tomcat-instance3/conf/logging.properties
02-Jun-2018 11:21:04.746 INFO [main] org.apache.catalina.startup.VersionLoggerListener.log Command line argument: -Djava.util.logging.manager=org.apache.juli.ClassLoaderLogManager
02-Jun-2018 11:21:04.746 INFO [main] org.apache.catalina.startup.VersionLoggerListener.log Command line argument: -Djdk.tls.ephemeralDHKeySize=2048
02-Jun-2018 11:21:04.746 INFO [main] org.apache.catalina.startup.VersionLoggerListener.log Command line argument: -Djava.protocol.handler.pkgs=org.apache.catalina.webresources
02-Jun-2018 11:21:04.747 INFO [main] org.apache.catalina.startup.VersionLoggerListener.log Command line argument: -Dignore.endorsed.dirs=
02-Jun-2018 11:21:04.747 INFO [main] org.apache.catalina.startup.VersionLoggerListener.log Command line argument: -Dcatalina.base=/home/sekharvaana/Desktop/TomacatLoadbalance/tomcat-instance3
02-Jun-2018 11:21:04.754 INFO [main] org.apache.catalina.startup.VersionLoggerListener.log Command line argument: -Dcatalina.home=/home/sekharvaana/Desktop/TomacatLoadbalance/apache-tomcat-9.0.5
02-Jun-2018 11:21:04.754 INFO [main] org.apache.catalina.startup.VersionLoggerListener.log Command line argument: -Djava.io.tmpdir=/home/sekharvaana/Desktop/TomacatLoadbalance/tomcat-instance3/temp
02-Jun-2018 11:21:04.754 INFO [main] org.apache.catalina.core.AprLifecycleListener.lifecycleEvent The APR based Apache Tomcat Native library which allows optimal performance in production environments was not found on the java.library.path: [/usr/java/packages/lib/amd64:/usr/lib64:/lib64:/lib:/usr/lib]
02-Jun-2018 11:21:05.403 INFO [main] org.apache.coyote.AbstractProtocol.init Initializing ProtocolHandler ["http-nio-8383"]
02-Jun-2018 11:21:05.519 INFO [main] org.apache.tomcat.util.net.NioSelectorPool.getSharedSelector Using a shared selector for servlet write/read
02-Jun-2018 11:21:05.560 INFO [main] org.apache.coyote.AbstractProtocol.init Initializing ProtocolHandler ["ajp-nio-8309"]
02-Jun-2018 11:21:05.561 INFO [main] org.apache.tomcat.util.net.NioSelectorPool.getSharedSelector Using a shared selector for servlet write/read
02-Jun-2018 11:21:05.571 INFO [main] org.apache.catalina.startup.Catalina.load Initialization processed in 2585 ms
02-Jun-2018 11:21:05.795 INFO [main] org.apache.catalina.core.StandardService.startInternal Starting service [Catalina]
02-Jun-2018 11:21:05.796 INFO [main] org.apache.catalina.core.StandardEngine.startInternal Starting Servlet Engine: Apache Tomcat/9.0.5
02-Jun-2018 11:21:05.877 INFO [main] org.apache.catalina.ha.tcp.SimpleTcpCluster.startInternal Cluster is about to start
02-Jun-2018 11:21:05.927 INFO [main] org.apache.catalina.tribes.transport.ReceiverBase.bind Receiver Server Socket bound to:[/127.0.1.1:4002]
02-Jun-2018 11:21:05.984 INFO [main] org.apache.catalina.tribes.membership.McastServiceImpl.setupSocket Setting cluster mcast soTimeout to [500]
02-Jun-2018 11:21:05.999 INFO [main] org.apache.catalina.tribes.membership.McastServiceImpl.waitForMembers Sleeping for [1000] milliseconds to establish cluster membership, start level:[4]
02-Jun-2018 11:21:06.366 INFO [Membership-MemberAdded.] org.apache.catalina.ha.tcp.SimpleTcpCluster.memberAdded Replication member added:[org.apache.catalina.tribes.membership.MemberImpl[tcp://{127, 0, 1, 1}:4000,{127, 0, 1, 1},4000, alive=122908, securePort=-1, UDP Port=-1, id={31 119 -45 -122 -4 22 64 66 -109 16 4 106 -33 -3 91 -5 }, payload={}, command={}, domain={}, ]]
02-Jun-2018 11:21:06.439 INFO [Membership-MemberAdded.] org.apache.catalina.ha.tcp.SimpleTcpCluster.memberAdded Replication member added:[org.apache.catalina.tribes.membership.MemberImpl[tcp://{127, 0, 1, 1}:4001,{127, 0, 1, 1},4001, alive=5062, securePort=-1, UDP Port=-1, id={108 -51 18 94 -21 -9 79 97 -88 -95 -118 -16 113 -8 -6 -124 }, payload={}, command={}, domain={}, ]]
02-Jun-2018 11:21:07.000 INFO [main] org.apache.catalina.tribes.membership.McastServiceImpl.waitForMembers Done sleeping, membership established, start level:[4]
02-Jun-2018 11:21:07.010 INFO [main] org.apache.catalina.tribes.membership.McastServiceImpl.waitForMembers Sleeping for [1000] milliseconds to establish cluster membership, start level:[8]
02-Jun-2018 11:21:07.048 INFO [Tribes-Task-Receiver[Catalina-Channel]-2] org.apache.catalina.tribes.io.BufferPool.getBufferPool Created a buffer pool with max size:[104857600] bytes of type: [org.apache.catalina.tribes.io.BufferPool15Impl]
02-Jun-2018 11:21:08.011 INFO [main] org.apache.catalina.tribes.membership.McastServiceImpl.waitForMembers Done sleeping, membership established, start level:[8]
02-Jun-2018 11:21:08.447 INFO [main] org.apache.catalina.startup.HostConfig.deployWAR Deploying web application archive [/home/sekharvaana/Desktop/TomacatLoadbalance/tomcat-instance3/webapps/thymeleaf-1.0.0-SNAPSHOT.war]
02-Jun-2018 11:21:23.053 WARNING [Tribes-Task-Receiver[Catalina-Channel]-5] org.apache.catalina.ha.session.ClusterSessionListener.messageReceived Context manager doesn't exist:[localhost#]
02-Jun-2018 11:21:23.643 WARNING [Tribes-Task-Receiver[Catalina-Channel]-6] org.apache.catalina.ha.session.ClusterSessionListener.messageReceived Context manager doesn't exist:[localhost#]
02-Jun-2018 11:21:24.660 INFO [main] org.apache.jasper.servlet.TldScanner.scanJars At least one JAR was scanned for TLDs yet contained no TLDs. Enable debug logging for this logger for a complete list of JARs that were scanned but no TLDs were found in them. Skipping unneeded JARs during scanning can improve startup time and JSP compilation time.
02-Jun-2018 11:21:24.960 INFO [main] org.apache.catalina.startup.HostConfig.deployWAR Deployment of web application archive [/home/sekharvaana/Desktop/TomacatLoadbalance/tomcat-instance3/webapps/thymeleaf-1.0.0-SNAPSHOT.war] has finished in [16,512] ms
02-Jun-2018 11:21:24.962 INFO [main] org.apache.catalina.startup.HostConfig.deployDirectory Deploying web application directory [/home/sekharvaana/Desktop/TomacatLoadbalance/tomcat-instance3/webapps/department3]
02-Jun-2018 11:21:25.043 INFO [main] org.apache.catalina.startup.HostConfig.deployDirectory Deployment of web application directory [/home/sekharvaana/Desktop/TomacatLoadbalance/tomcat-instance3/webapps/department3] has finished in [82] ms
02-Jun-2018 11:21:25.044 INFO [main] org.apache.catalina.startup.HostConfig.deployDirectory Deploying web application directory [/home/sekharvaana/Desktop/TomacatLoadbalance/tomcat-instance3/webapps/ROOT]
02-Jun-2018 11:21:26.665 INFO [main] org.apache.jasper.servlet.TldScanner.scanJars At least one JAR was scanned for TLDs yet contained no TLDs. Enable debug logging for this logger for a complete list of JARs that were scanned but no TLDs were found in them. Skipping unneeded JARs during scanning can improve startup time and JSP compilation time.
02-Jun-2018 11:21:26.688 INFO [main] org.apache.catalina.ha.session.DeltaManager.startInternal Register manager [localhost#] to cluster element [Engine] with name [Catalina]
02-Jun-2018 11:21:26.688 INFO [main] org.apache.catalina.ha.session.DeltaManager.startInternal Starting clustering manager at [localhost#]
02-Jun-2018 11:21:26.702 INFO [main] org.apache.catalina.ha.session.DeltaManager.getAllClusterSessions Manager [localhost#], requesting session state from [org.apache.catalina.tribes.membership.MemberImpl[tcp://{127, 0, 1, 1}:4000,{127, 0, 1, 1},4000, alive=142950, securePort=-1, UDP Port=-1, id={31 119 -45 -122 -4 22 64 66 -109 16 4 106 -33 -3 91 -5 }, payload={}, command={}, domain={}, ]]. This operation will timeout if no session state has been received within [60] seconds.
02-Jun-2018 11:21:26.843 INFO [main] org.apache.catalina.ha.session.DeltaManager.waitForSendAllSessions Manager [localhost#]; session state send at [6/2/18 11:21 AM] received in [116] ms.
02-Jun-2018 11:21:26.853 INFO [main] org.apache.catalina.startup.HostConfig.deployDirectory Deployment of web application directory [/home/sekharvaana/Desktop/TomacatLoadbalance/tomcat-instance3/webapps/ROOT] has finished in [1,809] ms
02-Jun-2018 11:21:26.854 INFO [main] org.apache.catalina.startup.HostConfig.deployDirectory Deploying web application directory [/home/sekharvaana/Desktop/TomacatLoadbalance/tomcat-instance3/webapps/docs]
02-Jun-2018 11:21:26.929 INFO [main] org.apache.catalina.startup.HostConfig.deployDirectory Deployment of web application directory [/home/sekharvaana/Desktop/TomacatLoadbalance/tomcat-instance3/webapps/docs] has finished in [76] ms
02-Jun-2018 11:21:26.930 INFO [main] org.apache.catalina.startup.HostConfig.deployDirectory Deploying web application directory [/home/sekharvaana/Desktop/TomacatLoadbalance/tomcat-instance3/webapps/manager]
02-Jun-2018 11:21:27.082 INFO [main] org.apache.catalina.startup.HostConfig.deployDirectory Deployment of web application directory [/home/sekharvaana/Desktop/TomacatLoadbalance/tomcat-instance3/webapps/manager] has finished in [152] ms
02-Jun-2018 11:21:27.083 INFO [main] org.apache.catalina.startup.HostConfig.deployDirectory Deploying web application directory [/home/sekharvaana/Desktop/TomacatLoadbalance/tomcat-instance3/webapps/examples]
02-Jun-2018 11:21:27.767 INFO [main] org.apache.catalina.startup.HostConfig.deployDirectory Deployment of web application directory [/home/sekharvaana/Desktop/TomacatLoadbalance/tomcat-instance3/webapps/examples] has finished in [683] ms
02-Jun-2018 11:21:27.767 INFO [main] org.apache.catalina.startup.HostConfig.deployDirectory Deploying web application directory [/home/sekharvaana/Desktop/TomacatLoadbalance/tomcat-instance3/webapps/host-manager]
02-Jun-2018 11:21:27.808 INFO [main] org.apache.catalina.startup.HostConfig.deployDirectory Deployment of web application directory [/home/sekharvaana/Desktop/TomacatLoadbalance/tomcat-instance3/webapps/host-manager] has finished in [41] ms
02-Jun-2018 11:21:27.809 INFO [main] org.apache.catalina.ha.session.JvmRouteBinderValve.startInternal JvmRouteBinderValve started
02-Jun-2018 11:21:27.819 INFO [main] org.apache.coyote.AbstractProtocol.start Starting ProtocolHandler ["http-nio-8383"]
02-Jun-2018 11:21:27.833 INFO [main] org.apache.coyote.AbstractProtocol.start Starting ProtocolHandler ["ajp-nio-8309"]
02-Jun-2018 11:21:27.839 INFO [main] org.apache.catalina.startup.Catalina.start Server startup in 22267 ms
02-Jun-2018 11:24:32.344 WARNING [Tribes-Task-Receiver[Catalina-Channel]-5] org.apache.catalina.ha.session.ClusterSessionListener.messageReceived Context manager doesn't exist:[localhost#/SpringSecurityRoleBasedLoginExample]
02-Jun-2018 11:24:32.404 WARNING [Tribes-Task-Receiver[Catalina-Channel]-6] org.apache.catalina.ha.session.ClusterSessionListener.messageReceived Context manager doesn't exist:[localhost#/SpringSecurityRoleBasedLoginExample]
02-Jun-2018 11:24:32.572 WARNING [Tribes-Task-Receiver[Catalina-Channel]-1] org.apache.catalina.ha.session.ClusterSessionListener.messageReceived Context manager doesn't exist:[localhost#/SpringSecurityRoleBasedLoginExample]
02-Jun-2018 11:24:44.282 WARNING [Tribes-Task-Receiver[Catalina-Channel]-2] org.apache.catalina.ha.session.ClusterSessionListener.messageReceived Context manager doesn't exist:[localhost#/SpringSecurityRoleBasedLoginExample]
02-Jun-2018 11:24:52.465 WARNING [Tribes-Task-Receiver[Catalina-Channel]-3] org.apache.catalina.ha.session.ClusterSessionListener.messageReceived Context manager doesn't exist:[localhost#/SpringSecurityRoleBasedLoginExample]
02-Jun-2018 11:25:25.201 WARNING [Tribes-Task-Receiver[Catalina-Channel]-4] org.apache.catalina.ha.session.ClusterSessionListener.messageReceived Context manager doesn't exist:[localhost#/SpringSecurityRoleBasedLoginExample]
02-Jun-2018 11:25:37.886 WARNING [Tribes-Task-Receiver[Catalina-Channel]-5] org.apache.catalina.ha.session.ClusterSessionListener.messageReceived Context manager doesn't exist:[localhost#/SpringSecurityRoleBasedLoginExample]
02-Jun-2018 11:26:01.655 INFO [Membership-MemberDisappeared.] org.apache.catalina.ha.tcp.SimpleTcpCluster.memberDisappeared Received member disappeared:[org.apache.catalina.tribes.membership.MemberImpl[tcp://{127, 0, 1, 1}:4000,{127, 0, 1, 1},4000, alive=418223, securePort=-1, UDP Port=-1, id={31 119 -45 -122 -4 22 64 66 -109 16 4 106 -33 -3 91 -5 }, payload={}, command={66 65 66 89 45 65 76 69 88 ...(9)}, domain={}, ]]
02-Jun-2018 11:26:03.388 INFO [Membership-MemberDisappeared.] org.apache.catalina.ha.tcp.SimpleTcpCluster.memberDisappeared Received member disappeared:[org.apache.catalina.tribes.membership.MemberImpl[tcp://{127, 0, 1, 1}:4001,{127, 0, 1, 1},4001, alive=302080, securePort=-1, UDP Port=-1, id={108 -51 18 94 -21 -9 79 97 -88 -95 -118 -16 113 -8 -6 -124 }, payload={}, command={66 65 66 89 45 65 76 69 88 ...(9)}, domain={}, ]]
02-Jun-2018 11:26:07.837 INFO [main] org.apache.catalina.core.StandardServer.await A valid shutdown command was received via the shutdown port. Stopping the Server instance.
02-Jun-2018 11:26:07.837 INFO [main] org.apache.coyote.AbstractProtocol.pause Pausing ProtocolHandler ["http-nio-8383"]
02-Jun-2018 11:26:07.890 INFO [main] org.apache.coyote.AbstractProtocol.pause Pausing ProtocolHandler ["ajp-nio-8309"]
02-Jun-2018 11:26:07.942 INFO [main] org.apache.catalina.core.StandardService.stopInternal Stopping service [Catalina]
02-Jun-2018 11:26:07.945 INFO [main] org.apache.catalina.ha.session.JvmRouteBinderValve.stopInternal JvmRouteBinderValve stopped
02-Jun-2018 11:26:07.947 INFO [main] org.apache.catalina.ha.session.DeltaManager.stopInternal Manager [localhost#] expiring sessions upon shutdown
02-Jun-2018 11:26:08.195 INFO [main] org.apache.coyote.AbstractProtocol.stop Stopping ProtocolHandler ["http-nio-8383"]
02-Jun-2018 11:26:08.206 INFO [main] org.apache.coyote.AbstractProtocol.stop Stopping ProtocolHandler ["ajp-nio-8309"]
02-Jun-2018 11:26:08.210 INFO [main] org.apache.coyote.AbstractProtocol.destroy Destroying ProtocolHandler ["http-nio-8383"]
02-Jun-2018 11:26:08.211 INFO [main] org.apache.coyote.AbstractProtocol.destroy Destroying ProtocolHandler ["ajp-nio-8309"]
