This file contains any messages produced by compilers while
running configure, to aid debugging if configure makes a mistake.

It was created by mod_jk configure 1.2.43, which was
generated by GNU Autoconf 2.69.  Invocation command line was

  $ ./configure --with-apxs=/usr/local/apache/bin/apxs

## --------- ##
## Platform. ##
## --------- ##

hostname = administrator-Aspire-E5-571
uname -m = x86_64
uname -r = 3.19.0-80-generic
uname -s = Linux
uname -v = #88~14.04.1-Ubuntu SMP Fri Jan 13 14:54:07 UTC 2017

/usr/bin/uname -p = unknown
/bin/uname -X     = unknown

/bin/arch              = unknown
/usr/bin/arch -k       = unknown
/usr/convex/getsysinfo = unknown
/usr/bin/hostinfo      = unknown
/bin/machine           = unknown
/usr/bin/oslevel       = unknown
/bin/universe          = unknown

PATH: /usr/local/sbin
PATH: /usr/local/bin
PATH: /usr/sbin
PATH: /usr/bin
PATH: /sbin
PATH: /bin
PATH: /home/software/maven/bin
PATH: /home/sekharvaana/.rvm/bin
PATH: /home/sekharvaana/.rvm/bin
PATH: /home/sekharvaana/.rvm/bin


## ----------- ##
## Core tests. ##
## ----------- ##

configure:2505: checking build system type
configure:2519: result: x86_64-pc-linux-gnu
configure:2539: checking host system type
configure:2552: result: x86_64-pc-linux-gnu
configure:2572: checking target system type
configure:2585: result: x86_64-pc-linux-gnu
configure:2629: checking for a BSD-compatible install
configure:2697: result: /usr/bin/install -c
configure:2708: checking whether build environment is sane
configure:2763: result: yes
configure:2914: checking for a thread-safe mkdir -p
configure:2953: result: /bin/mkdir -p
configure:2960: checking for gawk
configure:2990: result: no
configure:2960: checking for mawk
configure:2976: found /usr/bin/mawk
configure:2987: result: mawk
configure:2998: checking whether make sets $(MAKE)
configure:3020: result: yes
configure:3049: checking whether make supports nested variables
configure:3066: result: yes
configure:3268: checking for test
configure:3286: found /usr/bin/test
configure:3299: result: /usr/bin/test
configure:3310: checking for grep
configure:3328: found /bin/grep
configure:3341: result: /bin/grep
configure:3352: checking for echo
configure:3370: found /bin/echo
configure:3383: result: /bin/echo
configure:3394: checking for sed
configure:3412: found /bin/sed
configure:3425: result: /bin/sed
configure:3436: checking for cp
configure:3454: found /bin/cp
configure:3467: result: /bin/cp
configure:3478: checking for mkdir
configure:3496: found /bin/mkdir
configure:3509: result: /bin/mkdir
configure:3539: result: need to check for Perl first, apxs depends on it...
configure:3543: checking for perl
configure:3561: found /usr/bin/perl
configure:3574: result: /usr/bin/perl
configure:3653: result: APRINCLUDEDIR is  -I/usr/local/apache/include -I/usr/local/apache/include
configure:3661: result: building connector for "apache-2.0"
configure:3733: checking for gcc
configure:3760: result: gcc
configure:3989: checking for C compiler version
configure:3998: gcc --version >&5
gcc (Ubuntu 4.8.5-2ubuntu1~14.04.1) 4.8.5
Copyright (C) 2015 Free Software Foundation, Inc.
This is free software; see the source for copying conditions.  There is NO
warranty; not even for MERCHANTABILITY or FITNESS FOR A PARTICULAR PURPOSE.

configure:4009: $? = 0
configure:3998: gcc -v >&5
Using built-in specs.
COLLECT_GCC=gcc
COLLECT_LTO_WRAPPER=/usr/lib/gcc/x86_64-linux-gnu/4.8/lto-wrapper
Target: x86_64-linux-gnu
Configured with: ../src/configure -v --with-pkgversion='Ubuntu 4.8.5-2ubuntu1~14.04.1' --with-bugurl=file:///usr/share/doc/gcc-4.8/README.Bugs --enable-languages=c,c++,java,go,d,fortran,objc,obj-c++ --prefix=/usr --program-suffix=-4.8 --enable-shared --enable-linker-build-id --libexecdir=/usr/lib --without-included-gettext --enable-threads=posix --with-gxx-include-dir=/usr/include/c++/4.8 --libdir=/usr/lib --enable-nls --with-sysroot=/ --enable-clocale=gnu --enable-libstdcxx-debug --enable-libstdcxx-time=yes --enable-gnu-unique-object --disable-libmudflap --enable-plugin --with-system-zlib --disable-browser-plugin --enable-java-awt=gtk --enable-gtk-cairo --with-java-home=/usr/lib/jvm/java-1.5.0-gcj-4.8-amd64/jre --enable-java-home --with-jvm-root-dir=/usr/lib/jvm/java-1.5.0-gcj-4.8-amd64 --with-jvm-jar-dir=/usr/lib/jvm-exports/java-1.5.0-gcj-4.8-amd64 --with-arch-directory=amd64 --with-ecj-jar=/usr/share/java/eclipse-ecj.jar --enable-objc-gc --enable-multiarch --disable-werror --with-arch-32=i686 --with-abi=m64 --with-multilib-list=m32,m64,mx32 --with-tune=generic --enable-checking=release --build=x86_64-linux-gnu --host=x86_64-linux-gnu --target=x86_64-linux-gnu
Thread model: posix
gcc version 4.8.5 (Ubuntu 4.8.5-2ubuntu1~14.04.1) 
configure:4009: $? = 0
configure:3998: gcc -V >&5
gcc: error: unrecognized command line option '-V'
gcc: fatal error: no input files
compilation terminated.
configure:4009: $? = 4
configure:3998: gcc -qversion >&5
gcc: error: unrecognized command line option '-qversion'
gcc: fatal error: no input files
compilation terminated.
configure:4009: $? = 4
configure:4029: checking whether the C compiler works
configure:4051: gcc  -DHAVE_CONFIG_H   conftest.c  >&5
configure:4055: $? = 0
configure:4103: result: yes
configure:4106: checking for C compiler default output file name
configure:4108: result: a.out
configure:4114: checking for suffix of executables
configure:4121: gcc -o conftest  -DHAVE_CONFIG_H   conftest.c  >&5
configure:4125: $? = 0
configure:4147: result: 
configure:4169: checking whether we are cross compiling
configure:4177: gcc -o conftest  -DHAVE_CONFIG_H   conftest.c  >&5
configure:4181: $? = 0
configure:4188: ./conftest
configure:4192: $? = 0
configure:4207: result: no
configure:4212: checking for suffix of object files
configure:4234: gcc -c  -DHAVE_CONFIG_H  conftest.c >&5
configure:4238: $? = 0
configure:4259: result: o
configure:4263: checking whether we are using the GNU C compiler
configure:4282: gcc -c  -DHAVE_CONFIG_H  conftest.c >&5
configure:4282: $? = 0
configure:4291: result: yes
configure:4300: checking whether gcc accepts -g
configure:4320: gcc -c -g  conftest.c >&5
configure:4320: $? = 0
configure:4361: result: yes
configure:4378: checking for gcc option to accept ISO C89
configure:4441: gcc  -c  -DHAVE_CONFIG_H  conftest.c >&5
configure:4441: $? = 0
configure:4454: result: none needed
configure:4479: checking whether gcc understands -c and -o together
configure:4501: gcc -c conftest.c -o conftest2.o
configure:4504: $? = 0
configure:4501: gcc -c conftest.c -o conftest2.o
configure:4504: $? = 0
configure:4516: result: yes
configure:4544: checking for style of include used by make
configure:4572: result: GNU
configure:4598: checking dependency style of gcc
configure:4709: result: none
configure:4724: checking for a sed that does not truncate output
configure:4788: result: /bin/sed
configure:4806: checking for grep that handles long lines and -e
configure:4864: result: /bin/grep
configure:4869: checking for egrep
configure:4931: result: /bin/grep -E
configure:4936: checking for fgrep
configure:4998: result: /bin/grep -F
configure:5025: checking how to print strings
configure:5052: result: printf
configure:5085: checking for ld used by gcc
configure:5152: result: /usr/bin/ld
configure:5159: checking if the linker (/usr/bin/ld) is GNU ld
configure:5174: result: yes
configure:5236: checking for BSD- or MS-compatible name lister (nm)
configure:5290: result: /usr/bin/nm -B
configure:5420: checking the name lister (/usr/bin/nm -B) interface
configure:5427: gcc -c  -DHAVE_CONFIG_H  conftest.c >&5
configure:5430: /usr/bin/nm -B "conftest.o"
configure:5433: output
0000000000000000 B some_variable
configure:5440: result: BSD nm
configure:5443: checking whether ln -s works
configure:5447: result: yes
configure:5455: checking the maximum length of command line arguments
configure:5586: result: 1572864
configure:5634: checking how to convert x86_64-pc-linux-gnu file names to x86_64-pc-linux-gnu format
configure:5674: result: func_convert_file_noop
configure:5681: checking how to convert x86_64-pc-linux-gnu file names to toolchain format
configure:5701: result: func_convert_file_noop
configure:5708: checking for /usr/bin/ld option to reload object files
configure:5715: result: -r
configure:5789: checking for objdump
configure:5805: found /usr/bin/objdump
configure:5816: result: objdump
configure:5848: checking how to recognize dependent libraries
configure:6048: result: pass_all
configure:6133: checking for dlltool
configure:6163: result: no
configure:6193: checking how to associate runtime and link libraries
configure:6220: result: printf %s\n
configure:6281: checking for ar
configure:6297: found /usr/bin/ar
configure:6308: result: ar
configure:6345: checking for archiver @FILE support
configure:6362: gcc -c  -DHAVE_CONFIG_H  conftest.c >&5
configure:6362: $? = 0
configure:6365: ar cru libconftest.a @conftest.lst >&5
configure:6368: $? = 0
configure:6373: ar cru libconftest.a @conftest.lst >&5
ar: conftest.o: No such file or directory
configure:6376: $? = 1
configure:6388: result: @
configure:6446: checking for strip
configure:6462: found /usr/bin/strip
configure:6473: result: strip
configure:6545: checking for ranlib
configure:6561: found /usr/bin/ranlib
configure:6572: result: ranlib
configure:6674: checking command to parse /usr/bin/nm -B output from gcc object
configure:6827: gcc -c  -DHAVE_CONFIG_H  conftest.c >&5
configure:6830: $? = 0
configure:6834: /usr/bin/nm -B conftest.o \| sed -n -e 's/^.*[ ]\([ABCDGIRSTW][ABCDGIRSTW]*\)[ ][ ]*\([_A-Za-z][_A-Za-z0-9]*\)$/\1 \2 \2/p' | sed '/ __gnu_lto/d' \> conftest.nm
configure:6837: $? = 0
configure:6903: gcc -o conftest  -DHAVE_CONFIG_H   conftest.c conftstm.o >&5
configure:6906: $? = 0
configure:6944: result: ok
configure:6991: checking for sysroot
configure:7021: result: no
configure:7028: checking for a working dd
configure:7066: result: /bin/dd
configure:7070: checking how to truncate binary pipes
configure:7085: result: /bin/dd bs=4096 count=1
configure:7221: gcc -c  -DHAVE_CONFIG_H  conftest.c >&5
configure:7224: $? = 0
configure:7414: checking for mt
configure:7430: found /bin/mt
configure:7441: result: mt
configure:7464: checking if mt is a manifest tool
configure:7470: mt '-?'
configure:7478: result: no
configure:8155: checking how to run the C preprocessor
configure:8186: gcc -E  conftest.c
configure:8186: $? = 0
configure:8200: gcc -E  conftest.c
conftest.c:11:28: fatal error: ac_nonexistent.h: No such file or directory
 #include <ac_nonexistent.h>
                            ^
compilation terminated.
configure:8200: $? = 1
configure: failed program was:
| /* confdefs.h */
| #define PACKAGE_NAME "mod_jk"
| #define PACKAGE_TARNAME "mod_jk"
| #define PACKAGE_VERSION "1.2.43"
| #define PACKAGE_STRING "mod_jk 1.2.43"
| #define PACKAGE_BUGREPORT ""
| #define PACKAGE_URL ""
| #define PACKAGE "mod_jk"
| #define VERSION "1.2.43"
| /* end confdefs.h.  */
| #include <ac_nonexistent.h>
configure:8225: result: gcc -E
configure:8245: gcc -E  conftest.c
configure:8245: $? = 0
configure:8259: gcc -E  conftest.c
conftest.c:11:28: fatal error: ac_nonexistent.h: No such file or directory
 #include <ac_nonexistent.h>
                            ^
compilation terminated.
configure:8259: $? = 1
configure: failed program was:
| /* confdefs.h */
| #define PACKAGE_NAME "mod_jk"
| #define PACKAGE_TARNAME "mod_jk"
| #define PACKAGE_VERSION "1.2.43"
| #define PACKAGE_STRING "mod_jk 1.2.43"
| #define PACKAGE_BUGREPORT ""
| #define PACKAGE_URL ""
| #define PACKAGE "mod_jk"
| #define VERSION "1.2.43"
| /* end confdefs.h.  */
| #include <ac_nonexistent.h>
configure:8288: checking for ANSI C header files
configure:8308: gcc -c  -DHAVE_CONFIG_H  conftest.c >&5
configure:8308: $? = 0
configure:8381: gcc -o conftest  -DHAVE_CONFIG_H   conftest.c  >&5
configure:8381: $? = 0
configure:8381: ./conftest
configure:8381: $? = 0
configure:8392: result: yes
configure:8405: checking for sys/types.h
configure:8405: gcc -c  -DHAVE_CONFIG_H  conftest.c >&5
configure:8405: $? = 0
configure:8405: result: yes
configure:8405: checking for sys/stat.h
configure:8405: gcc -c  -DHAVE_CONFIG_H  conftest.c >&5
configure:8405: $? = 0
configure:8405: result: yes
configure:8405: checking for stdlib.h
configure:8405: gcc -c  -DHAVE_CONFIG_H  conftest.c >&5
configure:8405: $? = 0
configure:8405: result: yes
configure:8405: checking for string.h
configure:8405: gcc -c  -DHAVE_CONFIG_H  conftest.c >&5
configure:8405: $? = 0
configure:8405: result: yes
configure:8405: checking for memory.h
configure:8405: gcc -c  -DHAVE_CONFIG_H  conftest.c >&5
configure:8405: $? = 0
configure:8405: result: yes
configure:8405: checking for strings.h
configure:8405: gcc -c  -DHAVE_CONFIG_H  conftest.c >&5
configure:8405: $? = 0
configure:8405: result: yes
configure:8405: checking for inttypes.h
configure:8405: gcc -c  -DHAVE_CONFIG_H  conftest.c >&5
configure:8405: $? = 0
configure:8405: result: yes
configure:8405: checking for stdint.h
configure:8405: gcc -c  -DHAVE_CONFIG_H  conftest.c >&5
configure:8405: $? = 0
configure:8405: result: yes
configure:8405: checking for unistd.h
configure:8405: gcc -c  -DHAVE_CONFIG_H  conftest.c >&5
configure:8405: $? = 0
configure:8405: result: yes
configure:8419: checking for dlfcn.h
configure:8419: gcc -c  -DHAVE_CONFIG_H  conftest.c >&5
configure:8419: $? = 0
configure:8419: result: yes
configure:8673: checking for objdir
configure:8688: result: .libs
configure:8948: checking if gcc supports -fno-rtti -fno-exceptions
configure:8966: gcc -c  -DHAVE_CONFIG_H  -fno-rtti -fno-exceptions conftest.c >&5
cc1: warning: command line option '-fno-rtti' is valid for C++/ObjC++ but not for C [enabled by default]
configure:8970: $? = 0
configure:8983: result: no
configure:9341: checking for gcc option to produce PIC
configure:9348: result: -fPIC -DPIC
configure:9356: checking if gcc PIC flag -fPIC -DPIC works
configure:9374: gcc -c  -DHAVE_CONFIG_H  -fPIC -DPIC -DPIC conftest.c >&5
configure:9378: $? = 0
configure:9391: result: yes
configure:9420: checking if gcc static flag -static works
configure:9448: result: yes
configure:9463: checking if gcc supports -c -o file.o
configure:9484: gcc -c  -DHAVE_CONFIG_H  -o out/conftest2.o conftest.c >&5
configure:9488: $? = 0
configure:9510: result: yes
configure:9518: checking if gcc supports -c -o file.o
configure:9565: result: yes
configure:9598: checking whether the gcc linker (/usr/bin/ld -m elf_x86_64) supports shared libraries
configure:10861: result: yes
configure:10898: checking whether -lc should be explicitly linked in
configure:10906: gcc -c  -DHAVE_CONFIG_H  conftest.c >&5
configure:10909: $? = 0
configure:10924: gcc -shared  -fPIC -DPIC conftest.o  -v -Wl,-soname -Wl,conftest -o conftest 2\>\&1 \| /bin/grep  -lc  \>/dev/null 2\>\&1
configure:10927: $? = 0
configure:10941: result: no
configure:11101: checking dynamic linker characteristics
configure:11682: gcc -o conftest  -DHAVE_CONFIG_H   -Wl,-rpath -Wl,/foo conftest.c  >&5
configure:11682: $? = 0
configure:11931: result: GNU/Linux ld.so
configure:12053: checking how to hardcode library paths into programs
configure:12078: result: immediate
configure:12180: checking for shl_load
configure:12180: gcc -o conftest  -DHAVE_CONFIG_H   conftest.c  >&5
/tmp/ccAcaGmD.o: In function `main':
conftest.c:(.text+0xa): undefined reference to `shl_load'
collect2: error: ld returned 1 exit status
configure:12180: $? = 1
configure: failed program was:
| /* confdefs.h */
| #define PACKAGE_NAME "mod_jk"
| #define PACKAGE_TARNAME "mod_jk"
| #define PACKAGE_VERSION "1.2.43"
| #define PACKAGE_STRING "mod_jk 1.2.43"
| #define PACKAGE_BUGREPORT ""
| #define PACKAGE_URL ""
| #define PACKAGE "mod_jk"
| #define VERSION "1.2.43"
| #define STDC_HEADERS 1
| #define HAVE_SYS_TYPES_H 1
| #define HAVE_SYS_STAT_H 1
| #define HAVE_STDLIB_H 1
| #define HAVE_STRING_H 1
| #define HAVE_MEMORY_H 1
| #define HAVE_STRINGS_H 1
| #define HAVE_INTTYPES_H 1
| #define HAVE_STDINT_H 1
| #define HAVE_UNISTD_H 1
| #define HAVE_DLFCN_H 1
| #define LT_OBJDIR ".libs/"
| /* end confdefs.h.  */
| /* Define shl_load to an innocuous variant, in case <limits.h> declares shl_load.
|    For example, HP-UX 11i <limits.h> declares gettimeofday.  */
| #define shl_load innocuous_shl_load
| 
| /* System header to define __stub macros and hopefully few prototypes,
|     which can conflict with char shl_load (); below.
|     Prefer <limits.h> to <assert.h> if __STDC__ is defined, since
|     <limits.h> exists even on freestanding compilers.  */
| 
| #ifdef __STDC__
| # include <limits.h>
| #else
| # include <assert.h>
| #endif
| 
| #undef shl_load
| 
| /* Override any GCC internal prototype to avoid an error.
|    Use char because int might match the return type of a GCC
|    builtin and then its argument prototype would still apply.  */
| #ifdef __cplusplus
| extern "C"
| #endif
| char shl_load ();
| /* The GNU C library defines this for functions which it implements
|     to always fail with ENOSYS.  Some functions are actually named
|     something starting with __ and the normal name is an alias.  */
| #if defined __stub_shl_load || defined __stub___shl_load
| choke me
| #endif
| 
| int
| main ()
| {
| return shl_load ();
|   ;
|   return 0;
| }
configure:12180: result: no
configure:12184: checking for shl_load in -ldld
configure:12209: gcc -o conftest  -DHAVE_CONFIG_H   conftest.c -ldld   >&5
/usr/bin/ld: cannot find -ldld
collect2: error: ld returned 1 exit status
configure:12209: $? = 1
configure: failed program was:
| /* confdefs.h */
| #define PACKAGE_NAME "mod_jk"
| #define PACKAGE_TARNAME "mod_jk"
| #define PACKAGE_VERSION "1.2.43"
| #define PACKAGE_STRING "mod_jk 1.2.43"
| #define PACKAGE_BUGREPORT ""
| #define PACKAGE_URL ""
| #define PACKAGE "mod_jk"
| #define VERSION "1.2.43"
| #define STDC_HEADERS 1
| #define HAVE_SYS_TYPES_H 1
| #define HAVE_SYS_STAT_H 1
| #define HAVE_STDLIB_H 1
| #define HAVE_STRING_H 1
| #define HAVE_MEMORY_H 1
| #define HAVE_STRINGS_H 1
| #define HAVE_INTTYPES_H 1
| #define HAVE_STDINT_H 1
| #define HAVE_UNISTD_H 1
| #define HAVE_DLFCN_H 1
| #define LT_OBJDIR ".libs/"
| /* end confdefs.h.  */
| 
| /* Override any GCC internal prototype to avoid an error.
|    Use char because int might match the return type of a GCC
|    builtin and then its argument prototype would still apply.  */
| #ifdef __cplusplus
| extern "C"
| #endif
| char shl_load ();
| int
| main ()
| {
| return shl_load ();
|   ;
|   return 0;
| }
configure:12218: result: no
configure:12223: checking for dlopen
configure:12223: gcc -o conftest  -DHAVE_CONFIG_H   conftest.c  >&5
/tmp/ccshqYpM.o: In function `main':
conftest.c:(.text+0xa): undefined reference to `dlopen'
collect2: error: ld returned 1 exit status
configure:12223: $? = 1
configure: failed program was:
| /* confdefs.h */
| #define PACKAGE_NAME "mod_jk"
| #define PACKAGE_TARNAME "mod_jk"
| #define PACKAGE_VERSION "1.2.43"
| #define PACKAGE_STRING "mod_jk 1.2.43"
| #define PACKAGE_BUGREPORT ""
| #define PACKAGE_URL ""
| #define PACKAGE "mod_jk"
| #define VERSION "1.2.43"
| #define STDC_HEADERS 1
| #define HAVE_SYS_TYPES_H 1
| #define HAVE_SYS_STAT_H 1
| #define HAVE_STDLIB_H 1
| #define HAVE_STRING_H 1
| #define HAVE_MEMORY_H 1
| #define HAVE_STRINGS_H 1
| #define HAVE_INTTYPES_H 1
| #define HAVE_STDINT_H 1
| #define HAVE_UNISTD_H 1
| #define HAVE_DLFCN_H 1
| #define LT_OBJDIR ".libs/"
| /* end confdefs.h.  */
| /* Define dlopen to an innocuous variant, in case <limits.h> declares dlopen.
|    For example, HP-UX 11i <limits.h> declares gettimeofday.  */
| #define dlopen innocuous_dlopen
| 
| /* System header to define __stub macros and hopefully few prototypes,
|     which can conflict with char dlopen (); below.
|     Prefer <limits.h> to <assert.h> if __STDC__ is defined, since
|     <limits.h> exists even on freestanding compilers.  */
| 
| #ifdef __STDC__
| # include <limits.h>
| #else
| # include <assert.h>
| #endif
| 
| #undef dlopen
| 
| /* Override any GCC internal prototype to avoid an error.
|    Use char because int might match the return type of a GCC
|    builtin and then its argument prototype would still apply.  */
| #ifdef __cplusplus
| extern "C"
| #endif
| char dlopen ();
| /* The GNU C library defines this for functions which it implements
|     to always fail with ENOSYS.  Some functions are actually named
|     something starting with __ and the normal name is an alias.  */
| #if defined __stub_dlopen || defined __stub___dlopen
| choke me
| #endif
| 
| int
| main ()
| {
| return dlopen ();
|   ;
|   return 0;
| }
configure:12223: result: no
configure:12227: checking for dlopen in -ldl
configure:12252: gcc -o conftest  -DHAVE_CONFIG_H   conftest.c -ldl   >&5
configure:12252: $? = 0
configure:12261: result: yes
configure:12380: checking whether a program can dlopen itself
configure:12460: gcc -o conftest  -DHAVE_CONFIG_H  -DHAVE_DLFCN_H  -Wl,--export-dynamic conftest.c -ldl  >&5
configure:12463: $? = 0
configure:12481: result: yes
configure:12486: checking whether a statically linked program can dlopen itself
configure:12566: gcc -o conftest  -DHAVE_CONFIG_H  -DHAVE_DLFCN_H  -Wl,--export-dynamic -static conftest.c -ldl  >&5
/tmp/ccQpFwrN.o: In function `main':
conftest.c:(.text+0x1e): warning: Using 'dlopen' in statically linked applications requires at runtime the shared libraries from the glibc version used for linking
/usr/bin/ld: dynamic STT_GNU_IFUNC symbol `strcmp' with pointer equality in `/usr/lib/gcc/x86_64-linux-gnu/4.8/../../../x86_64-linux-gnu/libc.a(strcmp.o)' can not be used when making an executable; recompile with -fPIE and relink with -pie
collect2: error: ld returned 1 exit status
configure:12569: $? = 1
configure:12587: result: no
configure:12626: checking whether stripping libraries is possible
configure:12631: result: yes
configure:12666: checking if libtool supports shared libraries
configure:12668: result: yes
configure:12671: checking whether to build shared libraries
configure:12696: result: yes
configure:12699: checking whether to build static libraries
configure:12703: result: yes
configure:12744: result: LIBTOOL="/usr/local/apache/build/libtool --silent"
configure:12754: checking size of char
configure:12759: gcc -o conftest  -DHAVE_CONFIG_H   conftest.c  >&5
configure:12759: $? = 0
configure:12759: ./conftest
configure:12759: $? = 0
configure:12773: result: 1
configure:12787: checking size of int
configure:12792: gcc -o conftest  -DHAVE_CONFIG_H   conftest.c  >&5
configure:12792: $? = 0
configure:12792: ./conftest
configure:12792: $? = 0
configure:12806: result: 4
configure:12820: checking size of long
configure:12825: gcc -o conftest  -DHAVE_CONFIG_H   conftest.c  >&5
configure:12825: $? = 0
configure:12825: ./conftest
configure:12825: $? = 0
configure:12839: result: 8
configure:12853: checking size of short
configure:12858: gcc -o conftest  -DHAVE_CONFIG_H   conftest.c  >&5
configure:12858: $? = 0
configure:12858: ./conftest
configure:12858: $? = 0
configure:12872: result: 2
configure:12886: checking size of long double
configure:12891: gcc -o conftest  -DHAVE_CONFIG_H   conftest.c  >&5
configure:12891: $? = 0
configure:12891: ./conftest
configure:12891: $? = 0
configure:12905: result: 16
configure:12919: checking size of long long
configure:12924: gcc -o conftest  -DHAVE_CONFIG_H   conftest.c  >&5
configure:12924: $? = 0
configure:12924: ./conftest
configure:12924: $? = 0
configure:12938: result: 8
configure:12952: checking size of longlong
configure:12957: gcc -o conftest  -DHAVE_CONFIG_H   conftest.c  >&5
conftest.c: In function 'longval':
conftest.c:62:57: error: 'longlong' undeclared (first use in this function)
 static long int longval () { return (long int) (sizeof (longlong)); }
                                                         ^
conftest.c:62:57: note: each undeclared identifier is reported only once for each function it appears in
conftest.c: In function 'ulongval':
conftest.c:63:67: error: 'longlong' undeclared (first use in this function)
 static unsigned long int ulongval () { return (long int) (sizeof (longlong)); }
                                                                   ^
conftest.c: In function 'main':
conftest.c:73:28: error: 'longlong' undeclared (first use in this function)
   if (((long int) (sizeof (longlong))) < 0)
                            ^
configure:12957: $? = 1
configure: program exited with status 1
configure: failed program was:
| /* confdefs.h */
| #define PACKAGE_NAME "mod_jk"
| #define PACKAGE_TARNAME "mod_jk"
| #define PACKAGE_VERSION "1.2.43"
| #define PACKAGE_STRING "mod_jk 1.2.43"
| #define PACKAGE_BUGREPORT ""
| #define PACKAGE_URL ""
| #define PACKAGE "mod_jk"
| #define VERSION "1.2.43"
| #define STDC_HEADERS 1
| #define HAVE_SYS_TYPES_H 1
| #define HAVE_SYS_STAT_H 1
| #define HAVE_STDLIB_H 1
| #define HAVE_STRING_H 1
| #define HAVE_MEMORY_H 1
| #define HAVE_STRINGS_H 1
| #define HAVE_INTTYPES_H 1
| #define HAVE_STDINT_H 1
| #define HAVE_UNISTD_H 1
| #define HAVE_DLFCN_H 1
| #define LT_OBJDIR ".libs/"
| #define SIZEOF_CHAR 1
| #define SIZEOF_INT 4
| #define SIZEOF_LONG 8
| #define SIZEOF_SHORT 2
| #define SIZEOF_LONG_DOUBLE 16
| #define SIZEOF_LONG_LONG 8
| /* end confdefs.h.  */
| #include <stdio.h>
| #ifdef HAVE_SYS_TYPES_H
| # include <sys/types.h>
| #endif
| #ifdef HAVE_SYS_STAT_H
| # include <sys/stat.h>
| #endif
| #ifdef STDC_HEADERS
| # include <stdlib.h>
| # include <stddef.h>
| #else
| # ifdef HAVE_STDLIB_H
| #  include <stdlib.h>
| # endif
| #endif
| #ifdef HAVE_STRING_H
| # if !defined STDC_HEADERS && defined HAVE_MEMORY_H
| #  include <memory.h>
| # endif
| # include <string.h>
| #endif
| #ifdef HAVE_STRINGS_H
| # include <strings.h>
| #endif
| #ifdef HAVE_INTTYPES_H
| # include <inttypes.h>
| #endif
| #ifdef HAVE_STDINT_H
| # include <stdint.h>
| #endif
| #ifdef HAVE_UNISTD_H
| # include <unistd.h>
| #endif
| static long int longval () { return (long int) (sizeof (longlong)); }
| static unsigned long int ulongval () { return (long int) (sizeof (longlong)); }
| #include <stdio.h>
| #include <stdlib.h>
| int
| main ()
| {
| 
|   FILE *f = fopen ("conftest.val", "w");
|   if (! f)
|     return 1;
|   if (((long int) (sizeof (longlong))) < 0)
|     {
|       long int i = longval ();
|       if (i != ((long int) (sizeof (longlong))))
| 	return 1;
|       fprintf (f, "%ld", i);
|     }
|   else
|     {
|       unsigned long int i = ulongval ();
|       if (i != ((long int) (sizeof (longlong))))
| 	return 1;
|       fprintf (f, "%lu", i);
|     }
|   /* Do not output a trailing newline, as this causes \r\n confusion
|      on some platforms.  */
|   return ferror (f) || fclose (f) != 0;
| 
|   ;
|   return 0;
| }
configure:12971: result: 0
configure:13039: checking size of pid_t
configure:13059: gcc -o conftest  -DHAVE_CONFIG_H   conftest.c  >&5
conftest.c: In function 'main':
conftest.c:35:11: warning: incompatible implicit declaration of built-in function 'exit' [enabled by default]
   if (!f) exit(1);
           ^
conftest.c:36:3: warning: format '%d' expects argument of type 'int', but argument 3 has type 'long unsigned int' [-Wformat=]
   fprintf(f, "%d\n", sizeof(pid_t));
   ^
configure:13059: $? = 0
configure:13059: ./conftest
configure:13059: $? = 0
configure:13069: result: 4
configure:13090: checking size of pthread_t
configure:13110: gcc -o conftest  -DHAVE_CONFIG_H   conftest.c  >&5
conftest.c: In function 'main':
conftest.c:36:11: warning: incompatible implicit declaration of built-in function 'exit' [enabled by default]
   if (!f) exit(1);
           ^
conftest.c:37:3: warning: format '%d' expects argument of type 'int', but argument 3 has type 'long unsigned int' [-Wformat=]
   fprintf(f, "%d\n", sizeof(pthread_t));
   ^
configure:13110: $? = 0
configure:13110: ./conftest
configure:13110: $? = 0
configure:13120: result: 8
configure:13169: checking for snprintf
configure:13169: gcc -o conftest  -DHAVE_CONFIG_H   conftest.c  >&5
conftest.c:55:6: warning: conflicting types for built-in function 'snprintf' [enabled by default]
 char snprintf ();
      ^
configure:13169: $? = 0
configure:13169: result: yes
configure:13176: checking for vsnprintf
configure:13176: gcc -o conftest  -DHAVE_CONFIG_H   conftest.c  >&5
conftest.c:56:6: warning: conflicting types for built-in function 'vsnprintf' [enabled by default]
 char vsnprintf ();
      ^
configure:13176: $? = 0
configure:13176: result: yes
configure:13183: checking for flock
configure:13183: gcc -o conftest  -DHAVE_CONFIG_H   conftest.c  >&5
configure:13183: $? = 0
configure:13183: result: yes
configure:13191: checking for setsockopt in -lsocket
configure:13216: gcc -o conftest  -DHAVE_CONFIG_H   conftest.c -lsocket   >&5
/usr/bin/ld: cannot find -lsocket
collect2: error: ld returned 1 exit status
configure:13216: $? = 1
configure: failed program was:
| /* confdefs.h */
| #define PACKAGE_NAME "mod_jk"
| #define PACKAGE_TARNAME "mod_jk"
| #define PACKAGE_VERSION "1.2.43"
| #define PACKAGE_STRING "mod_jk 1.2.43"
| #define PACKAGE_BUGREPORT ""
| #define PACKAGE_URL ""
| #define PACKAGE "mod_jk"
| #define VERSION "1.2.43"
| #define STDC_HEADERS 1
| #define HAVE_SYS_TYPES_H 1
| #define HAVE_SYS_STAT_H 1
| #define HAVE_STDLIB_H 1
| #define HAVE_STRING_H 1
| #define HAVE_MEMORY_H 1
| #define HAVE_STRINGS_H 1
| #define HAVE_INTTYPES_H 1
| #define HAVE_STDINT_H 1
| #define HAVE_UNISTD_H 1
| #define HAVE_DLFCN_H 1
| #define LT_OBJDIR ".libs/"
| #define SIZEOF_CHAR 1
| #define SIZEOF_INT 4
| #define SIZEOF_LONG 8
| #define SIZEOF_SHORT 2
| #define SIZEOF_LONG_DOUBLE 16
| #define SIZEOF_LONG_LONG 8
| #define SIZEOF_LONGLONG 0
| #define SIZEOF_PID_T 4
| #define SIZEOF_PTHREAD_T 8
| #define HAVE_SNPRINTF 1
| #define HAVE_VSNPRINTF 1
| #define HAVE_FLOCK 1
| /* end confdefs.h.  */
| 
| /* Override any GCC internal prototype to avoid an error.
|    Use char because int might match the return type of a GCC
|    builtin and then its argument prototype would still apply.  */
| #ifdef __cplusplus
| extern "C"
| #endif
| char setsockopt ();
| int
| main ()
| {
| return setsockopt ();
|   ;
|   return 0;
| }
configure:13225: result: no
configure:13234: checking sys/filio.h usability
configure:13234: gcc -c  -DHAVE_CONFIG_H  conftest.c >&5
conftest.c:68:23: fatal error: sys/filio.h: No such file or directory
 #include <sys/filio.h>
                       ^
compilation terminated.
configure:13234: $? = 1
configure: failed program was:
| /* confdefs.h */
| #define PACKAGE_NAME "mod_jk"
| #define PACKAGE_TARNAME "mod_jk"
| #define PACKAGE_VERSION "1.2.43"
| #define PACKAGE_STRING "mod_jk 1.2.43"
| #define PACKAGE_BUGREPORT ""
| #define PACKAGE_URL ""
| #define PACKAGE "mod_jk"
| #define VERSION "1.2.43"
| #define STDC_HEADERS 1
| #define HAVE_SYS_TYPES_H 1
| #define HAVE_SYS_STAT_H 1
| #define HAVE_STDLIB_H 1
| #define HAVE_STRING_H 1
| #define HAVE_MEMORY_H 1
| #define HAVE_STRINGS_H 1
| #define HAVE_INTTYPES_H 1
| #define HAVE_STDINT_H 1
| #define HAVE_UNISTD_H 1
| #define HAVE_DLFCN_H 1
| #define LT_OBJDIR ".libs/"
| #define SIZEOF_CHAR 1
| #define SIZEOF_INT 4
| #define SIZEOF_LONG 8
| #define SIZEOF_SHORT 2
| #define SIZEOF_LONG_DOUBLE 16
| #define SIZEOF_LONG_LONG 8
| #define SIZEOF_LONGLONG 0
| #define SIZEOF_PID_T 4
| #define SIZEOF_PTHREAD_T 8
| #define HAVE_SNPRINTF 1
| #define HAVE_VSNPRINTF 1
| #define HAVE_FLOCK 1
| /* end confdefs.h.  */
| #include <stdio.h>
| #ifdef HAVE_SYS_TYPES_H
| # include <sys/types.h>
| #endif
| #ifdef HAVE_SYS_STAT_H
| # include <sys/stat.h>
| #endif
| #ifdef STDC_HEADERS
| # include <stdlib.h>
| # include <stddef.h>
| #else
| # ifdef HAVE_STDLIB_H
| #  include <stdlib.h>
| # endif
| #endif
| #ifdef HAVE_STRING_H
| # if !defined STDC_HEADERS && defined HAVE_MEMORY_H
| #  include <memory.h>
| # endif
| # include <string.h>
| #endif
| #ifdef HAVE_STRINGS_H
| # include <strings.h>
| #endif
| #ifdef HAVE_INTTYPES_H
| # include <inttypes.h>
| #endif
| #ifdef HAVE_STDINT_H
| # include <stdint.h>
| #endif
| #ifdef HAVE_UNISTD_H
| # include <unistd.h>
| #endif
| #include <sys/filio.h>
configure:13234: result: no
configure:13234: checking sys/filio.h presence
configure:13234: gcc -E  conftest.c
conftest.c:35:23: fatal error: sys/filio.h: No such file or directory
 #include <sys/filio.h>
                       ^
compilation terminated.
configure:13234: $? = 1
configure: failed program was:
| /* confdefs.h */
| #define PACKAGE_NAME "mod_jk"
| #define PACKAGE_TARNAME "mod_jk"
| #define PACKAGE_VERSION "1.2.43"
| #define PACKAGE_STRING "mod_jk 1.2.43"
| #define PACKAGE_BUGREPORT ""
| #define PACKAGE_URL ""
| #define PACKAGE "mod_jk"
| #define VERSION "1.2.43"
| #define STDC_HEADERS 1
| #define HAVE_SYS_TYPES_H 1
| #define HAVE_SYS_STAT_H 1
| #define HAVE_STDLIB_H 1
| #define HAVE_STRING_H 1
| #define HAVE_MEMORY_H 1
| #define HAVE_STRINGS_H 1
| #define HAVE_INTTYPES_H 1
| #define HAVE_STDINT_H 1
| #define HAVE_UNISTD_H 1
| #define HAVE_DLFCN_H 1
| #define LT_OBJDIR ".libs/"
| #define SIZEOF_CHAR 1
| #define SIZEOF_INT 4
| #define SIZEOF_LONG 8
| #define SIZEOF_SHORT 2
| #define SIZEOF_LONG_DOUBLE 16
| #define SIZEOF_LONG_LONG 8
| #define SIZEOF_LONGLONG 0
| #define SIZEOF_PID_T 4
| #define SIZEOF_PTHREAD_T 8
| #define HAVE_SNPRINTF 1
| #define HAVE_VSNPRINTF 1
| #define HAVE_FLOCK 1
| /* end confdefs.h.  */
| #include <sys/filio.h>
configure:13234: result: no
configure:13234: checking for sys/filio.h
configure:13234: result: no
configure:13247: checking whether to use SO_RCVTIMEO with setsockopt()
configure:13286: gcc -o conftest  -DHAVE_CONFIG_H   conftest.c  >&5
conftest.c: In function 'main':
conftest.c:51:9: warning: incompatible implicit declaration of built-in function 'exit' [enabled by default]
         exit(2);
         ^
configure:13286: $? = 0
configure:13286: ./conftest
configure:13286: $? = 0
configure:13287: result: yes
configure:13303: checking whether to use SO_SNDTIMEO with setsockopt()
configure:13342: gcc -o conftest  -DHAVE_CONFIG_H   conftest.c  >&5
conftest.c: In function 'main':
conftest.c:52:9: warning: incompatible implicit declaration of built-in function 'exit' [enabled by default]
         exit(2);
         ^
configure:13342: $? = 0
configure:13342: ./conftest
configure:13342: $? = 0
configure:13343: result: yes
configure:13419: checking whether to use SOCK_CLOEXEC with socket()
configure:13450: gcc -o conftest  -DHAVE_CONFIG_H   conftest.c  >&5
conftest.c: In function 'main':
conftest.c:50:9: warning: incompatible implicit declaration of built-in function 'exit' [enabled by default]
         exit(2);
         ^
configure:13450: $? = 0
configure:13450: ./conftest
configure:13450: $? = 0
configure:13451: result: yes
configure:13472: checking poll.h usability
configure:13472: gcc -c  -DHAVE_CONFIG_H  conftest.c >&5
configure:13472: $? = 0
configure:13472: result: yes
configure:13472: checking poll.h presence
configure:13472: gcc -E  conftest.c
configure:13472: $? = 0
configure:13472: result: yes
configure:13472: checking for poll.h
configure:13472: result: yes
configure:13482: checking for poll
configure:13482: gcc -o conftest  -DHAVE_CONFIG_H   conftest.c  >&5
configure:13482: $? = 0
configure:13482: result: yes
configure:13491: checking netinet/in.h usability
configure:13491: gcc -c  -DHAVE_CONFIG_H  conftest.c >&5
configure:13491: $? = 0
configure:13491: result: yes
configure:13491: checking netinet/in.h presence
configure:13491: gcc -E  conftest.c
configure:13491: $? = 0
configure:13491: result: yes
configure:13491: checking for netinet/in.h
configure:13491: result: yes
configure:13503: checking netdb.h usability
configure:13503: gcc -c  -DHAVE_CONFIG_H  conftest.c >&5
configure:13503: $? = 0
configure:13503: result: yes
configure:13503: checking netdb.h presence
configure:13503: gcc -E  conftest.c
configure:13503: $? = 0
configure:13503: result: yes
configure:13503: checking for netdb.h
configure:13503: result: yes
configure:13517: checking for IPv6 with socket()
configure:13543: gcc -o conftest  -DHAVE_CONFIG_H   conftest.c  >&5
conftest.c: In function 'main':
conftest.c:52:9: warning: incompatible implicit declaration of built-in function 'exit' [enabled by default]
         exit(2);
         ^
configure:13543: $? = 0
configure:13543: ./conftest
configure:13543: $? = 0
configure:13544: result: yes
configure:13560: checking for struct sockaddr_storage
configure:13583: gcc -o conftest  -DHAVE_CONFIG_H   conftest.c  >&5
conftest.c: In function 'main':
conftest.c:51:5: warning: incompatible implicit declaration of built-in function 'exit' [enabled by default]
     exit(sizeof(sa) == 0);
     ^
configure:13583: $? = 0
configure:13583: ./conftest
configure:13583: $? = 0
configure:13584: result: yes
configure:13599: checking for getaddrinfo
configure:13599: gcc -o conftest  -DHAVE_CONFIG_H   conftest.c  >&5
configure:13599: $? = 0
configure:13599: result: yes
configure:13606: checking for gethostbyname_r
configure:13606: gcc -o conftest  -DHAVE_CONFIG_H   conftest.c  >&5
configure:13606: $? = 0
configure:13606: result: yes
configure:13616: checking whether the compiler provides atomic builtins
configure:13642: gcc -o conftest  -DHAVE_CONFIG_H   conftest.c  >&5
configure:13642: $? = 0
configure:13642: ./conftest
configure:13642: $? = 0
configure:13643: result: yes
configure:13661: checking for target platform
configure:13685: result: unix
configure:13765: result: no apache given
configure:13789: result: no netscape given
configure:14064: checking that generated files are newer than configure
configure:14070: result: done
configure:14097: creating ./config.status

## ---------------------- ##
## Running config.status. ##
## ---------------------- ##

This file was extended by mod_jk config.status 1.2.43, which was
generated by GNU Autoconf 2.69.  Invocation command line was

  CONFIG_FILES    = 
  CONFIG_HEADERS  = 
  CONFIG_LINKS    = 
  CONFIG_COMMANDS = 
  $ ./config.status 

on administrator-Aspire-E5-571

config.status:1146: creating Makefile
config.status:1146: creating apache-2.0/Makefile
config.status:1146: creating apache-2.0/Makefile.apxs
config.status:1146: creating common/Makefile
config.status:1146: creating common/list.mk
config.status:1146: creating common/jk_types.h
config.status:1146: creating common/config.h
config.status:1375: executing depfiles commands
config.status:1375: executing libtool commands

## ---------------- ##
## Cache variables. ##
## ---------------- ##

ac_cv_build=x86_64-pc-linux-gnu
ac_cv_c_compiler_gnu=yes
ac_cv_env_CC_set=
ac_cv_env_CC_value=
ac_cv_env_CFLAGS_set=
ac_cv_env_CFLAGS_value=
ac_cv_env_CPPFLAGS_set=
ac_cv_env_CPPFLAGS_value=
ac_cv_env_CPP_set=
ac_cv_env_CPP_value=
ac_cv_env_LDFLAGS_set=
ac_cv_env_LDFLAGS_value=
ac_cv_env_LIBS_set=
ac_cv_env_LIBS_value=
ac_cv_env_LT_SYS_LIBRARY_PATH_set=
ac_cv_env_LT_SYS_LIBRARY_PATH_value=
ac_cv_env_build_alias_set=
ac_cv_env_build_alias_value=
ac_cv_env_host_alias_set=
ac_cv_env_host_alias_value=
ac_cv_env_target_alias_set=
ac_cv_env_target_alias_value=
ac_cv_func_dlopen=no
ac_cv_func_flock=yes
ac_cv_func_getaddrinfo=yes
ac_cv_func_gethostbyname_r=yes
ac_cv_func_poll=yes
ac_cv_func_shl_load=no
ac_cv_func_snprintf=yes
ac_cv_func_vsnprintf=yes
ac_cv_header_dlfcn_h=yes
ac_cv_header_inttypes_h=yes
ac_cv_header_memory_h=yes
ac_cv_header_netdb_h=yes
ac_cv_header_netinet_in_h=yes
ac_cv_header_poll_h=yes
ac_cv_header_stdc=yes
ac_cv_header_stdint_h=yes
ac_cv_header_stdlib_h=yes
ac_cv_header_string_h=yes
ac_cv_header_strings_h=yes
ac_cv_header_sys_filio_h=no
ac_cv_header_sys_stat_h=yes
ac_cv_header_sys_types_h=yes
ac_cv_header_unistd_h=yes
ac_cv_host=x86_64-pc-linux-gnu
ac_cv_lib_dl_dlopen=yes
ac_cv_lib_dld_shl_load=no
ac_cv_lib_socket_setsockopt=no
ac_cv_objext=o
ac_cv_path_CP=/bin/cp
ac_cv_path_ECHO=/bin/echo
ac_cv_path_EGREP='/bin/grep -E'
ac_cv_path_FGREP='/bin/grep -F'
ac_cv_path_GREP=/bin/grep
ac_cv_path_MKDIR=/bin/mkdir
ac_cv_path_PERL=/usr/bin/perl
ac_cv_path_SED=/bin/sed
ac_cv_path_TEST=/usr/bin/test
ac_cv_path_install='/usr/bin/install -c'
ac_cv_path_lt_DD=/bin/dd
ac_cv_path_mkdir=/bin/mkdir
ac_cv_prog_AWK=mawk
ac_cv_prog_CPP='gcc -E'
ac_cv_prog_ac_ct_AR=ar
ac_cv_prog_ac_ct_CC=gcc
ac_cv_prog_ac_ct_MANIFEST_TOOL=mt
ac_cv_prog_ac_ct_OBJDUMP=objdump
ac_cv_prog_ac_ct_RANLIB=ranlib
ac_cv_prog_ac_ct_STRIP=strip
ac_cv_prog_cc_c89=
ac_cv_prog_cc_g=yes
ac_cv_prog_make_make_set=yes
ac_cv_sizeof_char=1
ac_cv_sizeof_int=4
ac_cv_sizeof_long=8
ac_cv_sizeof_long_double=16
ac_cv_sizeof_long_long=8
ac_cv_sizeof_longlong=0
ac_cv_sizeof_pid_t=4
ac_cv_sizeof_pthread_t=8
ac_cv_sizeof_short=2
ac_cv_target=x86_64-pc-linux-gnu
am_cv_CC_dependencies_compiler_type=none
am_cv_make_support_nested_variables=yes
am_cv_prog_cc_c_o=yes
lt_cv_ar_at_file=@
lt_cv_archive_cmds_need_lc=no
lt_cv_deplibs_check_method=pass_all
lt_cv_dlopen=dlopen
lt_cv_dlopen_libs=-ldl
lt_cv_dlopen_self=yes
lt_cv_dlopen_self_static=no
lt_cv_file_magic_cmd='$MAGIC_CMD'
lt_cv_file_magic_test_file=
lt_cv_ld_reload_flag=-r
lt_cv_nm_interface='BSD nm'
lt_cv_objdir=.libs
lt_cv_path_LD=/usr/bin/ld
lt_cv_path_NM='/usr/bin/nm -B'
lt_cv_path_mainfest_tool=no
lt_cv_prog_compiler_c_o=yes
lt_cv_prog_compiler_pic='-fPIC -DPIC'
lt_cv_prog_compiler_pic_works=yes
lt_cv_prog_compiler_rtti_exceptions=no
lt_cv_prog_compiler_static_works=yes
lt_cv_prog_gnu_ld=yes
lt_cv_sharedlib_from_linklib_cmd='printf %s\n'
lt_cv_shlibpath_overrides_runpath=no
lt_cv_sys_global_symbol_pipe='sed -n -e '\''s/^.*[	 ]\([ABCDGIRSTW][ABCDGIRSTW]*\)[	 ][	 ]*\([_A-Za-z][_A-Za-z0-9]*\)$/\1 \2 \2/p'\'' | sed '\''/ __gnu_lto/d'\'''
lt_cv_sys_global_symbol_to_c_name_address='sed -n -e '\''s/^: \(.*\) .*$/  {"\1", (void *) 0},/p'\'' -e '\''s/^[ABCDGIRSTW][ABCDGIRSTW]* .* \(.*\)$/  {"\1", (void *) \&\1},/p'\'''
lt_cv_sys_global_symbol_to_c_name_address_lib_prefix='sed -n -e '\''s/^: \(.*\) .*$/  {"\1", (void *) 0},/p'\'' -e '\''s/^[ABCDGIRSTW][ABCDGIRSTW]* .* \(lib.*\)$/  {"\1", (void *) \&\1},/p'\'' -e '\''s/^[ABCDGIRSTW][ABCDGIRSTW]* .* \(.*\)$/  {"lib\1", (void *) \&\1},/p'\'''
lt_cv_sys_global_symbol_to_cdecl='sed -n -e '\''s/^T .* \(.*\)$/extern int \1();/p'\'' -e '\''s/^[ABCDGIRSTW][ABCDGIRSTW]* .* \(.*\)$/extern char \1;/p'\'''
lt_cv_sys_global_symbol_to_import=
lt_cv_sys_max_cmd_len=1572864
lt_cv_to_host_file_cmd=func_convert_file_noop
lt_cv_to_tool_file_cmd=func_convert_file_noop
lt_cv_truncate_bin='/bin/dd bs=4096 count=1'

## ----------------- ##
## Output variables. ##
## ----------------- ##

ACLOCAL='${SHELL} /home/sekharvaana/Desktop/TomacatLoadbalance/tomcat-connectors-1.2.43-src/native/scripts/build/unix/missing aclocal-1.15'
AMDEPBACKSLASH='\'
AMDEP_FALSE='#'
AMDEP_TRUE=''
AMTAR='$${TAR-tar}'
AM_BACKSLASH='\'
AM_DEFAULT_V='$(AM_DEFAULT_VERBOSITY)'
AM_DEFAULT_VERBOSITY='1'
AM_V='$(V)'
APACHE20_OEXT='.c'
APACHE_CONFIG_VARS='/usr/local/apache/build/config_vars.mk'
APACHE_DIR='/usr/local/apache'
APXS='/usr/local/apache/bin/apxs'
APXSCFLAGS=' -g -O2 -pthread -DHAVE_APR  -I/usr/local/apache/include -I/usr/local/apache/include  -DHAVE_CONFIG_H'
APXSCPPFLAGS='-DLINUX -D_REENTRANT -D_GNU_SOURCE'
APXSLDFLAGS=''
AR='ar'
AUTOCONF='${SHELL} /home/sekharvaana/Desktop/TomacatLoadbalance/tomcat-connectors-1.2.43-src/native/scripts/build/unix/missing autoconf'
AUTOHEADER='${SHELL} /home/sekharvaana/Desktop/TomacatLoadbalance/tomcat-connectors-1.2.43-src/native/scripts/build/unix/missing autoheader'
AUTOMAKE='${SHELL} /home/sekharvaana/Desktop/TomacatLoadbalance/tomcat-connectors-1.2.43-src/native/scripts/build/unix/missing automake-1.15'
AWK='mawk'
CC='gcc'
CCDEPMODE='depmode=none'
CFLAGS=' -DHAVE_CONFIG_H'
CP='/bin/cp'
CPP='gcc -E'
CPPFLAGS=''
CYGPATH_W='echo'
DEFS='-DHAVE_CONFIG_H'
DEPDIR='.deps'
DLLTOOL='false'
DSYMUTIL=''
DUMPBIN=''
ECHO='printf %s\n'
ECHO_C=''
ECHO_N='-n'
ECHO_T=''
EGREP='/bin/grep -E'
EXEEXT=''
FGREP='/bin/grep -F'
GREP='/bin/grep'
INSTALL_DATA='${INSTALL} -m 644'
INSTALL_PROGRAM='${INSTALL}'
INSTALL_SCRIPT='${INSTALL}'
INSTALL_STRIP_PROGRAM='$(install_sh) -c -s'
INSTALL_TYPE='install_dynamic'
LD='/usr/bin/ld -m elf_x86_64'
LDFLAGS=''
LIBOBJS=''
LIBS=''
LIBTOOL='/usr/local/apache/build/libtool --silent'
LIB_JK_TYPE='mod_jk.so'
LIPO=''
LN_S='ln -s'
LTLIBOBJS=''
LT_SYS_LIBRARY_PATH=''
MAKEINFO='${SHELL} /home/sekharvaana/Desktop/TomacatLoadbalance/tomcat-connectors-1.2.43-src/native/scripts/build/unix/missing makeinfo'
MAKE_DYNAMIC_APACHE_FALSE='#'
MAKE_DYNAMIC_APACHE_TRUE=''
MANIFEST_TOOL=':'
MKDIR='/bin/mkdir'
MKDIR_P='/bin/mkdir -p'
NM='/usr/bin/nm -B'
NMEDIT=''
OBJDUMP='objdump'
OBJEXT='o'
OTOOL64=''
OTOOL=''
PACKAGE='mod_jk'
PACKAGE_BUGREPORT=''
PACKAGE_NAME='mod_jk'
PACKAGE_STRING='mod_jk 1.2.43'
PACKAGE_TARNAME='mod_jk'
PACKAGE_URL=''
PACKAGE_VERSION='1.2.43'
PATH_SEPARATOR=':'
PERL='/usr/bin/perl'
RANLIB='ranlib'
SED='/bin/sed'
SET_MAKE=''
SHELL='/bin/bash'
STRIP='strip'
TEST='/usr/bin/test'
VERSION='1.2.43'
WEBSERVER='common apache-2.0'
ac_ct_AR='ar'
ac_ct_CC='gcc'
ac_ct_DUMPBIN=''
am__EXEEXT_FALSE=''
am__EXEEXT_TRUE='#'
am__fastdepCC_FALSE=''
am__fastdepCC_TRUE='#'
am__include='include'
am__isrc=''
am__leading_dot='.'
am__nodep='_no'
am__quote=''
am__tar='$${TAR-tar} chof - "$$tardir"'
am__untar='$${TAR-tar} xf -'
apache_include='-I/usr/local/apache/include'
bindir='${exec_prefix}/bin'
build='x86_64-pc-linux-gnu'
build_alias=''
build_cpu='x86_64'
build_os='linux-gnu'
build_vendor='pc'
datadir='${datarootdir}'
datarootdir='${prefix}/share'
docdir='${datarootdir}/doc/${PACKAGE_TARNAME}'
dvidir='${docdir}'
exec_prefix='${prefix}'
host='x86_64-pc-linux-gnu'
host_alias=''
host_cpu='x86_64'
host_os='linux-gnu'
host_vendor='pc'
htmldir='${docdir}'
includedir='${prefix}/include'
infodir='${datarootdir}/info'
install_sh='${SHELL} /home/sekharvaana/Desktop/TomacatLoadbalance/tomcat-connectors-1.2.43-src/native/scripts/build/unix/install-sh'
int32_t_fmt='#define JK_INT32_T_FMT "d"'
int32_value='int'
int64_t_fmt='#define JK_INT64_T_FMT "ld"'
int64_value='long'
libdir='${exec_prefix}/lib'
libexecdir='${exec_prefix}/libexec'
localedir='${datarootdir}/locale'
localstatedir='${prefix}/var'
mandir='${datarootdir}/man'
mkdir_p='$(MKDIR_P)'
oldincludedir='/usr/include'
pdfdir='${docdir}'
pid_t_fmt='#define JK_PID_T_FMT "d"'
prefix='/usr/local'
program_transform_name='s,x,x,'
psdir='${docdir}'
pthread_t_fmt='#define JK_PTHREAD_T_FMT "lu"'
pthread_t_value='long'
runstatedir='${localstatedir}/run'
sbindir='${exec_prefix}/sbin'
sharedstatedir='${prefix}/com'
sysconfdir='${prefix}/etc'
target='x86_64-pc-linux-gnu'
target_alias=''
target_cpu='x86_64'
target_os='linux-gnu'
target_vendor='pc'
uint32_t_fmt='#define JK_UINT32_T_FMT "u"'
uint32_t_hex_fmt='#define JK_UINT32_T_HEX_FMT "x"'
uint64_t_fmt='#define JK_UINT64_T_FMT "lu"'
uint64_t_hex_fmt='#define JK_UINT64_T_HEX_FMT "lx"'

## ----------- ##
## confdefs.h. ##
## ----------- ##

/* confdefs.h */
#define PACKAGE_NAME "mod_jk"
#define PACKAGE_TARNAME "mod_jk"
#define PACKAGE_VERSION "1.2.43"
#define PACKAGE_STRING "mod_jk 1.2.43"
#define PACKAGE_BUGREPORT ""
#define PACKAGE_URL ""
#define PACKAGE "mod_jk"
#define VERSION "1.2.43"
#define STDC_HEADERS 1
#define HAVE_SYS_TYPES_H 1
#define HAVE_SYS_STAT_H 1
#define HAVE_STDLIB_H 1
#define HAVE_STRING_H 1
#define HAVE_MEMORY_H 1
#define HAVE_STRINGS_H 1
#define HAVE_INTTYPES_H 1
#define HAVE_STDINT_H 1
#define HAVE_UNISTD_H 1
#define HAVE_DLFCN_H 1
#define LT_OBJDIR ".libs/"
#define SIZEOF_CHAR 1
#define SIZEOF_INT 4
#define SIZEOF_LONG 8
#define SIZEOF_SHORT 2
#define SIZEOF_LONG_DOUBLE 16
#define SIZEOF_LONG_LONG 8
#define SIZEOF_LONGLONG 0
#define SIZEOF_PID_T 4
#define SIZEOF_PTHREAD_T 8
#define HAVE_SNPRINTF 1
#define HAVE_VSNPRINTF 1
#define HAVE_FLOCK 1
#define USE_SO_RCVTIMEO 1
#define USE_SO_SNDTIMEO 1
#define USE_SOCK_CLOEXEC 1
#define HAVE_POLL_H 1
#define HAVE_POLL 1
#define HAVE_NETINET_IN_H 1
#define HAVE_NETDB_H 1
#define HAVE_AF_INET6 1
#define HAVE_SOCKADDR_STORAGE 1
#define HAVE_GETADDRINFO 1
#define HAVE_GETHOSTBYNAME_R 1
#define HAVE_ATOMIC_BUILTINS 1

configure: exit 0
